#! /c/iverilog/bin/vvp
:ivl_version "12.0 (devel)" "(s20150603-965-g55e06db6)";
:ivl_delay_selection "TYPICAL";
:vpi_time_precision - 12;
:vpi_module "C:\iverilog\lib\ivl\system.vpi";
:vpi_module "C:\iverilog\lib\ivl\vhdl_sys.vpi";
:vpi_module "C:\iverilog\lib\ivl\vhdl_textio.vpi";
:vpi_module "C:\iverilog\lib\ivl\v2005_math.vpi";
:vpi_module "C:\iverilog\lib\ivl\va_math.vpi";
S_0000000001205900 .scope module, "mips_tb" "mips_tb" 2 2;
 .timescale -9 -12;
v0000000001263360_0 .net "alu_result", 31 0, v0000000001260e20_0;  1 drivers
v00000000012634a0_0 .var "clk", 0 0;
v0000000001263220_0 .net "pc_out", 31 0, L_0000000001265460;  1 drivers
v00000000012632c0_0 .var "rst_n", 0 0;
E_00000000011f7d00 .event negedge, v000000000125f520_0;
S_00000000011e8670 .scope module, "uut" "mips" 2 8, 3 2 0, S_0000000001205900;
 .timescale -9 -12;
    .port_info 0 /INPUT 1 "clk";
    .port_info 1 /INPUT 1 "rst_n";
    .port_info 2 /OUTPUT 32 "pc_out";
    .port_info 3 /OUTPUT 32 "alu_result";
v0000000001262ed0_0 .net "alu_ctrl", 2 0, v00000000011f9c20_0;  1 drivers
v0000000001262f70_0 .net "alu_result", 31 0, v0000000001260e20_0;  alias, 1 drivers
v00000000012618f0_0 .net "alu_src", 0 0, L_00000000012646c0;  1 drivers
v00000000012630b0_0 .net "branch", 0 0, L_00000000012650c0;  1 drivers
v0000000001261210_0 .net "clk", 0 0, v00000000012634a0_0;  1 drivers
v0000000001261490_0 .net "instr", 31 0, L_0000000001265770;  1 drivers
v0000000001261530_0 .net "mem_to_reg", 0 0, L_0000000001263c20;  1 drivers
v0000000001261990_0 .net "mem_write", 0 0, L_0000000001263a40;  1 drivers
v00000000012615d0_0 .net "pc_out", 31 0, L_0000000001265460;  alias, 1 drivers
v0000000001261a30_0 .net "reg_dst", 0 0, L_0000000001263ea0;  1 drivers
v0000000001264b20_0 .net "reg_write", 0 0, L_0000000001263ae0;  1 drivers
v00000000012635e0_0 .net "rst_n", 0 0, v00000000012632c0_0;  1 drivers
L_0000000001263540 .part L_0000000001265770, 26, 6;
L_0000000001264c60 .part L_0000000001265770, 0, 6;
S_00000000011e8800 .scope module, "u_control" "control_unit" 3 18, 4 2 0, S_00000000011e8670;
 .timescale -9 -12;
    .port_info 0 /INPUT 6 "opcode";
    .port_info 1 /INPUT 6 "funct";
    .port_info 2 /OUTPUT 1 "mem_to_reg";
    .port_info 3 /OUTPUT 1 "mem_write";
    .port_info 4 /OUTPUT 1 "branch";
    .port_info 5 /OUTPUT 1 "alu_src";
    .port_info 6 /OUTPUT 1 "reg_dst";
    .port_info 7 /OUTPUT 1 "reg_write";
    .port_info 8 /OUTPUT 3 "alu_ctrl";
v00000000011f9a40_0 .net "alu_ctrl", 2 0, v00000000011f9c20_0;  alias, 1 drivers
v00000000011f9ae0_0 .net "alu_op", 1 0, L_0000000001263400;  1 drivers
v00000000011f9d60_0 .net "alu_src", 0 0, L_00000000012646c0;  alias, 1 drivers
v00000000011f9fe0_0 .net "branch", 0 0, L_00000000012650c0;  alias, 1 drivers
v00000000011fa080_0 .net "funct", 5 0, L_0000000001264c60;  1 drivers
v00000000011fa120_0 .net "mem_to_reg", 0 0, L_0000000001263c20;  alias, 1 drivers
v00000000011fa1c0_0 .net "mem_write", 0 0, L_0000000001263a40;  alias, 1 drivers
v00000000011fa260_0 .net "opcode", 5 0, L_0000000001263540;  1 drivers
v000000000125f480_0 .net "reg_dst", 0 0, L_0000000001263ea0;  alias, 1 drivers
v000000000125f200_0 .net "reg_write", 0 0, L_0000000001263ae0;  alias, 1 drivers
S_00000000011e8990 .scope module, "u_alu_dec" "alu_decoder" 4 27, 5 2 0, S_00000000011e8800;
 .timescale -9 -12;
    .port_info 0 /INPUT 2 "alu_op";
    .port_info 1 /INPUT 6 "funct";
    .port_info 2 /OUTPUT 3 "alu_ctrl";
v00000000011f9c20_0 .var "alu_ctrl", 2 0;
v00000000011faa80_0 .net "alu_op", 1 0, L_0000000001263400;  alias, 1 drivers
v00000000011f97c0_0 .net "funct", 5 0, L_0000000001264c60;  alias, 1 drivers
E_00000000011f7840 .event edge, v00000000011faa80_0, v00000000011f97c0_0;
S_000000000117e400 .scope module, "u_main_dec" "main_decoder" 4 16, 6 2 0, S_00000000011e8800;
 .timescale -9 -12;
    .port_info 0 /INPUT 6 "opcode";
    .port_info 1 /OUTPUT 1 "mem_to_reg";
    .port_info 2 /OUTPUT 1 "mem_write";
    .port_info 3 /OUTPUT 1 "branch";
    .port_info 4 /OUTPUT 1 "alu_src";
    .port_info 5 /OUTPUT 1 "reg_dst";
    .port_info 6 /OUTPUT 1 "reg_write";
    .port_info 7 /OUTPUT 2 "alu_op";
v00000000011f9220_0 .net *"_ivl_9", 7 0, v00000000011fa4e0_0;  1 drivers
v00000000011fae40_0 .net "alu_op", 1 0, L_0000000001263400;  alias, 1 drivers
v00000000011fa440_0 .net "alu_src", 0 0, L_00000000012646c0;  alias, 1 drivers
v00000000011f9360_0 .net "branch", 0 0, L_00000000012650c0;  alias, 1 drivers
v00000000011fa4e0_0 .var "controls", 7 0;
v00000000011f9900_0 .net "mem_to_reg", 0 0, L_0000000001263c20;  alias, 1 drivers
v00000000011f92c0_0 .net "mem_write", 0 0, L_0000000001263a40;  alias, 1 drivers
v00000000011faee0_0 .net "opcode", 5 0, L_0000000001263540;  alias, 1 drivers
v00000000011f9040_0 .net "reg_dst", 0 0, L_0000000001263ea0;  alias, 1 drivers
v00000000011f99a0_0 .net "reg_write", 0 0, L_0000000001263ae0;  alias, 1 drivers
E_00000000011f7dc0 .event edge, v00000000011faee0_0;
L_0000000001263ae0 .part v00000000011fa4e0_0, 7, 1;
L_0000000001263ea0 .part v00000000011fa4e0_0, 6, 1;
L_00000000012646c0 .part v00000000011fa4e0_0, 5, 1;
L_00000000012650c0 .part v00000000011fa4e0_0, 4, 1;
L_0000000001263a40 .part v00000000011fa4e0_0, 3, 1;
L_0000000001263c20 .part v00000000011fa4e0_0, 2, 1;
L_0000000001263400 .part v00000000011fa4e0_0, 0, 2;
S_000000000117e590 .scope module, "u_datapath" "datapath" 3 30, 7 3 0, S_00000000011e8670;
 .timescale -9 -12;
    .port_info 0 /INPUT 1 "clk";
    .port_info 1 /INPUT 1 "rst_n";
    .port_info 2 /INPUT 1 "reg_write_en";
    .port_info 3 /INPUT 1 "reg_dst";
    .port_info 4 /INPUT 1 "alu_src";
    .port_info 5 /INPUT 3 "alu_ctrl";
    .port_info 6 /INPUT 1 "mem_write_en";
    .port_info 7 /INPUT 1 "mem_to_reg";
    .port_info 8 /INPUT 1 "branch";
    .port_info 9 /OUTPUT 32 "pc_out";
    .port_info 10 /OUTPUT 32 "alu_result";
    .port_info 11 /OUTPUT 32 "instr_out";
L_0000000001265770 .functor BUFZ 32, L_0000000001265310, C4<00000000000000000000000000000000>, C4<00000000000000000000000000000000>, C4<00000000000000000000000000000000>;
L_0000000001265b60 .functor AND 1, L_00000000012650c0, L_0000000001264080, C4<1>, C4<1>;
L_0000000001265460 .functor BUFZ 32, L_0000000001265930, C4<00000000000000000000000000000000>, C4<00000000000000000000000000000000>, C4<00000000000000000000000000000000>;
L_00000000015c00d0 .functor BUFT 1, C4<00>, C4<0>, C4<0>, C4<0>;
v00000000012627f0_0 .net *"_ivl_10", 1 0, L_00000000015c00d0;  1 drivers
v0000000001262a70_0 .net *"_ivl_19", 4 0, L_0000000001263d60;  1 drivers
L_00000000015c0088 .functor BUFT 1, C4<00000000000000000000000000000100>, C4<0>, C4<0>, C4<0>;
v00000000012622f0_0 .net/2u *"_ivl_2", 31 0, L_00000000015c0088;  1 drivers
v0000000001262890_0 .net *"_ivl_21", 4 0, L_0000000001263b80;  1 drivers
v0000000001262b10_0 .net *"_ivl_29", 0 0, L_0000000001263900;  1 drivers
v0000000001261df0_0 .net *"_ivl_30", 15 0, L_00000000012643a0;  1 drivers
v0000000001262390_0 .net *"_ivl_33", 15 0, L_0000000001264760;  1 drivers
v0000000001261850_0 .net *"_ivl_6", 31 0, L_0000000001263f40;  1 drivers
v0000000001262070_0 .net *"_ivl_8", 29 0, L_0000000001264f80;  1 drivers
v0000000001261710_0 .net "alu_ctrl", 2 0, v00000000011f9c20_0;  alias, 1 drivers
v0000000001262570_0 .net "alu_result", 31 0, v0000000001260e20_0;  alias, 1 drivers
v0000000001261cb0_0 .net "alu_src", 0 0, L_00000000012646c0;  alias, 1 drivers
v0000000001261ad0_0 .net "branch", 0 0, L_00000000012650c0;  alias, 1 drivers
v0000000001261c10_0 .net "branch_target", 31 0, L_0000000001264940;  1 drivers
v0000000001262930_0 .net "clk", 0 0, v00000000012634a0_0;  alias, 1 drivers
v0000000001261e90_0 .net "instr", 31 0, L_0000000001265310;  1 drivers
v0000000001262e30_0 .net "instr_out", 31 0, L_0000000001265770;  alias, 1 drivers
v0000000001262bb0_0 .net "mem_to_reg", 0 0, L_0000000001263c20;  alias, 1 drivers
v0000000001262110_0 .net "mem_write_en", 0 0, L_0000000001263a40;  alias, 1 drivers
v0000000001262610_0 .net "pc", 31 0, L_0000000001265930;  1 drivers
v0000000001261f30_0 .net "pc_out", 31 0, L_0000000001265460;  alias, 1 drivers
v00000000012629d0_0 .net "pc_plus4", 31 0, L_0000000001264da0;  1 drivers
v00000000012612b0_0 .net "pc_src", 0 0, L_0000000001265b60;  1 drivers
v0000000001261fd0_0 .net "rd1", 31 0, L_00000000012637c0;  1 drivers
v0000000001262430_0 .net "rd2", 31 0, L_0000000001265020;  1 drivers
v00000000012624d0_0 .net "read_data", 31 0, L_0000000001265620;  1 drivers
v00000000012626b0_0 .net "reg_dst", 0 0, L_0000000001263ea0;  alias, 1 drivers
v0000000001262c50_0 .net "reg_write_en", 0 0, L_0000000001263ae0;  alias, 1 drivers
v0000000001261350_0 .net "result", 31 0, L_0000000001264120;  1 drivers
v0000000001263010_0 .net "rst_n", 0 0, v00000000012632c0_0;  alias, 1 drivers
v0000000001262cf0_0 .net "sign_imm", 31 0, L_0000000001263fe0;  1 drivers
v0000000001262d90_0 .net "src_b", 31 0, L_0000000001264440;  1 drivers
v0000000001261b70_0 .net "write_reg", 4 0, L_0000000001263720;  1 drivers
v00000000012613f0_0 .net "zero_flag", 0 0, L_0000000001264080;  1 drivers
L_0000000001264da0 .arith/sum 32, L_0000000001265930, L_00000000015c0088;
L_0000000001264f80 .part L_0000000001263fe0, 0, 30;
L_0000000001263f40 .concat [ 2 30 0 0], L_00000000015c00d0, L_0000000001264f80;
L_0000000001264940 .arith/sum 32, L_0000000001264da0, L_0000000001263f40;
L_0000000001263d60 .part L_0000000001265310, 11, 5;
L_0000000001263b80 .part L_0000000001265310, 16, 5;
L_0000000001263720 .functor MUXZ 5, L_0000000001263b80, L_0000000001263d60, L_0000000001263ea0, C4<>;
L_0000000001263e00 .part L_0000000001265310, 21, 5;
L_0000000001263860 .part L_0000000001265310, 16, 5;
L_0000000001263900 .part L_0000000001265310, 15, 1;
LS_00000000012643a0_0_0 .concat [ 1 1 1 1], L_0000000001263900, L_0000000001263900, L_0000000001263900, L_0000000001263900;
LS_00000000012643a0_0_4 .concat [ 1 1 1 1], L_0000000001263900, L_0000000001263900, L_0000000001263900, L_0000000001263900;
LS_00000000012643a0_0_8 .concat [ 1 1 1 1], L_0000000001263900, L_0000000001263900, L_0000000001263900, L_0000000001263900;
LS_00000000012643a0_0_12 .concat [ 1 1 1 1], L_0000000001263900, L_0000000001263900, L_0000000001263900, L_0000000001263900;
L_00000000012643a0 .concat [ 4 4 4 4], LS_00000000012643a0_0_0, LS_00000000012643a0_0_4, LS_00000000012643a0_0_8, LS_00000000012643a0_0_12;
L_0000000001264760 .part L_0000000001265310, 0, 16;
L_0000000001263fe0 .concat [ 16 16 0 0], L_0000000001264760, L_00000000012643a0;
L_0000000001264440 .functor MUXZ 32, L_0000000001265020, L_0000000001263fe0, L_00000000012646c0, C4<>;
L_0000000001264120 .functor MUXZ 32, v0000000001260e20_0, L_0000000001265620, L_0000000001263c20, C4<>;
S_00000000011ceed0 .scope module, "u_alu" "alu" 7 75, 8 2 0, S_000000000117e590;
 .timescale -9 -12;
    .port_info 0 /INPUT 32 "src_a";
    .port_info 1 /INPUT 32 "src_b";
    .port_info 2 /INPUT 3 "alu_ctrl";
    .port_info 3 /OUTPUT 32 "result";
    .port_info 4 /OUTPUT 1 "zero";
L_00000000015c0310 .functor BUFT 1, C4<00000000000000000000000000000000>, C4<0>, C4<0>, C4<0>;
v000000000125f2a0_0 .net/2u *"_ivl_0", 31 0, L_00000000015c0310;  1 drivers
v000000000125fa20_0 .net "alu_ctrl", 2 0, v00000000011f9c20_0;  alias, 1 drivers
v0000000001260e20_0 .var "result", 31 0;
v00000000012610a0_0 .net "src_a", 31 0, L_00000000012637c0;  alias, 1 drivers
v000000000125fb60_0 .net "src_b", 31 0, L_0000000001264440;  alias, 1 drivers
v000000000125f840_0 .net "zero", 0 0, L_0000000001264080;  alias, 1 drivers
E_00000000011f7e00 .event edge, v00000000011f9c20_0, v00000000012610a0_0, v000000000125fb60_0;
L_0000000001264080 .cmp/eq 32, v0000000001260e20_0, L_00000000015c0310;
S_00000000011cf060 .scope module, "u_data_mem" "data_memory" 7 84, 9 2 0, S_000000000117e590;
 .timescale -9 -12;
    .port_info 0 /INPUT 1 "clk";
    .port_info 1 /INPUT 1 "mem_write_en";
    .port_info 2 /INPUT 32 "addr";
    .port_info 3 /INPUT 32 "write_data";
    .port_info 4 /OUTPUT 32 "read_data";
P_0000000001192e00 .param/l "DEPTH" 0 9 4, +C4<00000000000000000000000100000000>;
P_0000000001192e38 .param/l "WIDTH" 0 9 3, +C4<00000000000000000000000000100000>;
L_0000000001265620 .functor BUFZ 32, L_0000000001264a80, C4<00000000000000000000000000000000>, C4<00000000000000000000000000000000>, C4<00000000000000000000000000000000>;
v0000000001260a60_0 .net *"_ivl_0", 31 0, L_0000000001264a80;  1 drivers
v0000000001260ce0_0 .net *"_ivl_3", 29 0, L_00000000012639a0;  1 drivers
v000000000125f660_0 .net "addr", 31 0, v0000000001260e20_0;  alias, 1 drivers
v000000000125f520_0 .net "clk", 0 0, v00000000012634a0_0;  alias, 1 drivers
v0000000001260f60_0 .net "mem_write_en", 0 0, L_0000000001263a40;  alias, 1 drivers
v000000000125fc00 .array "ram", 255 0, 31 0;
v0000000001260d80_0 .net "read_data", 31 0, L_0000000001265620;  alias, 1 drivers
v000000000125f340_0 .net "write_data", 31 0, L_0000000001265020;  alias, 1 drivers
E_00000000011f7740 .event posedge, v000000000125f520_0;
L_0000000001264a80 .array/port v000000000125fc00, L_00000000012639a0;
L_00000000012639a0 .part v0000000001260e20_0, 2, 30;
S_00000000011cf1f0 .scope module, "u_if_stage" "if_stage" 7 43, 10 2 0, S_000000000117e590;
 .timescale -9 -12;
    .port_info 0 /INPUT 1 "clk";
    .port_info 1 /INPUT 1 "rst_n";
    .port_info 2 /INPUT 1 "pc_src";
    .port_info 3 /INPUT 32 "branch_target";
    .port_info 4 /OUTPUT 32 "instr";
    .port_info 5 /OUTPUT 32 "current_pc";
L_0000000001265930 .functor BUFZ 32, v0000000001260b00_0, C4<00000000000000000000000000000000>, C4<00000000000000000000000000000000>, C4<00000000000000000000000000000000>;
L_00000000015c0118 .functor BUFT 1, C4<00000000000000000000000000000100>, C4<0>, C4<0>, C4<0>;
v00000000012604c0_0 .net/2u *"_ivl_0", 31 0, L_00000000015c0118;  1 drivers
v0000000001260920_0 .net "branch_target", 31 0, L_0000000001264940;  alias, 1 drivers
v000000000125f3e0_0 .net "clk", 0 0, v00000000012634a0_0;  alias, 1 drivers
v0000000001261000_0 .net "current_pc", 31 0, L_0000000001265930;  alias, 1 drivers
v0000000001260ba0_0 .net "instr", 31 0, L_0000000001265310;  alias, 1 drivers
v000000000125fca0_0 .net "pc", 31 0, v0000000001260b00_0;  1 drivers
v000000000125f700_0 .net "pc_next", 31 0, L_0000000001264300;  1 drivers
v0000000001260420_0 .net "pc_plus4", 31 0, L_0000000001264e40;  1 drivers
v000000000125f7a0_0 .net "pc_src", 0 0, L_0000000001265b60;  alias, 1 drivers
v000000000125fac0_0 .net "rst_n", 0 0, v00000000012632c0_0;  alias, 1 drivers
L_0000000001264e40 .arith/sum 32, v0000000001260b00_0, L_00000000015c0118;
L_0000000001264300 .functor MUXZ 32, L_0000000001264e40, L_0000000001264940, L_0000000001265b60, C4<>;
S_00000000011e75f0 .scope module, "u_imem" "instruction_memory" 10 24, 11 2 0, S_00000000011cf1f0;
 .timescale -9 -12;
    .port_info 0 /INPUT 32 "addr";
    .port_info 1 /OUTPUT 32 "rd";
P_00000000011932a0 .param/l "DEPTH" 0 11 4, +C4<00000000000000000000000100000000>;
P_00000000011932d8 .param/l "WIDTH" 0 11 3, +C4<00000000000000000000000000100000>;
L_0000000001265310 .functor BUFZ 32, L_0000000001263680, C4<00000000000000000000000000000000>, C4<00000000000000000000000000000000>, C4<00000000000000000000000000000000>;
v0000000001260880_0 .net *"_ivl_0", 31 0, L_0000000001263680;  1 drivers
v000000000125f980_0 .net *"_ivl_3", 29 0, L_0000000001264d00;  1 drivers
v000000000125f5c0_0 .net "addr", 31 0, v0000000001260b00_0;  alias, 1 drivers
v000000000125f8e0 .array "ram", 255 0, 31 0;
v000000000125fde0_0 .net "rd", 31 0, L_0000000001265310;  alias, 1 drivers
L_0000000001263680 .array/port v000000000125f8e0, L_0000000001264d00;
L_0000000001264d00 .part v0000000001260b00_0, 2, 30;
S_00000000011e7780 .scope module, "u_pc" "pc" 10 14, 12 2 0, S_00000000011cf1f0;
 .timescale -9 -12;
    .port_info 0 /INPUT 1 "clk";
    .port_info 1 /INPUT 1 "rst_n";
    .port_info 2 /INPUT 32 "pc_next";
    .port_info 3 /OUTPUT 32 "pc";
v0000000001260c40_0 .net "clk", 0 0, v00000000012634a0_0;  alias, 1 drivers
v0000000001260b00_0 .var "pc", 31 0;
v000000000125ff20_0 .net "pc_next", 31 0, L_0000000001264300;  alias, 1 drivers
v0000000001260ec0_0 .net "rst_n", 0 0, v00000000012632c0_0;  alias, 1 drivers
E_00000000011f7e80/0 .event negedge, v0000000001260ec0_0;
E_00000000011f7e80/1 .event posedge, v000000000125f520_0;
E_00000000011f7e80 .event/or E_00000000011f7e80/0, E_00000000011f7e80/1;
S_00000000011e7910 .scope module, "u_reg_file" "reg_file" 7 57, 13 2 0, S_000000000117e590;
 .timescale -9 -12;
    .port_info 0 /INPUT 1 "clk";
    .port_info 1 /INPUT 1 "we3";
    .port_info 2 /INPUT 5 "wa3";
    .port_info 3 /INPUT 32 "wd3";
    .port_info 4 /INPUT 5 "ra1";
    .port_info 5 /INPUT 5 "ra2";
    .port_info 6 /OUTPUT 32 "rd1";
    .port_info 7 /OUTPUT 32 "rd2";
L_00000000015c0160 .functor BUFT 1, C4<00000>, C4<0>, C4<0>, C4<0>;
v000000000125fe80_0 .net/2u *"_ivl_0", 4 0, L_00000000015c0160;  1 drivers
L_00000000015c01f0 .functor BUFT 1, C4<00>, C4<0>, C4<0>, C4<0>;
v000000000125fd40_0 .net *"_ivl_11", 1 0, L_00000000015c01f0;  1 drivers
L_00000000015c0238 .functor BUFT 1, C4<00000>, C4<0>, C4<0>, C4<0>;
v000000000125ffc0_0 .net/2u *"_ivl_14", 4 0, L_00000000015c0238;  1 drivers
v0000000001260060_0 .net *"_ivl_16", 0 0, L_0000000001263cc0;  1 drivers
L_00000000015c0280 .functor BUFT 1, C4<00000000000000000000000000000000>, C4<0>, C4<0>, C4<0>;
v00000000012601a0_0 .net/2u *"_ivl_18", 31 0, L_00000000015c0280;  1 drivers
v0000000001260240_0 .net *"_ivl_2", 0 0, L_0000000001264ee0;  1 drivers
v0000000001260100_0 .net *"_ivl_20", 31 0, L_00000000012649e0;  1 drivers
v00000000012602e0_0 .net *"_ivl_22", 6 0, L_0000000001264260;  1 drivers
L_00000000015c02c8 .functor BUFT 1, C4<00>, C4<0>, C4<0>, C4<0>;
v0000000001260380_0 .net *"_ivl_25", 1 0, L_00000000015c02c8;  1 drivers
L_00000000015c01a8 .functor BUFT 1, C4<00000000000000000000000000000000>, C4<0>, C4<0>, C4<0>;
v0000000001260560_0 .net/2u *"_ivl_4", 31 0, L_00000000015c01a8;  1 drivers
v0000000001260600_0 .net *"_ivl_6", 31 0, L_00000000012641c0;  1 drivers
v00000000012606a0_0 .net *"_ivl_8", 6 0, L_00000000012648a0;  1 drivers
v0000000001260740_0 .net "clk", 0 0, v00000000012634a0_0;  alias, 1 drivers
v00000000012607e0_0 .net "ra1", 4 0, L_0000000001263e00;  1 drivers
v00000000012609c0_0 .net "ra2", 4 0, L_0000000001263860;  1 drivers
v0000000001261d50_0 .net "rd1", 31 0, L_00000000012637c0;  alias, 1 drivers
v0000000001261670_0 .net "rd2", 31 0, L_0000000001265020;  alias, 1 drivers
v0000000001262750 .array "rf", 0 31, 31 0;
v0000000001262250_0 .net "wa3", 4 0, L_0000000001263720;  alias, 1 drivers
v00000000012621b0_0 .net "wd3", 31 0, L_0000000001264120;  alias, 1 drivers
v00000000012617b0_0 .net "we3", 0 0, L_0000000001263ae0;  alias, 1 drivers
L_0000000001264ee0 .cmp/eq 5, L_0000000001263e00, L_00000000015c0160;
L_00000000012641c0 .array/port v0000000001262750, L_00000000012648a0;
L_00000000012648a0 .concat [ 5 2 0 0], L_0000000001263e00, L_00000000015c01f0;
L_00000000012637c0 .functor MUXZ 32, L_00000000012641c0, L_00000000015c01a8, L_0000000001264ee0, C4<>;
L_0000000001263cc0 .cmp/eq 5, L_0000000001263860, L_00000000015c0238;
L_00000000012649e0 .array/port v0000000001262750, L_0000000001264260;
L_0000000001264260 .concat [ 5 2 0 0], L_0000000001263860, L_00000000015c02c8;
L_0000000001265020 .functor MUXZ 32, L_00000000012649e0, L_00000000015c0280, L_0000000001263cc0, C4<>;
    .scope S_000000000117e400;
T_0 ;
    %wait E_00000000011f7dc0;
    %load/vec4 v00000000011faee0_0;
    %dup/vec4;
    %pushi/vec4 0, 0, 6;
    %cmp/u;
    %jmp/1 T_0.0, 6;
    %dup/vec4;
    %pushi/vec4 35, 0, 6;
    %cmp/u;
    %jmp/1 T_0.1, 6;
    %dup/vec4;
    %pushi/vec4 43, 0, 6;
    %cmp/u;
    %jmp/1 T_0.2, 6;
    %dup/vec4;
    %pushi/vec4 4, 0, 6;
    %cmp/u;
    %jmp/1 T_0.3, 6;
    %dup/vec4;
    %pushi/vec4 8, 0, 6;
    %cmp/u;
    %jmp/1 T_0.4, 6;
    %dup/vec4;
    %pushi/vec4 13, 0, 6;
    %cmp/u;
    %jmp/1 T_0.5, 6;
    %pushi/vec4 0, 0, 8;
    %store/vec4 v00000000011fa4e0_0, 0, 8;
    %jmp T_0.7;
T_0.0 ;
    %pushi/vec4 194, 0, 8;
    %store/vec4 v00000000011fa4e0_0, 0, 8;
    %jmp T_0.7;
T_0.1 ;
    %pushi/vec4 164, 0, 8;
    %store/vec4 v00000000011fa4e0_0, 0, 8;
    %jmp T_0.7;
T_0.2 ;
    %pushi/vec4 40, 0, 8;
    %store/vec4 v00000000011fa4e0_0, 0, 8;
    %jmp T_0.7;
T_0.3 ;
    %pushi/vec4 17, 0, 8;
    %store/vec4 v00000000011fa4e0_0, 0, 8;
    %jmp T_0.7;
T_0.4 ;
    %pushi/vec4 160, 0, 8;
    %store/vec4 v00000000011fa4e0_0, 0, 8;
    %jmp T_0.7;
T_0.5 ;
    %pushi/vec4 163, 0, 8;
    %store/vec4 v00000000011fa4e0_0, 0, 8;
    %jmp T_0.7;
T_0.7 ;
    %pop/vec4 1;
    %jmp T_0;
    .thread T_0, $push;
    .scope S_00000000011e8990;
T_1 ;
    %wait E_00000000011f7840;
    %load/vec4 v00000000011faa80_0;
    %dup/vec4;
    %pushi/vec4 0, 0, 2;
    %cmp/u;
    %jmp/1 T_1.0, 6;
    %dup/vec4;
    %pushi/vec4 1, 0, 2;
    %cmp/u;
    %jmp/1 T_1.1, 6;
    %dup/vec4;
    %pushi/vec4 3, 0, 2;
    %cmp/u;
    %jmp/1 T_1.2, 6;
    %dup/vec4;
    %pushi/vec4 2, 0, 2;
    %cmp/u;
    %jmp/1 T_1.3, 6;
    %pushi/vec4 0, 0, 3;
    %store/vec4 v00000000011f9c20_0, 0, 3;
    %jmp T_1.5;
T_1.0 ;
    %pushi/vec4 2, 0, 3;
    %store/vec4 v00000000011f9c20_0, 0, 3;
    %jmp T_1.5;
T_1.1 ;
    %pushi/vec4 6, 0, 3;
    %store/vec4 v00000000011f9c20_0, 0, 3;
    %jmp T_1.5;
T_1.2 ;
    %pushi/vec4 1, 0, 3;
    %store/vec4 v00000000011f9c20_0, 0, 3;
    %jmp T_1.5;
T_1.3 ;
    %load/vec4 v00000000011f97c0_0;
    %dup/vec4;
    %pushi/vec4 32, 0, 6;
    %cmp/u;
    %jmp/1 T_1.6, 6;
    %dup/vec4;
    %pushi/vec4 34, 0, 6;
    %cmp/u;
    %jmp/1 T_1.7, 6;
    %dup/vec4;
    %pushi/vec4 36, 0, 6;
    %cmp/u;
    %jmp/1 T_1.8, 6;
    %dup/vec4;
    %pushi/vec4 37, 0, 6;
    %cmp/u;
    %jmp/1 T_1.9, 6;
    %dup/vec4;
    %pushi/vec4 42, 0, 6;
    %cmp/u;
    %jmp/1 T_1.10, 6;
    %pushi/vec4 2, 0, 3;
    %store/vec4 v00000000011f9c20_0, 0, 3;
    %jmp T_1.12;
T_1.6 ;
    %pushi/vec4 2, 0, 3;
    %store/vec4 v00000000011f9c20_0, 0, 3;
    %jmp T_1.12;
T_1.7 ;
    %pushi/vec4 6, 0, 3;
    %store/vec4 v00000000011f9c20_0, 0, 3;
    %jmp T_1.12;
T_1.8 ;
    %pushi/vec4 0, 0, 3;
    %store/vec4 v00000000011f9c20_0, 0, 3;
    %jmp T_1.12;
T_1.9 ;
    %pushi/vec4 1, 0, 3;
    %store/vec4 v00000000011f9c20_0, 0, 3;
    %jmp T_1.12;
T_1.10 ;
    %pushi/vec4 7, 0, 3;
    %store/vec4 v00000000011f9c20_0, 0, 3;
    %jmp T_1.12;
T_1.12 ;
    %pop/vec4 1;
    %jmp T_1.5;
T_1.5 ;
    %pop/vec4 1;
    %jmp T_1;
    .thread T_1, $push;
    .scope S_00000000011e7780;
T_2 ;
    %wait E_00000000011f7e80;
    %load/vec4 v0000000001260ec0_0;
    %nor/r;
    %flag_set/vec4 8;
    %jmp/0xz  T_2.0, 8;
    %pushi/vec4 0, 0, 32;
    %assign/vec4 v0000000001260b00_0, 0;
    %jmp T_2.1;
T_2.0 ;
    %load/vec4 v000000000125ff20_0;
    %assign/vec4 v0000000001260b00_0, 0;
T_2.1 ;
    %jmp T_2;
    .thread T_2;
    .scope S_00000000011e75f0;
T_3 ;
    %vpi_call 11 12 "$readmemh", "memfile.dat", v000000000125f8e0 {0 0 0};
    %end;
    .thread T_3;
    .scope S_00000000011e7910;
T_4 ;
    %wait E_00000000011f7740;
    %load/vec4 v00000000012617b0_0;
    %load/vec4 v0000000001262250_0;
    %pushi/vec4 0, 0, 5;
    %cmp/ne;
    %flag_get/vec4 4;
    %and;
    %flag_set/vec4 8;
    %jmp/0xz  T_4.0, 8;
    %load/vec4 v00000000012621b0_0;
    %load/vec4 v0000000001262250_0;
    %pad/u 7;
    %ix/vec4 3;
    %ix/load 4, 0, 0; Constant delay
    %assign/vec4/a/d v0000000001262750, 0, 4;
T_4.0 ;
    %jmp T_4;
    .thread T_4;
    .scope S_00000000011ceed0;
T_5 ;
    %wait E_00000000011f7e00;
    %load/vec4 v000000000125fa20_0;
    %dup/vec4;
    %pushi/vec4 0, 0, 3;
    %cmp/u;
    %jmp/1 T_5.0, 6;
    %dup/vec4;
    %pushi/vec4 1, 0, 3;
    %cmp/u;
    %jmp/1 T_5.1, 6;
    %dup/vec4;
    %pushi/vec4 2, 0, 3;
    %cmp/u;
    %jmp/1 T_5.2, 6;
    %dup/vec4;
    %pushi/vec4 6, 0, 3;
    %cmp/u;
    %jmp/1 T_5.3, 6;
    %dup/vec4;
    %pushi/vec4 7, 0, 3;
    %cmp/u;
    %jmp/1 T_5.4, 6;
    %pushi/vec4 0, 0, 32;
    %store/vec4 v0000000001260e20_0, 0, 32;
    %jmp T_5.6;
T_5.0 ;
    %load/vec4 v00000000012610a0_0;
    %load/vec4 v000000000125fb60_0;
    %and;
    %store/vec4 v0000000001260e20_0, 0, 32;
    %jmp T_5.6;
T_5.1 ;
    %load/vec4 v00000000012610a0_0;
    %load/vec4 v000000000125fb60_0;
    %or;
    %store/vec4 v0000000001260e20_0, 0, 32;
    %jmp T_5.6;
T_5.2 ;
    %load/vec4 v00000000012610a0_0;
    %load/vec4 v000000000125fb60_0;
    %add;
    %store/vec4 v0000000001260e20_0, 0, 32;
    %jmp T_5.6;
T_5.3 ;
    %load/vec4 v00000000012610a0_0;
    %load/vec4 v000000000125fb60_0;
    %sub;
    %store/vec4 v0000000001260e20_0, 0, 32;
    %jmp T_5.6;
T_5.4 ;
    %load/vec4 v00000000012610a0_0;
    %load/vec4 v000000000125fb60_0;
    %cmp/s;
    %flag_mov 8, 5;
    %jmp/0 T_5.7, 8;
    %pushi/vec4 1, 0, 32;
    %jmp/1 T_5.8, 8;
T_5.7 ; End of true expr.
    %pushi/vec4 0, 0, 32;
    %jmp/0 T_5.8, 8;
 ; End of false expr.
    %blend;
T_5.8;
    %store/vec4 v0000000001260e20_0, 0, 32;
    %jmp T_5.6;
T_5.6 ;
    %pop/vec4 1;
    %jmp T_5;
    .thread T_5, $push;
    .scope S_00000000011cf060;
T_6 ;
    %wait E_00000000011f7740;
    %load/vec4 v0000000001260f60_0;
    %flag_set/vec4 8;
    %jmp/0xz  T_6.0, 8;
    %load/vec4 v000000000125f340_0;
    %load/vec4 v000000000125f660_0;
    %parti/s 30, 2, 3;
    %ix/vec4 3;
    %ix/load 4, 0, 0; Constant delay
    %assign/vec4/a/d v000000000125fc00, 0, 4;
T_6.0 ;
    %jmp T_6;
    .thread T_6;
    .scope S_0000000001205900;
T_7 ;
    %pushi/vec4 0, 0, 1;
    %store/vec4 v00000000012634a0_0, 0, 1;
T_7.0 ;
    %delay 5000, 0;
    %load/vec4 v00000000012634a0_0;
    %inv;
    %store/vec4 v00000000012634a0_0, 0, 1;
    %jmp T_7.0;
    %end;
    .thread T_7;
    .scope S_0000000001205900;
T_8 ;
    %vpi_call 2 21 "$dumpfile", "mips.vcd" {0 0 0};
    %vpi_call 2 22 "$dumpvars", 32'sb00000000000000000000000000000000, S_0000000001205900 {0 0 0};
    %end;
    .thread T_8;
    .scope S_0000000001205900;
T_9 ;
    %pushi/vec4 0, 0, 1;
    %store/vec4 v00000000012632c0_0, 0, 1;
    %delay 10000, 0;
    %pushi/vec4 1, 0, 1;
    %store/vec4 v00000000012632c0_0, 0, 1;
    %vpi_call 2 30 "$display", "===========================================" {0 0 0};
    %vpi_call 2 31 "$display", "   MIPS Single Cycle Simulation Start    " {0 0 0};
    %vpi_call 2 32 "$display", "===========================================" {0 0 0};
    %pushi/vec4 15, 0, 32;
T_9.0 %dup/vec4;
    %pushi/vec4 0, 0, 32;
    %cmp/s;
    %jmp/1xz T_9.1, 5;
    %jmp/1 T_9.1, 4;
    %pushi/vec4 1, 0, 32;
    %sub;
    %wait E_00000000011f7d00;
    %delay 1000, 0;
    %vpi_call 2 37 "$display", "PC: 0x%h | ALU Result: %d", v0000000001263220_0, v0000000001263360_0 {0 0 0};
    %jmp T_9.0;
T_9.1 ;
    %pop/vec4 1;
    %vpi_call 2 40 "$display", "===========================================" {0 0 0};
    %vpi_call 2 41 "$display", "   Simulation Complete                   " {0 0 0};
    %vpi_call 2 42 "$display", "===========================================" {0 0 0};
    %vpi_call 2 43 "$finish" {0 0 0};
    %end;
    .thread T_9;
# The file index is used to find the file name in the following table.
:file_names 14;
    "N/A";
    "<interactive>";
    "mips_tb.v";
    "mips.v";
    "control_unit.v";
    "alu_decoder.v";
    "main_decoder.v";
    "datapath.v";
    "alu.v";
    "data_memory.v";
    "if_stage.v";
    "instruction_memory.v";
    "pc.v";
    "reg_file.v";
