#! /c/iverilog/bin/vvp
:ivl_version "12.0 (devel)" "(s20150603-965-g55e06db6)";
:ivl_delay_selection "TYPICAL";
:vpi_time_precision - 12;
:vpi_module "C:\iverilog\lib\ivl\system.vpi";
:vpi_module "C:\iverilog\lib\ivl\vhdl_sys.vpi";
:vpi_module "C:\iverilog\lib\ivl\vhdl_textio.vpi";
:vpi_module "C:\iverilog\lib\ivl\v2005_math.vpi";
:vpi_module "C:\iverilog\lib\ivl\va_math.vpi";
S_0000000000f3db80 .scope module, "mips_tb" "mips_tb" 2 6;
 .timescale -9 -12;
L_0000000000f3def0 .functor BUFZ 8, v0000000000f3b680_0, C4<00000000>, C4<00000000>, C4<00000000>;
L_0000000000f3e820 .functor BUFZ 1, v0000000000ee28f0_0, C4<0>, C4<0>, C4<0>;
L_0000000000f3e2e0 .functor BUFZ 1, v00000000014e1880_0, C4<0>, C4<0>, C4<0>;
L_0000000000f3e9e0 .functor BUFZ 32, v00000000014df910_0, C4<00000000000000000000000000000000>, C4<00000000000000000000000000000000>, C4<00000000000000000000000000000000>;
L_0000000000f3e660 .functor BUFZ 32, v00000000014e0d40_0, C4<00000000000000000000000000000000>, C4<00000000000000000000000000000000>, C4<00000000000000000000000000000000>;
L_0000000000f3ed60 .functor BUFZ 32, v00000000014dc1e0_0, C4<00000000000000000000000000000000>, C4<00000000000000000000000000000000>, C4<00000000000000000000000000000000>;
v00000000014e85a0_0 .net "alu_result", 31 0, L_000000000154ac10;  1 drivers
v00000000014e7a60_0 .var "clk", 0 0;
v00000000014e7b00_0 .var "last_logged_duty", 7 0;
v00000000014e8640_0 .var "last_logged_enable", 0 0;
v00000000014e7f60_0 .net "mem_addr", 31 0, L_0000000000f3e9e0;  1 drivers
v00000000014e8000_0 .net "mem_write", 0 0, L_0000000000f3e2e0;  1 drivers
v00000000014e80a0_0 .net "pc_out", 31 0, L_0000000000f3ea50;  1 drivers
v00000000014e8e60_0 .net "pwm_duty", 7 0, L_0000000000f3def0;  1 drivers
v00000000014e8140_0 .net "pwm_enable", 0 0, L_0000000000f3e820;  1 drivers
v00000000014e8280_0 .net "pwm_out", 0 0, v0000000000f3afa0_0;  1 drivers
v00000000014e8780_0 .net "read_data", 31 0, L_0000000000f3ed60;  1 drivers
v00000000014e8320_0 .var "rst_n", 0 0;
v00000000014e8960_0 .var "switches", 7 0;
v00000000014e8f00_0 .net "write_data", 31 0, L_0000000000f3e660;  1 drivers
S_0000000000f43c40 .scope module, "uut" "mips" 2 26, 3 8 0, S_0000000000f3db80;
 .timescale -9 -12;
    .port_info 0 /INPUT 1 "clk";
    .port_info 1 /INPUT 1 "rst_n";
    .port_info 2 /INPUT 8 "switches";
    .port_info 3 /OUTPUT 1 "pwm_out";
    .port_info 4 /OUTPUT 32 "pc_out";
    .port_info 5 /OUTPUT 32 "alu_result";
v00000000014e36b0_0 .net "alu_ctrl_D", 2 0, v0000000000f39b00_0;  1 drivers
v00000000014e28f0_0 .net "alu_result", 31 0, L_000000000154ac10;  alias, 1 drivers
v00000000014e2cb0_0 .net "alu_src_D", 0 0, L_00000000014e83c0;  1 drivers
v00000000014e2490_0 .net "branch_D", 0 0, L_00000000014e8460;  1 drivers
v00000000014e2b70_0 .net "clk", 0 0, v00000000014e7a60_0;  1 drivers
v00000000014e2350_0 .net "flush_E", 0 0, L_0000000000f3e430;  1 drivers
v00000000014e2df0_0 .net "forward_a_D", 1 0, v00000000014e3750_0;  1 drivers
v00000000014e3250_0 .net "forward_a_E", 1 0, v00000000014e2710_0;  1 drivers
v00000000014e23f0_0 .net "forward_b_D", 1 0, v00000000014e3070_0;  1 drivers
v00000000014e32f0_0 .net "forward_b_E", 1 0, v00000000014e3390_0;  1 drivers
v00000000014e3930_0 .net "instr_D", 31 0, v00000000014de650_0;  1 drivers
v00000000014e76a0_0 .net "jump_D", 0 0, L_00000000014e8dc0;  1 drivers
v00000000014e7ce0_0 .net "mem_to_reg_D", 0 0, L_00000000014e8c80;  1 drivers
v00000000014e7740_0 .net "mem_to_reg_E", 0 0, v00000000014de830_0;  1 drivers
v00000000014e7920_0 .net "mem_to_reg_M", 0 0, v00000000014dfff0_0;  1 drivers
v00000000014e7e20_0 .net "mem_write_D", 0 0, L_00000000014e8500;  1 drivers
v00000000014e8820_0 .net "pc_out", 31 0, L_0000000000f3ea50;  alias, 1 drivers
v00000000014e81e0_0 .net "pwm_out", 0 0, v0000000000f3afa0_0;  alias, 1 drivers
v00000000014e8a00_0 .net "reg_dst_D", 0 0, L_00000000014e8aa0;  1 drivers
v00000000014e7ba0_0 .net "reg_write_D", 0 0, L_00000000014e8b40;  1 drivers
v00000000014e79c0_0 .net "reg_write_E", 0 0, v00000000014e1600_0;  1 drivers
v00000000014e7d80_0 .net "reg_write_M", 0 0, L_0000000000f0aab0;  1 drivers
v00000000014e8be0_0 .net "reg_write_W", 0 0, L_000000000154a200;  1 drivers
v00000000014e88c0_0 .net "rs_D", 4 0, L_00000000014ea3e0;  1 drivers
v00000000014e72e0_0 .net "rs_E", 4 0, L_0000000000f3e900;  1 drivers
v00000000014e7600_0 .net "rst_n", 0 0, v00000000014e8320_0;  1 drivers
v00000000014e77e0_0 .net "rt_D", 4 0, L_00000000014ea480;  1 drivers
v00000000014e8d20_0 .net "rt_E", 4 0, v00000000014e1920_0;  1 drivers
v00000000014e86e0_0 .net "stall_D", 0 0, L_0000000000f3e3c0;  1 drivers
v00000000014e7420_0 .net "stall_F", 0 0, L_0000000000f3e0b0;  1 drivers
v00000000014e7c40_0 .net "switches", 7 0, v00000000014e8960_0;  1 drivers
v00000000014e7880_0 .net "write_reg_E", 4 0, L_0000000000f3e190;  1 drivers
v00000000014e7ec0_0 .net "write_reg_M", 4 0, v00000000014e2c10_0;  1 drivers
v00000000014e71a0_0 .net "write_reg_W", 4 0, L_0000000000f3e200;  1 drivers
L_00000000014e7240 .part v00000000014de650_0, 26, 6;
L_00000000014e7380 .part v00000000014de650_0, 0, 6;
S_0000000000ef9770 .scope module, "u_control" "control_unit" 3 30, 4 10 0, S_0000000000f43c40;
 .timescale -9 -12;
    .port_info 0 /INPUT 6 "opcode";
    .port_info 1 /INPUT 6 "funct";
    .port_info 2 /OUTPUT 1 "mem_to_reg";
    .port_info 3 /OUTPUT 1 "mem_write";
    .port_info 4 /OUTPUT 1 "branch";
    .port_info 5 /OUTPUT 1 "alu_src";
    .port_info 6 /OUTPUT 1 "reg_dst";
    .port_info 7 /OUTPUT 1 "reg_write";
    .port_info 8 /OUTPUT 1 "jump";
    .port_info 9 /OUTPUT 3 "alu_ctrl";
v0000000000f39f60_0 .net "alu_ctrl", 2 0, v0000000000f39b00_0;  alias, 1 drivers
v0000000000f3a000_0 .net "alu_op", 1 0, L_00000000014e8fa0;  1 drivers
v0000000000f3a0a0_0 .net "alu_src", 0 0, L_00000000014e83c0;  alias, 1 drivers
v0000000000f3a640_0 .net "branch", 0 0, L_00000000014e8460;  alias, 1 drivers
v0000000000f3b540_0 .net "funct", 5 0, L_00000000014e7380;  1 drivers
v0000000000f3a960_0 .net "jump", 0 0, L_00000000014e8dc0;  alias, 1 drivers
v0000000000f3af00_0 .net "mem_to_reg", 0 0, L_00000000014e8c80;  alias, 1 drivers
v0000000000f3b7c0_0 .net "mem_write", 0 0, L_00000000014e8500;  alias, 1 drivers
v0000000000f3a140_0 .net "opcode", 5 0, L_00000000014e7240;  1 drivers
v0000000000f3b040_0 .net "reg_dst", 0 0, L_00000000014e8aa0;  alias, 1 drivers
v0000000000f3a320_0 .net "reg_write", 0 0, L_00000000014e8b40;  alias, 1 drivers
S_0000000000ef9900 .scope module, "u_alu_dec" "alu_decoder" 4 36, 5 10 0, S_0000000000ef9770;
 .timescale -9 -12;
    .port_info 0 /INPUT 2 "alu_op";
    .port_info 1 /INPUT 6 "funct";
    .port_info 2 /OUTPUT 3 "alu_ctrl";
v0000000000f39b00_0 .var "alu_ctrl", 2 0;
v0000000000f39ba0_0 .net "alu_op", 1 0, L_00000000014e8fa0;  alias, 1 drivers
v0000000000f3a1e0_0 .net "funct", 5 0, L_00000000014e7380;  alias, 1 drivers
E_0000000000f22e50 .event edge, v0000000000f39ba0_0, v0000000000f3a1e0_0;
S_0000000000ef9a90 .scope module, "u_main_dec" "main_decoder" 4 24, 6 17 0, S_0000000000ef9770;
 .timescale -9 -12;
    .port_info 0 /INPUT 6 "opcode";
    .port_info 1 /OUTPUT 1 "mem_to_reg";
    .port_info 2 /OUTPUT 1 "mem_write";
    .port_info 3 /OUTPUT 1 "branch";
    .port_info 4 /OUTPUT 1 "alu_src";
    .port_info 5 /OUTPUT 1 "reg_dst";
    .port_info 6 /OUTPUT 1 "reg_write";
    .port_info 7 /OUTPUT 1 "jump";
    .port_info 8 /OUTPUT 2 "alu_op";
v0000000000f39ce0_0 .net *"_ivl_10", 8 0, L_00000000014e9040;  1 drivers
v0000000000f3b4a0_0 .net "alu_op", 1 0, L_00000000014e8fa0;  alias, 1 drivers
v0000000000f39d80_0 .net "alu_src", 0 0, L_00000000014e83c0;  alias, 1 drivers
v0000000000f39e20_0 .net "branch", 0 0, L_00000000014e8460;  alias, 1 drivers
v0000000000f39ec0_0 .var "controls", 9 0;
v0000000000f3abe0_0 .net "jump", 0 0, L_00000000014e8dc0;  alias, 1 drivers
v0000000000f3ad20_0 .net "mem_to_reg", 0 0, L_00000000014e8c80;  alias, 1 drivers
v0000000000f3adc0_0 .net "mem_write", 0 0, L_00000000014e8500;  alias, 1 drivers
v0000000000f3ae60_0 .net "opcode", 5 0, L_00000000014e7240;  alias, 1 drivers
v0000000000f3b860_0 .net "reg_dst", 0 0, L_00000000014e8aa0;  alias, 1 drivers
v0000000000f3aaa0_0 .net "reg_write", 0 0, L_00000000014e8b40;  alias, 1 drivers
E_0000000000f22910 .event edge, v0000000000f3ae60_0;
L_00000000014e8b40 .part L_00000000014e9040, 8, 1;
L_00000000014e8aa0 .part L_00000000014e9040, 7, 1;
L_00000000014e83c0 .part L_00000000014e9040, 6, 1;
L_00000000014e8460 .part L_00000000014e9040, 5, 1;
L_00000000014e8500 .part L_00000000014e9040, 4, 1;
L_00000000014e8c80 .part L_00000000014e9040, 3, 1;
L_00000000014e8dc0 .part L_00000000014e9040, 2, 1;
L_00000000014e8fa0 .part L_00000000014e9040, 0, 2;
L_00000000014e9040 .part v0000000000f39ec0_0, 0, 9;
S_0000000000e9fc80 .scope module, "u_datapath" "datapath" 3 55, 7 8 0, S_0000000000f43c40;
 .timescale -9 -12;
    .port_info 0 /INPUT 1 "clk";
    .port_info 1 /INPUT 1 "rst_n";
    .port_info 2 /INPUT 1 "reg_write_D";
    .port_info 3 /INPUT 1 "mem_to_reg_D";
    .port_info 4 /INPUT 1 "mem_write_D";
    .port_info 5 /INPUT 3 "alu_ctrl_D";
    .port_info 6 /INPUT 1 "alu_src_D";
    .port_info 7 /INPUT 1 "reg_dst_D";
    .port_info 8 /INPUT 1 "branch_D";
    .port_info 9 /INPUT 1 "jump_D";
    .port_info 10 /INPUT 1 "stall_F";
    .port_info 11 /INPUT 1 "stall_D";
    .port_info 12 /INPUT 1 "flush_E";
    .port_info 13 /INPUT 2 "forward_a_E";
    .port_info 14 /INPUT 2 "forward_b_E";
    .port_info 15 /INPUT 2 "forward_a_D";
    .port_info 16 /INPUT 2 "forward_b_D";
    .port_info 17 /OUTPUT 5 "rs_D";
    .port_info 18 /OUTPUT 5 "rt_D";
    .port_info 19 /OUTPUT 5 "rs_E";
    .port_info 20 /OUTPUT 5 "rt_E";
    .port_info 21 /OUTPUT 5 "write_reg_E";
    .port_info 22 /OUTPUT 1 "reg_write_E";
    .port_info 23 /OUTPUT 5 "write_reg_M";
    .port_info 24 /OUTPUT 5 "write_reg_W";
    .port_info 25 /OUTPUT 1 "reg_write_M";
    .port_info 26 /OUTPUT 1 "reg_write_W";
    .port_info 27 /OUTPUT 1 "mem_to_reg_E";
    .port_info 28 /OUTPUT 1 "mem_to_reg_M";
    .port_info 29 /INPUT 8 "switches";
    .port_info 30 /OUTPUT 1 "pwm_out";
    .port_info 31 /OUTPUT 32 "instr_D";
    .port_info 32 /OUTPUT 32 "pc_out";
    .port_info 33 /OUTPUT 32 "alu_result_out";
L_0000000000f3edd0 .functor NOT 1, L_0000000000f3e0b0, C4<0>, C4<0>, C4<0>;
L_0000000000f3ea50 .functor BUFZ 32, v00000000014dc5a0_0, C4<00000000000000000000000000000000>, C4<00000000000000000000000000000000>, C4<00000000000000000000000000000000>;
L_0000000000f3e4a0 .functor NOT 1, v00000000014e7a60_0, C4<0>, C4<0>, C4<0>;
L_0000000000f3e510 .functor NOT 1, L_00000000014eade0, C4<0>, C4<0>, C4<0>;
L_0000000000f3e120 .functor AND 1, L_00000000014e8460, L_00000000014eac00, C4<1>, C4<1>;
L_0000000000f3e900 .functor BUFZ 5, v00000000014e1e20_0, C4<00000>, C4<00000>, C4<00000>;
L_0000000000f3e190 .functor BUFZ 5, L_00000000014e9580, C4<00000>, C4<00000>, C4<00000>;
L_0000000000f3eba0 .functor BUFZ 32, v00000000014df910_0, C4<00000000000000000000000000000000>, C4<00000000000000000000000000000000>, C4<00000000000000000000000000000000>;
L_0000000000f0aab0 .functor BUFZ 1, v00000000014e1b00_0, C4<0>, C4<0>, C4<0>;
L_0000000000f3e200 .functor BUFZ 5, v00000000014e3a70_0, C4<00000>, C4<00000>, C4<00000>;
L_000000000154a200 .functor BUFZ 1, v00000000014e0980_0, C4<0>, C4<0>, C4<0>;
L_000000000154a580 .functor BUFZ 1, v00000000014e0980_0, C4<0>, C4<0>, C4<0>;
L_000000000154a7b0 .functor BUFZ 5, v00000000014e3a70_0, C4<00000>, C4<00000>, C4<00000>;
L_000000000154ac10 .functor BUFZ 32, L_00000000014eb060, C4<00000000000000000000000000000000>, C4<00000000000000000000000000000000>, C4<00000000000000000000000000000000>;
L_00000000014ed1c0 .functor BUFT 1, C4<00>, C4<0>, C4<0>, C4<0>;
v00000000014dc3c0_0 .net/2u *"_ivl_10", 1 0, L_00000000014ed1c0;  1 drivers
v00000000014dc460_0 .net *"_ivl_100", 0 0, L_00000000014e91c0;  1 drivers
v00000000014dc640_0 .net *"_ivl_102", 31 0, L_00000000014ead40;  1 drivers
L_00000000014ed5f8 .functor BUFT 1, C4<10>, C4<0>, C4<0>, C4<0>;
v00000000014dcfa0_0 .net/2u *"_ivl_106", 1 0, L_00000000014ed5f8;  1 drivers
v00000000014dd900_0 .net *"_ivl_108", 0 0, L_00000000014e9300;  1 drivers
L_00000000014ed640 .functor BUFT 1, C4<01>, C4<0>, C4<0>, C4<0>;
v00000000014dd9a0_0 .net/2u *"_ivl_110", 1 0, L_00000000014ed640;  1 drivers
v00000000014dcd20_0 .net *"_ivl_112", 0 0, L_00000000014e9440;  1 drivers
v00000000014ddfe0_0 .net *"_ivl_114", 31 0, L_00000000014e9c60;  1 drivers
v00000000014ddc20_0 .net *"_ivl_12", 31 0, L_00000000014ea520;  1 drivers
v00000000014dca00_0 .net *"_ivl_14", 31 0, L_00000000014e9800;  1 drivers
L_00000000014ed178 .functor BUFT 1, C4<00000000000000000000000000000100>, C4<0>, C4<0>, C4<0>;
v00000000014dce60_0 .net/2u *"_ivl_2", 31 0, L_00000000014ed178;  1 drivers
v00000000014dda40_0 .net *"_ivl_29", 0 0, L_00000000014eb4c0;  1 drivers
v00000000014ddae0_0 .net *"_ivl_30", 15 0, L_00000000014eaac0;  1 drivers
v00000000014ddb80_0 .net *"_ivl_33", 15 0, L_00000000014e9a80;  1 drivers
L_00000000014ed3b8 .functor BUFT 1, C4<10>, C4<0>, C4<0>, C4<0>;
v00000000014de330_0 .net/2u *"_ivl_40", 1 0, L_00000000014ed3b8;  1 drivers
v00000000014debf0_0 .net *"_ivl_42", 0 0, L_00000000014e9e40;  1 drivers
L_00000000014ed400 .functor BUFT 1, C4<01>, C4<0>, C4<0>, C4<0>;
v00000000014de150_0 .net/2u *"_ivl_44", 1 0, L_00000000014ed400;  1 drivers
v00000000014de8d0_0 .net *"_ivl_46", 0 0, L_00000000014e9940;  1 drivers
v00000000014df2d0_0 .net *"_ivl_48", 31 0, L_00000000014e9b20;  1 drivers
L_00000000014ed448 .functor BUFT 1, C4<10>, C4<0>, C4<0>, C4<0>;
v00000000014df870_0 .net/2u *"_ivl_52", 1 0, L_00000000014ed448;  1 drivers
v00000000014de970_0 .net *"_ivl_54", 0 0, L_00000000014e9bc0;  1 drivers
L_00000000014ed490 .functor BUFT 1, C4<01>, C4<0>, C4<0>, C4<0>;
v00000000014dfcd0_0 .net/2u *"_ivl_56", 1 0, L_00000000014ed490;  1 drivers
v00000000014df5f0_0 .net *"_ivl_58", 0 0, L_00000000014ea660;  1 drivers
v00000000014ded30_0 .net *"_ivl_60", 31 0, L_00000000014ea700;  1 drivers
v00000000014def10_0 .net *"_ivl_64", 31 0, L_00000000014eb880;  1 drivers
v00000000014df4b0_0 .net *"_ivl_66", 29 0, L_00000000014eb7e0;  1 drivers
L_00000000014ed4d8 .functor BUFT 1, C4<00>, C4<0>, C4<0>, C4<0>;
v00000000014de6f0_0 .net *"_ivl_68", 1 0, L_00000000014ed4d8;  1 drivers
v00000000014df9b0_0 .net *"_ivl_7", 3 0, L_00000000014eae80;  1 drivers
v00000000014de3d0_0 .net *"_ivl_75", 5 0, L_00000000014e9f80;  1 drivers
L_00000000014ed520 .functor BUFT 1, C4<000101>, C4<0>, C4<0>, C4<0>;
v00000000014df370_0 .net/2u *"_ivl_76", 5 0, L_00000000014ed520;  1 drivers
v00000000014dfd70_0 .net *"_ivl_80", 0 0, L_0000000000f3e510;  1 drivers
v00000000014deb50_0 .net *"_ivl_82", 0 0, L_00000000014eac00;  1 drivers
v00000000014de290_0 .net *"_ivl_9", 25 0, L_00000000014eb240;  1 drivers
L_00000000014ed568 .functor BUFT 1, C4<10>, C4<0>, C4<0>, C4<0>;
v00000000014df0f0_0 .net/2u *"_ivl_94", 1 0, L_00000000014ed568;  1 drivers
v00000000014dea10_0 .net *"_ivl_96", 0 0, L_00000000014ea200;  1 drivers
L_00000000014ed5b0 .functor BUFT 1, C4<01>, C4<0>, C4<0>, C4<0>;
v00000000014dff50_0 .net/2u *"_ivl_98", 1 0, L_00000000014ed5b0;  1 drivers
v00000000014df410_0 .net "alu_ctrl_D", 2 0, v0000000000f39b00_0;  alias, 1 drivers
v00000000014df690_0 .var "alu_ctrl_E", 2 0;
v00000000014df550_0 .net "alu_result_E", 31 0, v0000000000f3a5a0_0;  1 drivers
v00000000014df910_0 .var "alu_result_M_reg", 31 0;
v00000000014dec90_0 .net "alu_result_M_wire", 31 0, L_0000000000f3eba0;  1 drivers
v00000000014dedd0_0 .var "alu_result_W", 31 0;
v00000000014dee70_0 .net "alu_result_out", 31 0, L_000000000154ac10;  alias, 1 drivers
v00000000014dfe10_0 .net "alu_src_D", 0 0, L_00000000014e83c0;  alias, 1 drivers
v00000000014defb0_0 .var "alu_src_E", 0 0;
v00000000014de470_0 .net "bne_D", 0 0, L_00000000014ea8e0;  1 drivers
v00000000014df050_0 .net "branch_D", 0 0, L_00000000014e8460;  alias, 1 drivers
v00000000014df230_0 .net "clk", 0 0, v00000000014e7a60_0;  alias, 1 drivers
v00000000014df190_0 .net "equal_D", 0 0, L_00000000014eade0;  1 drivers
v00000000014df730_0 .net "flush_E", 0 0, L_0000000000f3e430;  alias, 1 drivers
v00000000014dfeb0_0 .net "forward_a_D", 1 0, v00000000014e3750_0;  alias, 1 drivers
v00000000014df7d0_0 .net "forward_a_E", 1 0, v00000000014e2710_0;  alias, 1 drivers
v00000000014dfa50_0 .net "forward_b_D", 1 0, v00000000014e3070_0;  alias, 1 drivers
v00000000014dfaf0_0 .net "forward_b_E", 1 0, v00000000014e3390_0;  alias, 1 drivers
v00000000014de510_0 .net "instr_D", 31 0, v00000000014de650_0;  alias, 1 drivers
v00000000014de650_0 .var "instr_D_reg", 31 0;
v00000000014dfb90_0 .net "instr_F", 31 0, L_0000000000f3e040;  1 drivers
v00000000014de790_0 .net "jump_D", 0 0, L_00000000014e8dc0;  alias, 1 drivers
v00000000014deab0_0 .net "mem_to_reg_D", 0 0, L_00000000014e8c80;  alias, 1 drivers
v00000000014de1f0_0 .net "mem_to_reg_E", 0 0, v00000000014de830_0;  alias, 1 drivers
v00000000014de830_0 .var "mem_to_reg_E_reg", 0 0;
v00000000014dfc30_0 .net "mem_to_reg_M", 0 0, v00000000014dfff0_0;  alias, 1 drivers
v00000000014dfff0_0 .var "mem_to_reg_M_reg", 0 0;
v00000000014de5b0_0 .var "mem_to_reg_W", 0 0;
v00000000014e12e0_0 .net "mem_write_D", 0 0, L_00000000014e8500;  alias, 1 drivers
v00000000014e14c0_0 .var "mem_write_E", 0 0;
v00000000014e1880_0 .var "mem_write_M", 0 0;
v00000000014e11a0_0 .net "pc_F", 31 0, v00000000014dc5a0_0;  1 drivers
v00000000014e0840_0 .net "pc_branch_D", 31 0, L_00000000014eb920;  1 drivers
v00000000014e1240_0 .net "pc_next_F", 31 0, L_00000000014e93a0;  1 drivers
v00000000014e0660_0 .net "pc_out", 31 0, L_0000000000f3ea50;  alias, 1 drivers
v00000000014e0700_0 .var "pc_plus4_D", 31 0;
v00000000014e0f20_0 .net "pc_plus4_F", 31 0, L_00000000014e98a0;  1 drivers
v00000000014e1560_0 .net "pc_src_D", 0 0, L_0000000000f3e120;  1 drivers
v00000000014e0ac0_0 .net "pwm_out", 0 0, v0000000000f3afa0_0;  alias, 1 drivers
v00000000014e0fc0_0 .net "rd1_D", 31 0, L_00000000014e96c0;  1 drivers
v00000000014e07a0_0 .var "rd1_E", 31 0;
v00000000014e1380_0 .net "rd2_D", 31 0, L_00000000014ea160;  1 drivers
v00000000014e1060_0 .var "rd2_E", 31 0;
v00000000014e1ba0_0 .var "rd_E", 4 0;
v00000000014e05c0_0 .net "read_data_M", 31 0, v00000000014dc1e0_0;  1 drivers
v00000000014e1100_0 .var "read_data_W", 31 0;
v00000000014e1f60_0 .net "reg_dst_D", 0 0, L_00000000014e8aa0;  alias, 1 drivers
v00000000014e1420_0 .var "reg_dst_E", 0 0;
v00000000014e08e0_0 .net "reg_write_D", 0 0, L_00000000014e8b40;  alias, 1 drivers
v00000000014e19c0_0 .net "reg_write_E", 0 0, v00000000014e1600_0;  alias, 1 drivers
v00000000014e1600_0 .var "reg_write_E_reg", 0 0;
v00000000014e16a0_0 .net "reg_write_M", 0 0, L_0000000000f0aab0;  alias, 1 drivers
v00000000014e1b00_0 .var "reg_write_M_reg", 0 0;
v00000000014e1c40_0 .net "reg_write_W", 0 0, L_000000000154a200;  alias, 1 drivers
v00000000014e0980_0 .var "reg_write_W_reg", 0 0;
v00000000014e1740_0 .net "reg_write_W_wire", 0 0, L_000000000154a580;  1 drivers
v00000000014e1ce0_0 .net "result_W", 31 0, L_00000000014eb060;  1 drivers
v00000000014e1d80_0 .net "rs_D", 4 0, L_00000000014ea3e0;  alias, 1 drivers
v00000000014e0160_0 .net "rs_E", 4 0, L_0000000000f3e900;  alias, 1 drivers
v00000000014e1e20_0 .var "rs_E_reg", 4 0;
v00000000014e17e0_0 .net "rst_n", 0 0, v00000000014e8320_0;  alias, 1 drivers
v00000000014e0200_0 .net "rt_D", 4 0, L_00000000014ea480;  alias, 1 drivers
v00000000014e1ec0_0 .net "rt_E", 4 0, v00000000014e1920_0;  alias, 1 drivers
v00000000014e1920_0 .var "rt_E_reg", 4 0;
v00000000014e2000_0 .net "sign_imm_D", 31 0, L_00000000014ea7a0;  1 drivers
v00000000014e0a20_0 .var "sign_imm_E", 31 0;
v00000000014e1a60_0 .net "src_a_D", 31 0, L_00000000014ea840;  1 drivers
v00000000014e02a0_0 .net "src_a_E_final", 31 0, L_00000000014e9da0;  1 drivers
v00000000014e0b60_0 .net "src_b_D", 31 0, L_00000000014eb740;  1 drivers
v00000000014e0c00_0 .net "src_b_E_final", 31 0, L_00000000014e94e0;  1 drivers
v00000000014e0340_0 .net "src_b_E_temp", 31 0, L_00000000014ea980;  1 drivers
v00000000014e03e0_0 .net "stall_D", 0 0, L_0000000000f3e3c0;  alias, 1 drivers
v00000000014e0480_0 .net "stall_F", 0 0, L_0000000000f3e0b0;  alias, 1 drivers
v00000000014e0ca0_0 .net "switches", 7 0, v00000000014e8960_0;  alias, 1 drivers
v00000000014e0d40_0 .var "write_data_M", 31 0;
v00000000014e0520_0 .net "write_reg_E", 4 0, L_0000000000f3e190;  alias, 1 drivers
v00000000014e0de0_0 .net "write_reg_E_wire", 4 0, L_00000000014e9580;  1 drivers
v00000000014e0e80_0 .net "write_reg_M", 4 0, v00000000014e2c10_0;  alias, 1 drivers
v00000000014e2c10_0 .var "write_reg_M_reg", 4 0;
v00000000014e2f30_0 .net "write_reg_W", 4 0, L_0000000000f3e200;  alias, 1 drivers
v00000000014e3a70_0 .var "write_reg_W_reg", 4 0;
v00000000014e3610_0 .net "write_reg_W_wire", 4 0, L_000000000154a7b0;  1 drivers
v00000000014e3890_0 .net "zero_E", 0 0, L_00000000014eaca0;  1 drivers
L_00000000014e98a0 .arith/sum 32, v00000000014dc5a0_0, L_00000000014ed178;
L_00000000014eae80 .part v00000000014e0700_0, 28, 4;
L_00000000014eb240 .part v00000000014de650_0, 0, 26;
L_00000000014ea520 .concat [ 2 26 4 0], L_00000000014ed1c0, L_00000000014eb240, L_00000000014eae80;
L_00000000014e9800 .functor MUXZ 32, L_00000000014e98a0, L_00000000014ea520, L_00000000014e8dc0, C4<>;
L_00000000014e93a0 .functor MUXZ 32, L_00000000014e9800, L_00000000014eb920, L_0000000000f3e120, C4<>;
L_00000000014eb600 .part v00000000014de650_0, 21, 5;
L_00000000014ea340 .part v00000000014de650_0, 16, 5;
L_00000000014eb4c0 .part v00000000014de650_0, 15, 1;
LS_00000000014eaac0_0_0 .concat [ 1 1 1 1], L_00000000014eb4c0, L_00000000014eb4c0, L_00000000014eb4c0, L_00000000014eb4c0;
LS_00000000014eaac0_0_4 .concat [ 1 1 1 1], L_00000000014eb4c0, L_00000000014eb4c0, L_00000000014eb4c0, L_00000000014eb4c0;
LS_00000000014eaac0_0_8 .concat [ 1 1 1 1], L_00000000014eb4c0, L_00000000014eb4c0, L_00000000014eb4c0, L_00000000014eb4c0;
LS_00000000014eaac0_0_12 .concat [ 1 1 1 1], L_00000000014eb4c0, L_00000000014eb4c0, L_00000000014eb4c0, L_00000000014eb4c0;
L_00000000014eaac0 .concat [ 4 4 4 4], LS_00000000014eaac0_0_0, LS_00000000014eaac0_0_4, LS_00000000014eaac0_0_8, LS_00000000014eaac0_0_12;
L_00000000014e9a80 .part v00000000014de650_0, 0, 16;
L_00000000014ea7a0 .concat [ 16 16 0 0], L_00000000014e9a80, L_00000000014eaac0;
L_00000000014ea3e0 .part v00000000014de650_0, 21, 5;
L_00000000014ea480 .part v00000000014de650_0, 16, 5;
L_00000000014e9e40 .cmp/eq 2, v00000000014e3750_0, L_00000000014ed3b8;
L_00000000014e9940 .cmp/eq 2, v00000000014e3750_0, L_00000000014ed400;
L_00000000014e9b20 .functor MUXZ 32, L_00000000014e96c0, L_00000000014eb060, L_00000000014e9940, C4<>;
L_00000000014ea840 .functor MUXZ 32, L_00000000014e9b20, L_0000000000f3eba0, L_00000000014e9e40, C4<>;
L_00000000014e9bc0 .cmp/eq 2, v00000000014e3070_0, L_00000000014ed448;
L_00000000014ea660 .cmp/eq 2, v00000000014e3070_0, L_00000000014ed490;
L_00000000014ea700 .functor MUXZ 32, L_00000000014ea160, L_00000000014eb060, L_00000000014ea660, C4<>;
L_00000000014eb740 .functor MUXZ 32, L_00000000014ea700, L_0000000000f3eba0, L_00000000014e9bc0, C4<>;
L_00000000014eb7e0 .part L_00000000014ea7a0, 0, 30;
L_00000000014eb880 .concat [ 2 30 0 0], L_00000000014ed4d8, L_00000000014eb7e0;
L_00000000014eb920 .arith/sum 32, v00000000014e0700_0, L_00000000014eb880;
L_00000000014eade0 .cmp/eq 32, L_00000000014ea840, L_00000000014eb740;
L_00000000014e9f80 .part v00000000014de650_0, 26, 6;
L_00000000014ea8e0 .cmp/eq 6, L_00000000014e9f80, L_00000000014ed520;
L_00000000014eac00 .functor MUXZ 1, L_00000000014eade0, L_0000000000f3e510, L_00000000014ea8e0, C4<>;
L_00000000014ea200 .cmp/eq 2, v00000000014e2710_0, L_00000000014ed568;
L_00000000014e91c0 .cmp/eq 2, v00000000014e2710_0, L_00000000014ed5b0;
L_00000000014ead40 .functor MUXZ 32, v00000000014e07a0_0, L_00000000014eb060, L_00000000014e91c0, C4<>;
L_00000000014e9da0 .functor MUXZ 32, L_00000000014ead40, L_0000000000f3eba0, L_00000000014ea200, C4<>;
L_00000000014e9300 .cmp/eq 2, v00000000014e3390_0, L_00000000014ed5f8;
L_00000000014e9440 .cmp/eq 2, v00000000014e3390_0, L_00000000014ed640;
L_00000000014e9c60 .functor MUXZ 32, v00000000014e1060_0, L_00000000014eb060, L_00000000014e9440, C4<>;
L_00000000014ea980 .functor MUXZ 32, L_00000000014e9c60, L_0000000000f3eba0, L_00000000014e9300, C4<>;
L_00000000014e94e0 .functor MUXZ 32, L_00000000014ea980, v00000000014e0a20_0, v00000000014defb0_0, C4<>;
L_00000000014e9580 .functor MUXZ 5, v00000000014e1920_0, v00000000014e1ba0_0, v00000000014e1420_0, C4<>;
L_00000000014eb060 .functor MUXZ 32, v00000000014dedd0_0, v00000000014e1100_0, v00000000014de5b0_0, C4<>;
S_0000000000eb9b70 .scope module, "u_alu" "alu" 7 121, 8 2 0, S_0000000000e9fc80;
 .timescale -9 -12;
    .port_info 0 /INPUT 32 "src_a";
    .port_info 1 /INPUT 32 "src_b";
    .port_info 2 /INPUT 3 "alu_ctrl";
    .port_info 3 /OUTPUT 32 "result";
    .port_info 4 /OUTPUT 1 "zero";
L_00000000014ed688 .functor BUFT 1, C4<00000000000000000000000000000000>, C4<0>, C4<0>, C4<0>;
v0000000000f3b5e0_0 .net/2u *"_ivl_0", 31 0, L_00000000014ed688;  1 drivers
v0000000000f3a3c0_0 .net "alu_ctrl", 2 0, v00000000014df690_0;  1 drivers
v0000000000f3a5a0_0 .var "result", 31 0;
v0000000000f3ab40_0 .net "src_a", 31 0, L_00000000014e9da0;  alias, 1 drivers
v0000000000f3b900_0 .net "src_b", 31 0, L_00000000014e94e0;  alias, 1 drivers
v0000000000f3a780_0 .net "zero", 0 0, L_00000000014eaca0;  alias, 1 drivers
E_0000000000f22a90 .event edge, v0000000000f3a3c0_0, v0000000000f3ab40_0, v0000000000f3b900_0;
L_00000000014eaca0 .cmp/eq 32, v0000000000f3a5a0_0, L_00000000014ed688;
S_0000000000eb9d00 .scope module, "u_data_mem" "data_memory" 7 145, 9 12 0, S_0000000000e9fc80;
 .timescale -9 -12;
    .port_info 0 /INPUT 1 "clk";
    .port_info 1 /INPUT 1 "rst_n";
    .port_info 2 /INPUT 1 "mem_write_en";
    .port_info 3 /INPUT 32 "addr";
    .port_info 4 /INPUT 32 "write_data";
    .port_info 5 /INPUT 8 "switches";
    .port_info 6 /OUTPUT 1 "pwm_out";
    .port_info 7 /OUTPUT 32 "read_data";
P_0000000000ee3770 .param/l "ADDR_PWM_DUTY" 1 9 24, C4<00000000000000000000000010011000>;
P_0000000000ee37a8 .param/l "ADDR_PWM_ENABLE" 1 9 25, C4<00000000000000000000000010011100>;
P_0000000000ee37e0 .param/l "ADDR_SWITCHES" 1 9 23, C4<00000000000000000000000010010000>;
L_0000000000f0b370 .functor BUFZ 32, L_00000000014eafc0, C4<00000000000000000000000000000000>, C4<00000000000000000000000000000000>, C4<00000000000000000000000000000000>;
v0000000000f3a6e0_0 .net *"_ivl_0", 31 0, L_00000000014eafc0;  1 drivers
v0000000000f3b220_0 .net *"_ivl_3", 5 0, L_00000000014e9620;  1 drivers
v0000000000f3a820_0 .net *"_ivl_4", 7 0, L_00000000014e9760;  1 drivers
L_00000000014ed6d0 .functor BUFT 1, C4<00>, C4<0>, C4<0>, C4<0>;
v0000000000f3a8c0_0 .net *"_ivl_7", 1 0, L_00000000014ed6d0;  1 drivers
v0000000000f3b0e0_0 .net "addr", 31 0, v00000000014df910_0;  1 drivers
v0000000000f3b2c0_0 .net "clk", 0 0, v00000000014e7a60_0;  alias, 1 drivers
v0000000000f3aa00_0 .net "mem_write_en", 0 0, v00000000014e1880_0;  1 drivers
v0000000000f3b680_0 .var "pwm_duty", 7 0;
v0000000000ee28f0_0 .var "pwm_enable", 0 0;
v0000000000ee1db0_0 .net "pwm_out", 0 0, v0000000000f3afa0_0;  alias, 1 drivers
v0000000000f1cf30 .array "ram", 63 0, 31 0;
v00000000014dcaa0_0 .net "ram_out", 31 0, L_0000000000f0b370;  1 drivers
v00000000014dc1e0_0 .var "read_data", 31 0;
v00000000014dd040_0 .net "rst_n", 0 0, v00000000014e8320_0;  alias, 1 drivers
v00000000014dcb40_0 .net "switches", 7 0, v00000000014e8960_0;  alias, 1 drivers
v00000000014ddea0_0 .net "write_data", 31 0, v00000000014e0d40_0;  1 drivers
E_0000000000f22b90/0 .event edge, v0000000000f3b0e0_0, v00000000014dcb40_0, v0000000000f3a460_0, v0000000000f3a500_0;
E_0000000000f22b90/1 .event edge, v00000000014dcaa0_0;
E_0000000000f22b90 .event/or E_0000000000f22b90/0, E_0000000000f22b90/1;
L_00000000014eafc0 .array/port v0000000000f1cf30, L_00000000014e9760;
L_00000000014e9620 .part v00000000014df910_0, 2, 6;
L_00000000014e9760 .concat [ 6 2 0 0], L_00000000014e9620, L_00000000014ed6d0;
S_0000000000eb9e90 .scope module, "u_pwm" "pwm_controller" 9 34, 10 3 0, S_0000000000eb9d00;
 .timescale -9 -12;
    .port_info 0 /INPUT 1 "clk";
    .port_info 1 /INPUT 1 "rst_n";
    .port_info 2 /INPUT 1 "en";
    .port_info 3 /INPUT 8 "duty";
    .port_info 4 /OUTPUT 1 "pwm_out";
v0000000000f3ac80_0 .net "clk", 0 0, v00000000014e7a60_0;  alias, 1 drivers
v0000000000f3b180_0 .var "counter", 7 0;
v0000000000f3a460_0 .net "duty", 7 0, v0000000000f3b680_0;  1 drivers
v0000000000f3a500_0 .net "en", 0 0, v0000000000ee28f0_0;  1 drivers
v0000000000f3afa0_0 .var "pwm_out", 0 0;
v0000000000f3b400_0 .net "rst_n", 0 0, v00000000014e8320_0;  alias, 1 drivers
E_0000000000f22fd0/0 .event negedge, v0000000000f3b400_0;
E_0000000000f22fd0/1 .event posedge, v0000000000f3ac80_0;
E_0000000000f22fd0 .event/or E_0000000000f22fd0/0, E_0000000000f22fd0/1;
S_0000000000eac700 .scope module, "u_imem" "instruction_memory" 7 40, 11 2 0, S_0000000000e9fc80;
 .timescale -9 -12;
    .port_info 0 /INPUT 32 "addr";
    .port_info 1 /OUTPUT 32 "rd";
P_0000000000e46a60 .param/l "DEPTH" 0 11 4, +C4<00000000000000000000000100000000>;
P_0000000000e46a98 .param/l "WIDTH" 0 11 3, +C4<00000000000000000000000000100000>;
L_0000000000f3e040 .functor BUFZ 32, L_00000000014eab60, C4<00000000000000000000000000000000>, C4<00000000000000000000000000000000>, C4<00000000000000000000000000000000>;
v00000000014dc780_0 .net *"_ivl_0", 31 0, L_00000000014eab60;  1 drivers
v00000000014dcf00_0 .net *"_ivl_3", 29 0, L_00000000014eb560;  1 drivers
v00000000014dcdc0_0 .net "addr", 31 0, v00000000014dc5a0_0;  alias, 1 drivers
v00000000014dc6e0 .array "ram", 255 0, 31 0;
v00000000014dd720_0 .net "rd", 31 0, L_0000000000f3e040;  alias, 1 drivers
L_00000000014eab60 .array/port v00000000014dc6e0, L_00000000014eb560;
L_00000000014eb560 .part v00000000014dc5a0_0, 2, 30;
S_0000000000eac890 .scope module, "u_pc" "pc" 7 39, 12 2 0, S_0000000000e9fc80;
 .timescale -9 -12;
    .port_info 0 /INPUT 1 "clk";
    .port_info 1 /INPUT 1 "rst_n";
    .port_info 2 /INPUT 1 "en";
    .port_info 3 /INPUT 32 "pc_next";
    .port_info 4 /OUTPUT 32 "pc";
v00000000014dd220_0 .net "clk", 0 0, v00000000014e7a60_0;  alias, 1 drivers
v00000000014dc320_0 .net "en", 0 0, L_0000000000f3edd0;  1 drivers
v00000000014dc5a0_0 .var "pc", 31 0;
v00000000014dd5e0_0 .net "pc_next", 31 0, L_00000000014e93a0;  alias, 1 drivers
v00000000014dd360_0 .net "rst_n", 0 0, v00000000014e8320_0;  alias, 1 drivers
S_0000000000eaca20 .scope module, "u_reg_file" "reg_file" 7 65, 13 2 0, S_0000000000e9fc80;
 .timescale -9 -12;
    .port_info 0 /INPUT 1 "clk";
    .port_info 1 /INPUT 1 "we3";
    .port_info 2 /INPUT 5 "wa3";
    .port_info 3 /INPUT 32 "wd3";
    .port_info 4 /INPUT 5 "ra1";
    .port_info 5 /INPUT 5 "ra2";
    .port_info 6 /OUTPUT 32 "rd1";
    .port_info 7 /OUTPUT 32 "rd2";
L_00000000014ed208 .functor BUFT 1, C4<00000>, C4<0>, C4<0>, C4<0>;
v00000000014dd4a0_0 .net/2u *"_ivl_0", 4 0, L_00000000014ed208;  1 drivers
L_00000000014ed298 .functor BUFT 1, C4<00>, C4<0>, C4<0>, C4<0>;
v00000000014dd180_0 .net *"_ivl_11", 1 0, L_00000000014ed298;  1 drivers
L_00000000014ed2e0 .functor BUFT 1, C4<00000>, C4<0>, C4<0>, C4<0>;
v00000000014dc8c0_0 .net/2u *"_ivl_14", 4 0, L_00000000014ed2e0;  1 drivers
v00000000014dd2c0_0 .net *"_ivl_16", 0 0, L_00000000014eb6a0;  1 drivers
L_00000000014ed328 .functor BUFT 1, C4<00000000000000000000000000000000>, C4<0>, C4<0>, C4<0>;
v00000000014dd400_0 .net/2u *"_ivl_18", 31 0, L_00000000014ed328;  1 drivers
v00000000014dc140_0 .net *"_ivl_2", 0 0, L_00000000014eaf20;  1 drivers
v00000000014dd7c0_0 .net *"_ivl_20", 31 0, L_00000000014eaa20;  1 drivers
v00000000014ddcc0_0 .net *"_ivl_22", 6 0, L_00000000014eb420;  1 drivers
L_00000000014ed370 .functor BUFT 1, C4<00>, C4<0>, C4<0>, C4<0>;
v00000000014dd0e0_0 .net *"_ivl_25", 1 0, L_00000000014ed370;  1 drivers
L_00000000014ed250 .functor BUFT 1, C4<00000000000000000000000000000000>, C4<0>, C4<0>, C4<0>;
v00000000014dd860_0 .net/2u *"_ivl_4", 31 0, L_00000000014ed250;  1 drivers
v00000000014dc500_0 .net *"_ivl_6", 31 0, L_00000000014e9ee0;  1 drivers
v00000000014dcc80_0 .net *"_ivl_8", 6 0, L_00000000014e99e0;  1 drivers
v00000000014ddd60_0 .net "clk", 0 0, L_0000000000f3e4a0;  1 drivers
v00000000014dc820_0 .net "ra1", 4 0, L_00000000014eb600;  1 drivers
v00000000014dd540_0 .net "ra2", 4 0, L_00000000014ea340;  1 drivers
v00000000014dc280_0 .net "rd1", 31 0, L_00000000014e96c0;  alias, 1 drivers
v00000000014dc960_0 .net "rd2", 31 0, L_00000000014ea160;  alias, 1 drivers
v00000000014dd680 .array "rf", 0 31, 31 0;
v00000000014dcbe0_0 .net "wa3", 4 0, L_000000000154a7b0;  alias, 1 drivers
v00000000014dde00_0 .net "wd3", 31 0, L_00000000014eb060;  alias, 1 drivers
v00000000014ddf40_0 .net "we3", 0 0, L_000000000154a580;  alias, 1 drivers
E_0000000000f22bd0 .event posedge, v00000000014ddd60_0;
L_00000000014eaf20 .cmp/eq 5, L_00000000014eb600, L_00000000014ed208;
L_00000000014e9ee0 .array/port v00000000014dd680, L_00000000014e99e0;
L_00000000014e99e0 .concat [ 5 2 0 0], L_00000000014eb600, L_00000000014ed298;
L_00000000014e96c0 .functor MUXZ 32, L_00000000014e9ee0, L_00000000014ed250, L_00000000014eaf20, C4<>;
L_00000000014eb6a0 .cmp/eq 5, L_00000000014ea340, L_00000000014ed2e0;
L_00000000014eaa20 .array/port v00000000014dd680, L_00000000014eb420;
L_00000000014eb420 .concat [ 5 2 0 0], L_00000000014ea340, L_00000000014ed370;
L_00000000014ea160 .functor MUXZ 32, L_00000000014eaa20, L_00000000014ed328, L_00000000014eb6a0, C4<>;
S_0000000000ec1c30 .scope module, "u_hazard" "hazard_unit" 3 43, 14 15 0, S_0000000000f43c40;
 .timescale -9 -12;
    .port_info 0 /INPUT 5 "rs_E";
    .port_info 1 /INPUT 5 "rt_E";
    .port_info 2 /INPUT 5 "write_reg_E";
    .port_info 3 /INPUT 1 "reg_write_E";
    .port_info 4 /INPUT 1 "mem_to_reg_E";
    .port_info 5 /INPUT 5 "write_reg_M";
    .port_info 6 /INPUT 1 "reg_write_M";
    .port_info 7 /INPUT 1 "mem_to_reg_M";
    .port_info 8 /INPUT 5 "write_reg_W";
    .port_info 9 /INPUT 1 "reg_write_W";
    .port_info 10 /INPUT 5 "rs_D";
    .port_info 11 /INPUT 5 "rt_D";
    .port_info 12 /INPUT 1 "branch_D";
    .port_info 13 /OUTPUT 2 "forward_a_E";
    .port_info 14 /OUTPUT 2 "forward_b_E";
    .port_info 15 /OUTPUT 2 "forward_a_D";
    .port_info 16 /OUTPUT 2 "forward_b_D";
    .port_info 17 /OUTPUT 1 "stall_F";
    .port_info 18 /OUTPUT 1 "stall_D";
    .port_info 19 /OUTPUT 1 "flush_E";
L_0000000000f3ecf0 .functor OR 1, L_00000000014e74c0, L_00000000014e7560, C4<0>, C4<0>;
L_0000000000f3e350 .functor AND 1, v00000000014de830_0, L_0000000000f3ecf0, C4<1>, C4<1>;
L_0000000000f3ec10 .functor OR 1, L_00000000014ea0c0, L_00000000014ea5c0, C4<0>, C4<0>;
L_0000000000f3e6d0 .functor AND 1, v00000000014e1600_0, L_0000000000f3ec10, C4<1>, C4<1>;
L_0000000000f3dfd0 .functor OR 1, L_00000000014eb380, L_00000000014e9260, C4<0>, C4<0>;
L_0000000000f3ec80 .functor AND 1, v00000000014dfff0_0, L_0000000000f3dfd0, C4<1>, C4<1>;
L_0000000000f3e740 .functor OR 1, L_0000000000f3e6d0, L_0000000000f3ec80, C4<0>, C4<0>;
L_0000000000f3e270 .functor AND 1, L_00000000014e8460, L_0000000000f3e740, C4<1>, C4<1>;
L_0000000000f3e0b0 .functor OR 1, L_0000000000f3e350, L_0000000000f3e270, C4<0>, C4<0>;
L_0000000000f3e3c0 .functor OR 1, L_0000000000f3e350, L_0000000000f3e270, C4<0>, C4<0>;
L_0000000000f3e430 .functor OR 1, L_0000000000f3e350, L_0000000000f3e270, C4<0>, C4<0>;
v00000000014e3f70_0 .net *"_ivl_0", 0 0, L_00000000014e74c0;  1 drivers
v00000000014e2670_0 .net *"_ivl_10", 0 0, L_00000000014ea5c0;  1 drivers
v00000000014e39d0_0 .net *"_ivl_13", 0 0, L_0000000000f3ec10;  1 drivers
v00000000014e2990_0 .net *"_ivl_15", 0 0, L_0000000000f3e6d0;  1 drivers
v00000000014e2d50_0 .net *"_ivl_16", 0 0, L_00000000014eb380;  1 drivers
v00000000014e3bb0_0 .net *"_ivl_18", 0 0, L_00000000014e9260;  1 drivers
v00000000014e2a30_0 .net *"_ivl_2", 0 0, L_00000000014e7560;  1 drivers
v00000000014e2fd0_0 .net *"_ivl_21", 0 0, L_0000000000f3dfd0;  1 drivers
v00000000014e3cf0_0 .net *"_ivl_23", 0 0, L_0000000000f3ec80;  1 drivers
v00000000014e3c50_0 .net *"_ivl_25", 0 0, L_0000000000f3e740;  1 drivers
v00000000014e3b10_0 .net *"_ivl_5", 0 0, L_0000000000f3ecf0;  1 drivers
v00000000014e3430_0 .net *"_ivl_8", 0 0, L_00000000014ea0c0;  1 drivers
v00000000014e3d90_0 .net "branch_D", 0 0, L_00000000014e8460;  alias, 1 drivers
v00000000014e4010_0 .net "branchstall", 0 0, L_0000000000f3e270;  1 drivers
v00000000014e2e90_0 .net "flush_E", 0 0, L_0000000000f3e430;  alias, 1 drivers
v00000000014e3750_0 .var "forward_a_D", 1 0;
v00000000014e2710_0 .var "forward_a_E", 1 0;
v00000000014e3070_0 .var "forward_b_D", 1 0;
v00000000014e3390_0 .var "forward_b_E", 1 0;
v00000000014e25d0_0 .net "lwstall", 0 0, L_0000000000f3e350;  1 drivers
v00000000014e27b0_0 .net "mem_to_reg_E", 0 0, v00000000014de830_0;  alias, 1 drivers
v00000000014e34d0_0 .net "mem_to_reg_M", 0 0, v00000000014dfff0_0;  alias, 1 drivers
v00000000014e3110_0 .net "reg_write_E", 0 0, v00000000014e1600_0;  alias, 1 drivers
v00000000014e3e30_0 .net "reg_write_M", 0 0, L_0000000000f0aab0;  alias, 1 drivers
v00000000014e2850_0 .net "reg_write_W", 0 0, L_000000000154a200;  alias, 1 drivers
v00000000014e3570_0 .net "rs_D", 4 0, L_00000000014ea3e0;  alias, 1 drivers
v00000000014e3ed0_0 .net "rs_E", 4 0, L_0000000000f3e900;  alias, 1 drivers
v00000000014e2ad0_0 .net "rt_D", 4 0, L_00000000014ea480;  alias, 1 drivers
v00000000014e2170_0 .net "rt_E", 4 0, v00000000014e1920_0;  alias, 1 drivers
v00000000014e2210_0 .net "stall_D", 0 0, L_0000000000f3e3c0;  alias, 1 drivers
v00000000014e22b0_0 .net "stall_F", 0 0, L_0000000000f3e0b0;  alias, 1 drivers
v00000000014e37f0_0 .net "write_reg_E", 4 0, L_0000000000f3e190;  alias, 1 drivers
v00000000014e31b0_0 .net "write_reg_M", 4 0, v00000000014e2c10_0;  alias, 1 drivers
v00000000014e2530_0 .net "write_reg_W", 4 0, L_0000000000f3e200;  alias, 1 drivers
E_0000000000f22cd0/0 .event edge, v00000000014e16a0_0, v00000000014e0e80_0, v00000000014e1d80_0, v00000000014e1c40_0;
E_0000000000f22cd0/1 .event edge, v00000000014e2f30_0, v00000000014e0200_0;
E_0000000000f22cd0 .event/or E_0000000000f22cd0/0, E_0000000000f22cd0/1;
E_0000000000f22d10/0 .event edge, v00000000014e16a0_0, v00000000014e0e80_0, v00000000014e0160_0, v00000000014e1c40_0;
E_0000000000f22d10/1 .event edge, v00000000014e2f30_0, v00000000014e1ec0_0;
E_0000000000f22d10 .event/or E_0000000000f22d10/0, E_0000000000f22d10/1;
L_00000000014e74c0 .cmp/eq 5, L_0000000000f3e190, L_00000000014ea3e0;
L_00000000014e7560 .cmp/eq 5, L_0000000000f3e190, L_00000000014ea480;
L_00000000014ea0c0 .cmp/eq 5, L_0000000000f3e190, L_00000000014ea3e0;
L_00000000014ea5c0 .cmp/eq 5, L_0000000000f3e190, L_00000000014ea480;
L_00000000014eb380 .cmp/eq 5, v00000000014e2c10_0, L_00000000014ea3e0;
L_00000000014e9260 .cmp/eq 5, v00000000014e2c10_0, L_00000000014ea480;
    .scope S_0000000000ef9a90;
T_0 ;
    %wait E_0000000000f22910;
    %load/vec4 v0000000000f3ae60_0;
    %dup/vec4;
    %pushi/vec4 0, 0, 6;
    %cmp/u;
    %jmp/1 T_0.0, 6;
    %dup/vec4;
    %pushi/vec4 35, 0, 6;
    %cmp/u;
    %jmp/1 T_0.1, 6;
    %dup/vec4;
    %pushi/vec4 43, 0, 6;
    %cmp/u;
    %jmp/1 T_0.2, 6;
    %dup/vec4;
    %pushi/vec4 4, 0, 6;
    %cmp/u;
    %jmp/1 T_0.3, 6;
    %dup/vec4;
    %pushi/vec4 5, 0, 6;
    %cmp/u;
    %jmp/1 T_0.4, 6;
    %dup/vec4;
    %pushi/vec4 8, 0, 6;
    %cmp/u;
    %jmp/1 T_0.5, 6;
    %dup/vec4;
    %pushi/vec4 2, 0, 6;
    %cmp/u;
    %jmp/1 T_0.6, 6;
    %pushi/vec4 0, 0, 10;
    %store/vec4 v0000000000f39ec0_0, 0, 10;
    %jmp T_0.8;
T_0.0 ;
    %pushi/vec4 386, 0, 10;
    %store/vec4 v0000000000f39ec0_0, 0, 10;
    %jmp T_0.8;
T_0.1 ;
    %pushi/vec4 328, 0, 10;
    %store/vec4 v0000000000f39ec0_0, 0, 10;
    %jmp T_0.8;
T_0.2 ;
    %pushi/vec4 80, 0, 10;
    %store/vec4 v0000000000f39ec0_0, 0, 10;
    %jmp T_0.8;
T_0.3 ;
    %pushi/vec4 33, 0, 10;
    %store/vec4 v0000000000f39ec0_0, 0, 10;
    %jmp T_0.8;
T_0.4 ;
    %pushi/vec4 33, 0, 10;
    %store/vec4 v0000000000f39ec0_0, 0, 10;
    %jmp T_0.8;
T_0.5 ;
    %pushi/vec4 320, 0, 10;
    %store/vec4 v0000000000f39ec0_0, 0, 10;
    %jmp T_0.8;
T_0.6 ;
    %pushi/vec4 4, 0, 10;
    %store/vec4 v0000000000f39ec0_0, 0, 10;
    %jmp T_0.8;
T_0.8 ;
    %pop/vec4 1;
    %jmp T_0;
    .thread T_0, $push;
    .scope S_0000000000ef9900;
T_1 ;
    %wait E_0000000000f22e50;
    %load/vec4 v0000000000f39ba0_0;
    %dup/vec4;
    %pushi/vec4 0, 0, 2;
    %cmp/u;
    %jmp/1 T_1.0, 6;
    %dup/vec4;
    %pushi/vec4 1, 0, 2;
    %cmp/u;
    %jmp/1 T_1.1, 6;
    %dup/vec4;
    %pushi/vec4 2, 0, 2;
    %cmp/u;
    %jmp/1 T_1.2, 6;
    %pushi/vec4 0, 0, 3;
    %store/vec4 v0000000000f39b00_0, 0, 3;
    %jmp T_1.4;
T_1.0 ;
    %pushi/vec4 2, 0, 3;
    %store/vec4 v0000000000f39b00_0, 0, 3;
    %jmp T_1.4;
T_1.1 ;
    %pushi/vec4 6, 0, 3;
    %store/vec4 v0000000000f39b00_0, 0, 3;
    %jmp T_1.4;
T_1.2 ;
    %load/vec4 v0000000000f3a1e0_0;
    %dup/vec4;
    %pushi/vec4 32, 0, 6;
    %cmp/u;
    %jmp/1 T_1.5, 6;
    %dup/vec4;
    %pushi/vec4 34, 0, 6;
    %cmp/u;
    %jmp/1 T_1.6, 6;
    %dup/vec4;
    %pushi/vec4 36, 0, 6;
    %cmp/u;
    %jmp/1 T_1.7, 6;
    %dup/vec4;
    %pushi/vec4 37, 0, 6;
    %cmp/u;
    %jmp/1 T_1.8, 6;
    %dup/vec4;
    %pushi/vec4 42, 0, 6;
    %cmp/u;
    %jmp/1 T_1.9, 6;
    %pushi/vec4 2, 0, 3;
    %store/vec4 v0000000000f39b00_0, 0, 3;
    %jmp T_1.11;
T_1.5 ;
    %pushi/vec4 2, 0, 3;
    %store/vec4 v0000000000f39b00_0, 0, 3;
    %jmp T_1.11;
T_1.6 ;
    %pushi/vec4 6, 0, 3;
    %store/vec4 v0000000000f39b00_0, 0, 3;
    %jmp T_1.11;
T_1.7 ;
    %pushi/vec4 0, 0, 3;
    %store/vec4 v0000000000f39b00_0, 0, 3;
    %jmp T_1.11;
T_1.8 ;
    %pushi/vec4 1, 0, 3;
    %store/vec4 v0000000000f39b00_0, 0, 3;
    %jmp T_1.11;
T_1.9 ;
    %pushi/vec4 7, 0, 3;
    %store/vec4 v0000000000f39b00_0, 0, 3;
    %jmp T_1.11;
T_1.11 ;
    %pop/vec4 1;
    %jmp T_1.4;
T_1.4 ;
    %pop/vec4 1;
    %jmp T_1;
    .thread T_1, $push;
    .scope S_0000000000ec1c30;
T_2 ;
    %wait E_0000000000f22d10;
    %load/vec4 v00000000014e3e30_0;
    %load/vec4 v00000000014e31b0_0;
    %pad/u 32;
    %pushi/vec4 0, 0, 32;
    %cmp/ne;
    %flag_get/vec4 4;
    %and;
    %load/vec4 v00000000014e31b0_0;
    %load/vec4 v00000000014e3ed0_0;
    %cmp/e;
    %flag_get/vec4 4;
    %and;
    %flag_set/vec4 8;
    %jmp/0xz  T_2.0, 8;
    %pushi/vec4 2, 0, 2;
    %store/vec4 v00000000014e2710_0, 0, 2;
    %jmp T_2.1;
T_2.0 ;
    %load/vec4 v00000000014e2850_0;
    %load/vec4 v00000000014e2530_0;
    %pad/u 32;
    %pushi/vec4 0, 0, 32;
    %cmp/ne;
    %flag_get/vec4 4;
    %and;
    %load/vec4 v00000000014e2530_0;
    %load/vec4 v00000000014e3ed0_0;
    %cmp/e;
    %flag_get/vec4 4;
    %and;
    %flag_set/vec4 8;
    %jmp/0xz  T_2.2, 8;
    %pushi/vec4 1, 0, 2;
    %store/vec4 v00000000014e2710_0, 0, 2;
    %jmp T_2.3;
T_2.2 ;
    %pushi/vec4 0, 0, 2;
    %store/vec4 v00000000014e2710_0, 0, 2;
T_2.3 ;
T_2.1 ;
    %load/vec4 v00000000014e3e30_0;
    %load/vec4 v00000000014e31b0_0;
    %pad/u 32;
    %pushi/vec4 0, 0, 32;
    %cmp/ne;
    %flag_get/vec4 4;
    %and;
    %load/vec4 v00000000014e31b0_0;
    %load/vec4 v00000000014e2170_0;
    %cmp/e;
    %flag_get/vec4 4;
    %and;
    %flag_set/vec4 8;
    %jmp/0xz  T_2.4, 8;
    %pushi/vec4 2, 0, 2;
    %store/vec4 v00000000014e3390_0, 0, 2;
    %jmp T_2.5;
T_2.4 ;
    %load/vec4 v00000000014e2850_0;
    %load/vec4 v00000000014e2530_0;
    %pad/u 32;
    %pushi/vec4 0, 0, 32;
    %cmp/ne;
    %flag_get/vec4 4;
    %and;
    %load/vec4 v00000000014e2530_0;
    %load/vec4 v00000000014e2170_0;
    %cmp/e;
    %flag_get/vec4 4;
    %and;
    %flag_set/vec4 8;
    %jmp/0xz  T_2.6, 8;
    %pushi/vec4 1, 0, 2;
    %store/vec4 v00000000014e3390_0, 0, 2;
    %jmp T_2.7;
T_2.6 ;
    %pushi/vec4 0, 0, 2;
    %store/vec4 v00000000014e3390_0, 0, 2;
T_2.7 ;
T_2.5 ;
    %jmp T_2;
    .thread T_2, $push;
    .scope S_0000000000ec1c30;
T_3 ;
    %wait E_0000000000f22cd0;
    %load/vec4 v00000000014e3e30_0;
    %load/vec4 v00000000014e31b0_0;
    %pad/u 32;
    %pushi/vec4 0, 0, 32;
    %cmp/ne;
    %flag_get/vec4 4;
    %and;
    %load/vec4 v00000000014e31b0_0;
    %load/vec4 v00000000014e3570_0;
    %cmp/e;
    %flag_get/vec4 4;
    %and;
    %flag_set/vec4 8;
    %jmp/0xz  T_3.0, 8;
    %pushi/vec4 2, 0, 2;
    %store/vec4 v00000000014e3750_0, 0, 2;
    %jmp T_3.1;
T_3.0 ;
    %load/vec4 v00000000014e2850_0;
    %load/vec4 v00000000014e2530_0;
    %pad/u 32;
    %pushi/vec4 0, 0, 32;
    %cmp/ne;
    %flag_get/vec4 4;
    %and;
    %load/vec4 v00000000014e2530_0;
    %load/vec4 v00000000014e3570_0;
    %cmp/e;
    %flag_get/vec4 4;
    %and;
    %flag_set/vec4 8;
    %jmp/0xz  T_3.2, 8;
    %pushi/vec4 1, 0, 2;
    %store/vec4 v00000000014e3750_0, 0, 2;
    %jmp T_3.3;
T_3.2 ;
    %pushi/vec4 0, 0, 2;
    %store/vec4 v00000000014e3750_0, 0, 2;
T_3.3 ;
T_3.1 ;
    %load/vec4 v00000000014e3e30_0;
    %load/vec4 v00000000014e31b0_0;
    %pad/u 32;
    %pushi/vec4 0, 0, 32;
    %cmp/ne;
    %flag_get/vec4 4;
    %and;
    %load/vec4 v00000000014e31b0_0;
    %load/vec4 v00000000014e2ad0_0;
    %cmp/e;
    %flag_get/vec4 4;
    %and;
    %flag_set/vec4 8;
    %jmp/0xz  T_3.4, 8;
    %pushi/vec4 2, 0, 2;
    %store/vec4 v00000000014e3070_0, 0, 2;
    %jmp T_3.5;
T_3.4 ;
    %load/vec4 v00000000014e2850_0;
    %load/vec4 v00000000014e2530_0;
    %pad/u 32;
    %pushi/vec4 0, 0, 32;
    %cmp/ne;
    %flag_get/vec4 4;
    %and;
    %load/vec4 v00000000014e2530_0;
    %load/vec4 v00000000014e2ad0_0;
    %cmp/e;
    %flag_get/vec4 4;
    %and;
    %flag_set/vec4 8;
    %jmp/0xz  T_3.6, 8;
    %pushi/vec4 1, 0, 2;
    %store/vec4 v00000000014e3070_0, 0, 2;
    %jmp T_3.7;
T_3.6 ;
    %pushi/vec4 0, 0, 2;
    %store/vec4 v00000000014e3070_0, 0, 2;
T_3.7 ;
T_3.5 ;
    %jmp T_3;
    .thread T_3, $push;
    .scope S_0000000000eac890;
T_4 ;
    %wait E_0000000000f22fd0;
    %load/vec4 v00000000014dd360_0;
    %nor/r;
    %flag_set/vec4 8;
    %jmp/0xz  T_4.0, 8;
    %pushi/vec4 0, 0, 32;
    %assign/vec4 v00000000014dc5a0_0, 0;
    %jmp T_4.1;
T_4.0 ;
    %load/vec4 v00000000014dc320_0;
    %flag_set/vec4 8;
    %jmp/0xz  T_4.2, 8;
    %load/vec4 v00000000014dd5e0_0;
    %assign/vec4 v00000000014dc5a0_0, 0;
T_4.2 ;
T_4.1 ;
    %jmp T_4;
    .thread T_4;
    .scope S_0000000000eac700;
T_5 ;
    %vpi_call 11 12 "$readmemh", "memfile.dat", v00000000014dc6e0 {0 0 0};
    %end;
    .thread T_5;
    .scope S_0000000000eaca20;
T_6 ;
    %wait E_0000000000f22bd0;
    %load/vec4 v00000000014ddf40_0;
    %load/vec4 v00000000014dcbe0_0;
    %pushi/vec4 0, 0, 5;
    %cmp/ne;
    %flag_get/vec4 4;
    %and;
    %flag_set/vec4 8;
    %jmp/0xz  T_6.0, 8;
    %load/vec4 v00000000014dde00_0;
    %load/vec4 v00000000014dcbe0_0;
    %pad/u 7;
    %ix/vec4 3;
    %ix/load 4, 0, 0; Constant delay
    %assign/vec4/a/d v00000000014dd680, 0, 4;
T_6.0 ;
    %jmp T_6;
    .thread T_6;
    .scope S_0000000000eb9b70;
T_7 ;
    %wait E_0000000000f22a90;
    %load/vec4 v0000000000f3a3c0_0;
    %dup/vec4;
    %pushi/vec4 0, 0, 3;
    %cmp/u;
    %jmp/1 T_7.0, 6;
    %dup/vec4;
    %pushi/vec4 1, 0, 3;
    %cmp/u;
    %jmp/1 T_7.1, 6;
    %dup/vec4;
    %pushi/vec4 2, 0, 3;
    %cmp/u;
    %jmp/1 T_7.2, 6;
    %dup/vec4;
    %pushi/vec4 6, 0, 3;
    %cmp/u;
    %jmp/1 T_7.3, 6;
    %dup/vec4;
    %pushi/vec4 7, 0, 3;
    %cmp/u;
    %jmp/1 T_7.4, 6;
    %pushi/vec4 0, 0, 32;
    %store/vec4 v0000000000f3a5a0_0, 0, 32;
    %jmp T_7.6;
T_7.0 ;
    %load/vec4 v0000000000f3ab40_0;
    %load/vec4 v0000000000f3b900_0;
    %and;
    %store/vec4 v0000000000f3a5a0_0, 0, 32;
    %jmp T_7.6;
T_7.1 ;
    %load/vec4 v0000000000f3ab40_0;
    %load/vec4 v0000000000f3b900_0;
    %or;
    %store/vec4 v0000000000f3a5a0_0, 0, 32;
    %jmp T_7.6;
T_7.2 ;
    %load/vec4 v0000000000f3ab40_0;
    %load/vec4 v0000000000f3b900_0;
    %add;
    %store/vec4 v0000000000f3a5a0_0, 0, 32;
    %jmp T_7.6;
T_7.3 ;
    %load/vec4 v0000000000f3ab40_0;
    %load/vec4 v0000000000f3b900_0;
    %sub;
    %store/vec4 v0000000000f3a5a0_0, 0, 32;
    %jmp T_7.6;
T_7.4 ;
    %load/vec4 v0000000000f3ab40_0;
    %load/vec4 v0000000000f3b900_0;
    %cmp/s;
    %flag_mov 8, 5;
    %jmp/0 T_7.7, 8;
    %pushi/vec4 1, 0, 32;
    %jmp/1 T_7.8, 8;
T_7.7 ; End of true expr.
    %pushi/vec4 0, 0, 32;
    %jmp/0 T_7.8, 8;
 ; End of false expr.
    %blend;
T_7.8;
    %store/vec4 v0000000000f3a5a0_0, 0, 32;
    %jmp T_7.6;
T_7.6 ;
    %pop/vec4 1;
    %jmp T_7;
    .thread T_7, $push;
    .scope S_0000000000eb9e90;
T_8 ;
    %wait E_0000000000f22fd0;
    %load/vec4 v0000000000f3b400_0;
    %nor/r;
    %flag_set/vec4 8;
    %jmp/0xz  T_8.0, 8;
    %pushi/vec4 0, 0, 8;
    %assign/vec4 v0000000000f3b180_0, 0;
    %jmp T_8.1;
T_8.0 ;
    %load/vec4 v0000000000f3b180_0;
    %addi 1, 0, 8;
    %assign/vec4 v0000000000f3b180_0, 0;
T_8.1 ;
    %jmp T_8;
    .thread T_8;
    .scope S_0000000000eb9e90;
T_9 ;
    %wait E_0000000000f22fd0;
    %load/vec4 v0000000000f3b400_0;
    %nor/r;
    %flag_set/vec4 8;
    %jmp/0xz  T_9.0, 8;
    %pushi/vec4 0, 0, 1;
    %assign/vec4 v0000000000f3afa0_0, 0;
    %jmp T_9.1;
T_9.0 ;
    %load/vec4 v0000000000f3a500_0;
    %flag_set/vec4 8;
    %jmp/0xz  T_9.2, 8;
    %load/vec4 v0000000000f3b180_0;
    %load/vec4 v0000000000f3a460_0;
    %cmp/u;
    %flag_get/vec4 5;
    %assign/vec4 v0000000000f3afa0_0, 0;
    %jmp T_9.3;
T_9.2 ;
    %pushi/vec4 0, 0, 1;
    %assign/vec4 v0000000000f3afa0_0, 0;
T_9.3 ;
T_9.1 ;
    %jmp T_9;
    .thread T_9;
    .scope S_0000000000eb9d00;
T_10 ;
    %wait E_0000000000f22fd0;
    %load/vec4 v00000000014dd040_0;
    %nor/r;
    %flag_set/vec4 8;
    %jmp/0xz  T_10.0, 8;
    %pushi/vec4 0, 0, 8;
    %assign/vec4 v0000000000f3b680_0, 0;
    %pushi/vec4 0, 0, 1;
    %assign/vec4 v0000000000ee28f0_0, 0;
    %jmp T_10.1;
T_10.0 ;
    %load/vec4 v0000000000f3aa00_0;
    %flag_set/vec4 8;
    %jmp/0xz  T_10.2, 8;
    %load/vec4 v0000000000f3b0e0_0;
    %dup/vec4;
    %pushi/vec4 144, 0, 32;
    %cmp/u;
    %jmp/1 T_10.4, 6;
    %dup/vec4;
    %pushi/vec4 152, 0, 32;
    %cmp/u;
    %jmp/1 T_10.5, 6;
    %dup/vec4;
    %pushi/vec4 156, 0, 32;
    %cmp/u;
    %jmp/1 T_10.6, 6;
    %load/vec4 v00000000014ddea0_0;
    %load/vec4 v0000000000f3b0e0_0;
    %parti/s 6, 2, 3;
    %pad/u 8;
    %ix/vec4 3;
    %ix/load 4, 0, 0; Constant delay
    %assign/vec4/a/d v0000000000f1cf30, 0, 4;
    %jmp T_10.8;
T_10.4 ;
    %jmp T_10.8;
T_10.5 ;
    %load/vec4 v00000000014ddea0_0;
    %parti/s 8, 0, 2;
    %assign/vec4 v0000000000f3b680_0, 0;
    %jmp T_10.8;
T_10.6 ;
    %load/vec4 v00000000014ddea0_0;
    %parti/s 1, 0, 2;
    %assign/vec4 v0000000000ee28f0_0, 0;
    %jmp T_10.8;
T_10.8 ;
    %pop/vec4 1;
T_10.2 ;
T_10.1 ;
    %jmp T_10;
    .thread T_10;
    .scope S_0000000000eb9d00;
T_11 ;
    %wait E_0000000000f22b90;
    %load/vec4 v0000000000f3b0e0_0;
    %dup/vec4;
    %pushi/vec4 144, 0, 32;
    %cmp/u;
    %jmp/1 T_11.0, 6;
    %dup/vec4;
    %pushi/vec4 152, 0, 32;
    %cmp/u;
    %jmp/1 T_11.1, 6;
    %dup/vec4;
    %pushi/vec4 156, 0, 32;
    %cmp/u;
    %jmp/1 T_11.2, 6;
    %load/vec4 v00000000014dcaa0_0;
    %store/vec4 v00000000014dc1e0_0, 0, 32;
    %jmp T_11.4;
T_11.0 ;
    %pushi/vec4 0, 0, 24;
    %load/vec4 v00000000014dcb40_0;
    %concat/vec4; draw_concat_vec4
    %store/vec4 v00000000014dc1e0_0, 0, 32;
    %jmp T_11.4;
T_11.1 ;
    %pushi/vec4 0, 0, 24;
    %load/vec4 v0000000000f3b680_0;
    %concat/vec4; draw_concat_vec4
    %store/vec4 v00000000014dc1e0_0, 0, 32;
    %jmp T_11.4;
T_11.2 ;
    %pushi/vec4 0, 0, 31;
    %load/vec4 v0000000000ee28f0_0;
    %concat/vec4; draw_concat_vec4
    %store/vec4 v00000000014dc1e0_0, 0, 32;
    %jmp T_11.4;
T_11.4 ;
    %pop/vec4 1;
    %jmp T_11;
    .thread T_11, $push;
    .scope S_0000000000e9fc80;
T_12 ;
    %wait E_0000000000f22fd0;
    %load/vec4 v00000000014e17e0_0;
    %nor/r;
    %flag_set/vec4 8;
    %jmp/0xz  T_12.0, 8;
    %pushi/vec4 0, 0, 32;
    %assign/vec4 v00000000014de650_0, 0;
    %pushi/vec4 0, 0, 32;
    %assign/vec4 v00000000014e0700_0, 0;
    %jmp T_12.1;
T_12.0 ;
    %load/vec4 v00000000014e03e0_0;
    %nor/r;
    %flag_set/vec4 8;
    %jmp/0xz  T_12.2, 8;
    %load/vec4 v00000000014dfb90_0;
    %assign/vec4 v00000000014de650_0, 0;
    %load/vec4 v00000000014e0f20_0;
    %assign/vec4 v00000000014e0700_0, 0;
T_12.2 ;
T_12.1 ;
    %jmp T_12;
    .thread T_12;
    .scope S_0000000000e9fc80;
T_13 ;
    %wait E_0000000000f22fd0;
    %load/vec4 v00000000014e17e0_0;
    %nor/r;
    %flag_set/vec4 8;
    %load/vec4 v00000000014df730_0;
    %flag_set/vec4 9;
    %flag_or 9, 8;
    %jmp/0xz  T_13.0, 9;
    %pushi/vec4 0, 0, 5;
    %split/vec4 1;
    %assign/vec4 v00000000014e1420_0, 0;
    %split/vec4 1;
    %assign/vec4 v00000000014defb0_0, 0;
    %split/vec4 1;
    %assign/vec4 v00000000014e14c0_0, 0;
    %split/vec4 1;
    %assign/vec4 v00000000014de830_0, 0;
    %assign/vec4 v00000000014e1600_0, 0;
    %pushi/vec4 0, 0, 3;
    %assign/vec4 v00000000014df690_0, 0;
    %pushi/vec4 0, 0, 96;
    %split/vec4 32;
    %assign/vec4 v00000000014e0a20_0, 0;
    %split/vec4 32;
    %assign/vec4 v00000000014e1060_0, 0;
    %assign/vec4 v00000000014e07a0_0, 0;
    %pushi/vec4 0, 0, 15;
    %split/vec4 5;
    %assign/vec4 v00000000014e1ba0_0, 0;
    %split/vec4 5;
    %assign/vec4 v00000000014e1920_0, 0;
    %assign/vec4 v00000000014e1e20_0, 0;
    %jmp T_13.1;
T_13.0 ;
    %load/vec4 v00000000014e08e0_0;
    %assign/vec4 v00000000014e1600_0, 0;
    %load/vec4 v00000000014deab0_0;
    %assign/vec4 v00000000014de830_0, 0;
    %load/vec4 v00000000014e12e0_0;
    %assign/vec4 v00000000014e14c0_0, 0;
    %load/vec4 v00000000014df410_0;
    %assign/vec4 v00000000014df690_0, 0;
    %load/vec4 v00000000014dfe10_0;
    %assign/vec4 v00000000014defb0_0, 0;
    %load/vec4 v00000000014e1f60_0;
    %assign/vec4 v00000000014e1420_0, 0;
    %load/vec4 v00000000014e0fc0_0;
    %assign/vec4 v00000000014e07a0_0, 0;
    %load/vec4 v00000000014e1380_0;
    %assign/vec4 v00000000014e1060_0, 0;
    %load/vec4 v00000000014e2000_0;
    %assign/vec4 v00000000014e0a20_0, 0;
    %load/vec4 v00000000014e1d80_0;
    %assign/vec4 v00000000014e1e20_0, 0;
    %load/vec4 v00000000014e0200_0;
    %assign/vec4 v00000000014e1920_0, 0;
    %load/vec4 v00000000014de510_0;
    %parti/s 5, 11, 5;
    %assign/vec4 v00000000014e1ba0_0, 0;
T_13.1 ;
    %jmp T_13;
    .thread T_13;
    .scope S_0000000000e9fc80;
T_14 ;
    %wait E_0000000000f22fd0;
    %load/vec4 v00000000014e17e0_0;
    %nor/r;
    %flag_set/vec4 8;
    %jmp/0xz  T_14.0, 8;
    %pushi/vec4 0, 0, 3;
    %split/vec4 1;
    %assign/vec4 v00000000014e1880_0, 0;
    %split/vec4 1;
    %assign/vec4 v00000000014dfff0_0, 0;
    %assign/vec4 v00000000014e1b00_0, 0;
    %pushi/vec4 0, 0, 64;
    %split/vec4 32;
    %assign/vec4 v00000000014e0d40_0, 0;
    %assign/vec4 v00000000014df910_0, 0;
    %pushi/vec4 0, 0, 5;
    %assign/vec4 v00000000014e2c10_0, 0;
    %jmp T_14.1;
T_14.0 ;
    %load/vec4 v00000000014e1600_0;
    %assign/vec4 v00000000014e1b00_0, 0;
    %load/vec4 v00000000014de830_0;
    %assign/vec4 v00000000014dfff0_0, 0;
    %load/vec4 v00000000014e14c0_0;
    %assign/vec4 v00000000014e1880_0, 0;
    %load/vec4 v00000000014df550_0;
    %assign/vec4 v00000000014df910_0, 0;
    %load/vec4 v00000000014e0340_0;
    %assign/vec4 v00000000014e0d40_0, 0;
    %load/vec4 v00000000014e0de0_0;
    %assign/vec4 v00000000014e2c10_0, 0;
T_14.1 ;
    %jmp T_14;
    .thread T_14;
    .scope S_0000000000e9fc80;
T_15 ;
    %wait E_0000000000f22fd0;
    %load/vec4 v00000000014e17e0_0;
    %nor/r;
    %flag_set/vec4 8;
    %jmp/0xz  T_15.0, 8;
    %pushi/vec4 0, 0, 2;
    %split/vec4 1;
    %assign/vec4 v00000000014de5b0_0, 0;
    %assign/vec4 v00000000014e0980_0, 0;
    %pushi/vec4 0, 0, 64;
    %split/vec4 32;
    %assign/vec4 v00000000014dedd0_0, 0;
    %assign/vec4 v00000000014e1100_0, 0;
    %pushi/vec4 0, 0, 5;
    %assign/vec4 v00000000014e3a70_0, 0;
    %jmp T_15.1;
T_15.0 ;
    %load/vec4 v00000000014e1b00_0;
    %assign/vec4 v00000000014e0980_0, 0;
    %load/vec4 v00000000014dfff0_0;
    %assign/vec4 v00000000014de5b0_0, 0;
    %load/vec4 v00000000014e05c0_0;
    %assign/vec4 v00000000014e1100_0, 0;
    %load/vec4 v00000000014df910_0;
    %assign/vec4 v00000000014dedd0_0, 0;
    %load/vec4 v00000000014e2c10_0;
    %assign/vec4 v00000000014e3a70_0, 0;
T_15.1 ;
    %jmp T_15;
    .thread T_15;
    .scope S_0000000000f3db80;
T_16 ;
    %pushi/vec4 0, 0, 1;
    %store/vec4 v00000000014e7a60_0, 0, 1;
T_16.0 ;
    %delay 5000, 0;
    %load/vec4 v00000000014e7a60_0;
    %inv;
    %store/vec4 v00000000014e7a60_0, 0, 1;
    %jmp T_16.0;
    %end;
    .thread T_16;
    .scope S_0000000000f3db80;
T_17 ;
    %vpi_call 2 41 "$dumpfile", "mips.vcd" {0 0 0};
    %vpi_call 2 42 "$dumpvars", 32'sb00000000000000000000000000000000, S_0000000000f3db80 {0 0 0};
    %end;
    .thread T_17;
    .scope S_0000000000f3db80;
T_18 ;
    %pushi/vec4 255, 255, 8;
    %store/vec4 v00000000014e7b00_0, 0, 8;
    %pushi/vec4 1, 1, 1;
    %store/vec4 v00000000014e8640_0, 0, 1;
    %end;
    .thread T_18;
    .scope S_0000000000f3db80;
T_19 ;
    %pushi/vec4 0, 0, 1;
    %store/vec4 v00000000014e8320_0, 0, 1;
    %pushi/vec4 0, 0, 8;
    %store/vec4 v00000000014e8960_0, 0, 8;
    %delay 40000, 0;
    %pushi/vec4 1, 0, 1;
    %store/vec4 v00000000014e8320_0, 0, 1;
    %vpi_call 2 56 "$display", "===========================================" {0 0 0};
    %vpi_call 2 57 "$display", "   MIPS PWM Motor Controller PBL Test      " {0 0 0};
    %vpi_call 2 58 "$display", "===========================================" {0 0 0};
    %delay 30000000, 0;
    %pushi/vec4 64, 0, 8;
    %store/vec4 v00000000014e8960_0, 0, 8;
    %delay 30000000, 0;
    %pushi/vec4 128, 0, 8;
    %store/vec4 v00000000014e8960_0, 0, 8;
    %delay 30000000, 0;
    %pushi/vec4 200, 0, 8;
    %store/vec4 v00000000014e8960_0, 0, 8;
    %delay 30000000, 0;
    %pushi/vec4 255, 0, 8;
    %store/vec4 v00000000014e8960_0, 0, 8;
    %delay 10000000, 0;
    %pushi/vec4 16, 0, 8;
    %store/vec4 v00000000014e8960_0, 0, 8;
    %delay 500000, 0;
    %pushi/vec4 240, 0, 8;
    %store/vec4 v00000000014e8960_0, 0, 8;
    %delay 500000, 0;
    %pushi/vec4 32, 0, 8;
    %store/vec4 v00000000014e8960_0, 0, 8;
    %delay 500000, 0;
    %pushi/vec4 255, 0, 8;
    %store/vec4 v00000000014e8960_0, 0, 8;
    %delay 10000000, 0;
    %pushi/vec4 0, 0, 1;
    %store/vec4 v00000000014e8320_0, 0, 1;
    %delay 40000, 0;
    %pushi/vec4 1, 0, 1;
    %store/vec4 v00000000014e8320_0, 0, 1;
    %delay 20000000, 0;
    %pushi/vec4 0, 0, 8;
    %store/vec4 v00000000014e8960_0, 0, 8;
    %delay 30000000, 0;
    %pushi/vec4 255, 0, 8;
    %store/vec4 v00000000014e8960_0, 0, 8;
    %delay 30000000, 0;
    %vpi_call 2 78 "$display", "===========================================" {0 0 0};
    %vpi_call 2 79 "$display", "   Simulation Complete                     " {0 0 0};
    %vpi_call 2 80 "$display", "===========================================" {0 0 0};
    %vpi_call 2 81 "$finish" {0 0 0};
    %end;
    .thread T_19;
    .scope S_0000000000f3db80;
T_20 ;
    %wait E_0000000000f22fd0;
    %load/vec4 v00000000014e8320_0;
    %nor/r;
    %flag_set/vec4 8;
    %jmp/0xz  T_20.0, 8;
    %pushi/vec4 255, 255, 8;
    %assign/vec4 v00000000014e7b00_0, 0;
    %pushi/vec4 1, 1, 1;
    %assign/vec4 v00000000014e8640_0, 0;
    %jmp T_20.1;
T_20.0 ;
    %load/vec4 v00000000014e8000_0;
    %load/vec4 v00000000014e7f60_0;
    %pushi/vec4 152, 0, 32;
    %cmp/e;
    %flag_get/vec4 4;
    %and;
    %load/vec4 v00000000014e8f00_0;
    %parti/s 8, 0, 2;
    %load/vec4 v00000000014e7b00_0;
    %cmp/ne;
    %flag_get/vec4 6;
    %and;
    %flag_set/vec4 8;
    %jmp/0xz  T_20.2, 8;
    %vpi_call 2 90 "$display", "%0t ps: CPU sw duty 0x%02h from switches 0x%02h", $time, &PV<v00000000014e8f00_0, 0, 8>, v00000000014e8960_0 {0 0 0};
    %load/vec4 v00000000014e8f00_0;
    %parti/s 8, 0, 2;
    %assign/vec4 v00000000014e7b00_0, 0;
T_20.2 ;
    %load/vec4 v00000000014e8000_0;
    %load/vec4 v00000000014e7f60_0;
    %pushi/vec4 156, 0, 32;
    %cmp/e;
    %flag_get/vec4 4;
    %and;
    %load/vec4 v00000000014e8f00_0;
    %parti/s 1, 0, 2;
    %load/vec4 v00000000014e8640_0;
    %cmp/ne;
    %flag_get/vec4 6;
    %and;
    %flag_set/vec4 8;
    %jmp/0xz  T_20.4, 8;
    %vpi_call 2 94 "$display", "%0t ps: CPU sw enable %0d", $time, &PV<v00000000014e8f00_0, 0, 1> {0 0 0};
    %load/vec4 v00000000014e8f00_0;
    %parti/s 1, 0, 2;
    %assign/vec4 v00000000014e8640_0, 0;
T_20.4 ;
T_20.1 ;
    %jmp T_20;
    .thread T_20;
# The file index is used to find the file name in the following table.
:file_names 15;
    "N/A";
    "<interactive>";
    "mips_tb.v";
    "mips.v";
    "control_unit.v";
    "alu_decoder.v";
    "main_decoder.v";
    "datapath.v";
    "alu.v";
    "data_memory.v";
    "pwm_controller.v";
    "instruction_memory.v";
    "pc.v";
    "reg_file.v";
    "hazard_unit.v";
