#! /c/iverilog/bin/vvp
:ivl_version "12.0 (devel)" "(s20150603-965-g55e06db6)";
:ivl_delay_selection "TYPICAL";
:vpi_time_precision - 12;
:vpi_module "C:\iverilog\lib\ivl\system.vpi";
:vpi_module "C:\iverilog\lib\ivl\vhdl_sys.vpi";
:vpi_module "C:\iverilog\lib\ivl\vhdl_textio.vpi";
:vpi_module "C:\iverilog\lib\ivl\v2005_math.vpi";
:vpi_module "C:\iverilog\lib\ivl\va_math.vpi";
S_00000000011b9cd0 .scope module, "mips_tb" "mips_tb" 2 3;
 .timescale -9 -12;
v00000000011dd7e0_8 .array/port v00000000011dd7e0, 8;
L_00000000011decc0 .functor BUFZ 32, v00000000011dd7e0_8, C4<00000000000000000000000000000000>, C4<00000000000000000000000000000000>, C4<00000000000000000000000000000000>;
v00000000011dd7e0_9 .array/port v00000000011dd7e0, 9;
L_00000000011ddec0 .functor BUFZ 32, v00000000011dd7e0_9, C4<00000000000000000000000000000000>, C4<00000000000000000000000000000000>, C4<00000000000000000000000000000000>;
v00000000011dd7e0_10 .array/port v00000000011dd7e0, 10;
L_00000000011de8d0 .functor BUFZ 32, v00000000011dd7e0_10, C4<00000000000000000000000000000000>, C4<00000000000000000000000000000000>, C4<00000000000000000000000000000000>;
v0000000001567730_0 .net "alu_result", 31 0, L_00000000011ded30;  1 drivers
v0000000001566ab0_0 .var "clk", 0 0;
v0000000001567cd0_0 .net "pc_out", 31 0, L_00000000011de080;  1 drivers
v0000000001566790_0 .var "rst_n", 0 0;
v00000000015677d0_0 .net "t0", 31 0, L_00000000011decc0;  1 drivers
v0000000001567c30_0 .net "t1", 31 0, L_00000000011ddec0;  1 drivers
v0000000001566650_0 .net "t2", 31 0, L_00000000011de8d0;  1 drivers
E_0000000001197410 .event negedge, v00000000011b7110_0;
S_00000000011bc850 .scope module, "uut" "mips" 2 9, 3 16 0, S_00000000011b9cd0;
 .timescale -9 -12;
    .port_info 0 /INPUT 1 "clk";
    .port_info 1 /INPUT 1 "rst_n";
    .port_info 2 /OUTPUT 32 "pc_out";
    .port_info 3 /OUTPUT 32 "alu_result";
v0000000001562d10_0 .net "alu_ctrl_D", 2 0, v00000000011b5bd0_0;  1 drivers
v00000000015633f0_0 .net "alu_result", 31 0, L_00000000011ded30;  alias, 1 drivers
v0000000001562270_0 .net "alu_src_D", 0 0, L_00000000015670f0;  1 drivers
v0000000001562450_0 .net "branch_D", 0 0, L_00000000015668d0;  1 drivers
v0000000001563c10_0 .net "clk", 0 0, v0000000001566ab0_0;  1 drivers
v0000000001562f90_0 .net "flush_E", 0 0, L_00000000011de160;  1 drivers
v0000000001563cb0_0 .net "forward_a_D", 1 0, v00000000015630d0_0;  1 drivers
v0000000001563fd0_0 .net "forward_a_E", 1 0, v0000000001563df0_0;  1 drivers
v0000000001562a90_0 .net "forward_b_D", 1 0, v0000000001563e90_0;  1 drivers
v0000000001562770_0 .net "forward_b_E", 1 0, v00000000015621d0_0;  1 drivers
v0000000001562bd0_0 .net "instr_D", 31 0, v000000000155e250_0;  1 drivers
v0000000001562810_0 .net "jump_D", 0 0, L_0000000001567d70;  1 drivers
v0000000001563530_0 .net "mem_to_reg_D", 0 0, L_0000000001566830;  1 drivers
v0000000001563d50_0 .net "mem_to_reg_E", 0 0, v000000000155e2f0_0;  1 drivers
v0000000001562e50_0 .net "mem_to_reg_M", 0 0, v000000000155ec50_0;  1 drivers
v0000000001562db0_0 .net "mem_write_D", 0 0, L_0000000001567190;  1 drivers
v0000000001562310_0 .net "pc_out", 31 0, L_00000000011de080;  alias, 1 drivers
v0000000001562c70_0 .net "reg_dst_D", 0 0, L_00000000015672d0;  1 drivers
v00000000015624f0_0 .net "reg_write_D", 0 0, L_0000000001567af0;  1 drivers
v0000000001562590_0 .net "reg_write_E", 0 0, v00000000015613e0_0;  1 drivers
v0000000001563170_0 .net "reg_write_M", 0 0, L_00000000011deb00;  1 drivers
v0000000001563030_0 .net "reg_write_W", 0 0, L_00000000011dec50;  1 drivers
v0000000001563210_0 .net "rs_D", 4 0, L_00000000015663d0;  1 drivers
v0000000001563350_0 .net "rs_E", 4 0, L_00000000011de9b0;  1 drivers
v00000000015635d0_0 .net "rst_n", 0 0, v0000000001566790_0;  1 drivers
v0000000001563850_0 .net "rt_D", 4 0, L_0000000001566470;  1 drivers
v00000000015638f0_0 .net "rt_E", 4 0, v0000000001561ca0_0;  1 drivers
v0000000001563990_0 .net "stall_D", 0 0, L_00000000011de710;  1 drivers
v0000000001563a30_0 .net "stall_F", 0 0, L_00000000011deb70;  1 drivers
v0000000001563ad0_0 .net "write_reg_E", 4 0, L_00000000011dea20;  1 drivers
v0000000001567410_0 .net "write_reg_M", 4 0, v00000000015612a0_0;  1 drivers
v0000000001567050_0 .net "write_reg_W", 4 0, L_00000000011ddf30;  1 drivers
L_0000000001567870 .part v000000000155e250_0, 26, 6;
L_0000000001566970 .part v000000000155e250_0, 0, 6;
S_00000000011bc9e0 .scope module, "u_control" "control_unit" 3 43, 4 10 0, S_00000000011bc850;
 .timescale -9 -12;
    .port_info 0 /INPUT 6 "opcode";
    .port_info 1 /INPUT 6 "funct";
    .port_info 2 /OUTPUT 1 "mem_to_reg";
    .port_info 3 /OUTPUT 1 "mem_write";
    .port_info 4 /OUTPUT 1 "branch";
    .port_info 5 /OUTPUT 1 "alu_src";
    .port_info 6 /OUTPUT 1 "reg_dst";
    .port_info 7 /OUTPUT 1 "reg_write";
    .port_info 8 /OUTPUT 1 "jump";
    .port_info 9 /OUTPUT 3 "alu_ctrl";
v00000000011b6df0_0 .net "alu_ctrl", 2 0, v00000000011b5bd0_0;  alias, 1 drivers
v00000000011b6f30_0 .net "alu_op", 1 0, L_0000000001567230;  1 drivers
v00000000011b6030_0 .net "alu_src", 0 0, L_00000000015670f0;  alias, 1 drivers
v00000000011b6ad0_0 .net "branch", 0 0, L_00000000015668d0;  alias, 1 drivers
v00000000011b5ef0_0 .net "funct", 5 0, L_0000000001566970;  1 drivers
v00000000011b65d0_0 .net "jump", 0 0, L_0000000001567d70;  alias, 1 drivers
v00000000011b5e50_0 .net "mem_to_reg", 0 0, L_0000000001566830;  alias, 1 drivers
v00000000011b6670_0 .net "mem_write", 0 0, L_0000000001567190;  alias, 1 drivers
v00000000011b6d50_0 .net "opcode", 5 0, L_0000000001567870;  1 drivers
v00000000011b67b0_0 .net "reg_dst", 0 0, L_00000000015672d0;  alias, 1 drivers
v00000000011b5f90_0 .net "reg_write", 0 0, L_0000000001567af0;  alias, 1 drivers
S_00000000011bfbd0 .scope module, "u_alu_dec" "alu_decoder" 4 34, 5 15 0, S_00000000011bc9e0;
 .timescale -9 -12;
    .port_info 0 /INPUT 2 "alu_op";
    .port_info 1 /INPUT 6 "funct";
    .port_info 2 /OUTPUT 3 "alu_ctrl";
v00000000011b5bd0_0 .var "alu_ctrl", 2 0;
v00000000011b5a90_0 .net "alu_op", 1 0, L_0000000001567230;  alias, 1 drivers
v00000000011b5b30_0 .net "funct", 5 0, L_0000000001566970;  alias, 1 drivers
E_0000000001197b50 .event edge, v00000000011b5a90_0, v00000000011b5b30_0;
S_00000000011be600 .scope module, "u_main_dec" "main_decoder" 4 23, 6 2 0, S_00000000011bc9e0;
 .timescale -9 -12;
    .port_info 0 /INPUT 6 "opcode";
    .port_info 1 /OUTPUT 1 "mem_to_reg";
    .port_info 2 /OUTPUT 1 "mem_write";
    .port_info 3 /OUTPUT 1 "branch";
    .port_info 4 /OUTPUT 1 "alu_src";
    .port_info 5 /OUTPUT 1 "reg_dst";
    .port_info 6 /OUTPUT 1 "reg_write";
    .port_info 7 /OUTPUT 1 "jump";
    .port_info 8 /OUTPUT 2 "alu_op";
v00000000011b6490_0 .net *"_ivl_10", 8 0, L_0000000001566e70;  1 drivers
v00000000011b5d10_0 .net "alu_op", 1 0, L_0000000001567230;  alias, 1 drivers
v00000000011b6c10_0 .net "alu_src", 0 0, L_00000000015670f0;  alias, 1 drivers
v00000000011b7070_0 .net "branch", 0 0, L_00000000015668d0;  alias, 1 drivers
v00000000011b62b0_0 .var "controls", 9 0;
v00000000011b6cb0_0 .net "jump", 0 0, L_0000000001567d70;  alias, 1 drivers
v00000000011b5c70_0 .net "mem_to_reg", 0 0, L_0000000001566830;  alias, 1 drivers
v00000000011b6350_0 .net "mem_write", 0 0, L_0000000001567190;  alias, 1 drivers
v00000000011b5db0_0 .net "opcode", 5 0, L_0000000001567870;  alias, 1 drivers
v00000000011b5950_0 .net "reg_dst", 0 0, L_00000000015672d0;  alias, 1 drivers
v00000000011b63f0_0 .net "reg_write", 0 0, L_0000000001567af0;  alias, 1 drivers
E_00000000011979d0 .event edge, v00000000011b5db0_0;
L_0000000001567af0 .part L_0000000001566e70, 8, 1;
L_00000000015672d0 .part L_0000000001566e70, 7, 1;
L_00000000015670f0 .part L_0000000001566e70, 6, 1;
L_00000000015668d0 .part L_0000000001566e70, 5, 1;
L_0000000001567190 .part L_0000000001566e70, 4, 1;
L_0000000001566830 .part L_0000000001566e70, 3, 1;
L_0000000001567d70 .part L_0000000001566e70, 2, 1;
L_0000000001567230 .part L_0000000001566e70, 0, 2;
L_0000000001566e70 .part v00000000011b62b0_0, 0, 9;
S_00000000011be790 .scope module, "u_datapath" "datapath" 3 77, 7 16 0, S_00000000011bc850;
 .timescale -9 -12;
    .port_info 0 /INPUT 1 "clk";
    .port_info 1 /INPUT 1 "rst_n";
    .port_info 2 /INPUT 1 "reg_write_D";
    .port_info 3 /INPUT 1 "mem_to_reg_D";
    .port_info 4 /INPUT 1 "mem_write_D";
    .port_info 5 /INPUT 3 "alu_ctrl_D";
    .port_info 6 /INPUT 1 "alu_src_D";
    .port_info 7 /INPUT 1 "reg_dst_D";
    .port_info 8 /INPUT 1 "branch_D";
    .port_info 9 /INPUT 1 "jump_D";
    .port_info 10 /INPUT 1 "stall_F";
    .port_info 11 /INPUT 1 "stall_D";
    .port_info 12 /INPUT 1 "flush_E";
    .port_info 13 /INPUT 2 "forward_a_E";
    .port_info 14 /INPUT 2 "forward_b_E";
    .port_info 15 /INPUT 2 "forward_a_D";
    .port_info 16 /INPUT 2 "forward_b_D";
    .port_info 17 /OUTPUT 5 "rs_D";
    .port_info 18 /OUTPUT 5 "rt_D";
    .port_info 19 /OUTPUT 5 "rs_E";
    .port_info 20 /OUTPUT 5 "rt_E";
    .port_info 21 /OUTPUT 5 "write_reg_E";
    .port_info 22 /OUTPUT 1 "reg_write_E";
    .port_info 23 /OUTPUT 5 "write_reg_M";
    .port_info 24 /OUTPUT 5 "write_reg_W";
    .port_info 25 /OUTPUT 1 "reg_write_M";
    .port_info 26 /OUTPUT 1 "reg_write_W";
    .port_info 27 /OUTPUT 1 "mem_to_reg_E";
    .port_info 28 /OUTPUT 1 "mem_to_reg_M";
    .port_info 29 /OUTPUT 32 "instr_D";
    .port_info 30 /OUTPUT 32 "pc_out";
    .port_info 31 /OUTPUT 32 "alu_result_out";
L_00000000011de390 .functor NOT 1, L_00000000011deb70, C4<0>, C4<0>, C4<0>;
L_00000000011de080 .functor BUFZ 32, v00000000011b56d0_0, C4<00000000000000000000000000000000>, C4<00000000000000000000000000000000>, C4<00000000000000000000000000000000>;
L_00000000011de1d0 .functor NOT 1, v0000000001566ab0_0, C4<0>, C4<0>, C4<0>;
L_00000000011debe0 .functor NOT 1, L_00000000015c1590, C4<0>, C4<0>, C4<0>;
L_00000000011de940 .functor AND 1, L_00000000015668d0, L_00000000015c1770, C4<1>, C4<1>;
L_00000000011de9b0 .functor BUFZ 5, v00000000015617a0_0, C4<00000>, C4<00000>, C4<00000>;
L_00000000011dea20 .functor BUFZ 5, L_00000000015c0c30, C4<00000>, C4<00000>, C4<00000>;
L_00000000011de6a0 .functor BUFZ 32, v000000000155f970_0, C4<00000000000000000000000000000000>, C4<00000000000000000000000000000000>, C4<00000000000000000000000000000000>;
L_00000000011deb00 .functor BUFZ 1, v0000000001560da0_0, C4<0>, C4<0>, C4<0>;
L_00000000011ddf30 .functor BUFZ 5, v0000000001560800_0, C4<00000>, C4<00000>, C4<00000>;
L_00000000011dec50 .functor BUFZ 1, v0000000001561160_0, C4<0>, C4<0>, C4<0>;
L_00000000011de0f0 .functor BUFZ 1, v0000000001561160_0, C4<0>, C4<0>, C4<0>;
L_00000000011de400 .functor BUFZ 5, v0000000001560800_0, C4<00000>, C4<00000>, C4<00000>;
L_00000000011ded30 .functor BUFZ 32, L_00000000015c1130, C4<00000000000000000000000000000000>, C4<00000000000000000000000000000000>, C4<00000000000000000000000000000000>;
L_0000000001568160 .functor BUFT 1, C4<00>, C4<0>, C4<0>, C4<0>;
v00000000011ddce0_0 .net/2u *"_ivl_10", 1 0, L_0000000001568160;  1 drivers
v00000000011dbe40_0 .net *"_ivl_100", 0 0, L_00000000015c0690;  1 drivers
v00000000011dc660_0 .net *"_ivl_102", 31 0, L_00000000015c2210;  1 drivers
L_0000000001568598 .functor BUFT 1, C4<10>, C4<0>, C4<0>, C4<0>;
v00000000011dc020_0 .net/2u *"_ivl_106", 1 0, L_0000000001568598;  1 drivers
v00000000011dcde0_0 .net *"_ivl_108", 0 0, L_00000000015c1450;  1 drivers
L_00000000015685e0 .functor BUFT 1, C4<01>, C4<0>, C4<0>, C4<0>;
v00000000011dc340_0 .net/2u *"_ivl_110", 1 0, L_00000000015685e0;  1 drivers
v00000000011dc840_0 .net *"_ivl_112", 0 0, L_00000000015c2030;  1 drivers
v00000000011dce80_0 .net *"_ivl_114", 31 0, L_00000000015c0190;  1 drivers
v00000000011dcf20_0 .net *"_ivl_12", 31 0, L_0000000001566c90;  1 drivers
v00000000011dcca0_0 .net *"_ivl_14", 31 0, L_0000000001566d30;  1 drivers
L_0000000001568118 .functor BUFT 1, C4<00000000000000000000000000000100>, C4<0>, C4<0>, C4<0>;
v00000000011dd740_0 .net/2u *"_ivl_2", 31 0, L_0000000001568118;  1 drivers
v00000000011dd060_0 .net *"_ivl_29", 0 0, L_0000000001566150;  1 drivers
v00000000011dd100_0 .net *"_ivl_30", 15 0, L_00000000015661f0;  1 drivers
v00000000011dc8e0_0 .net *"_ivl_33", 15 0, L_0000000001566290;  1 drivers
L_0000000001568358 .functor BUFT 1, C4<10>, C4<0>, C4<0>, C4<0>;
v00000000011dd9c0_0 .net/2u *"_ivl_40", 1 0, L_0000000001568358;  1 drivers
v00000000011dc160_0 .net *"_ivl_42", 0 0, L_00000000015c28f0;  1 drivers
L_00000000015683a0 .functor BUFT 1, C4<01>, C4<0>, C4<0>, C4<0>;
v00000000011dc3e0_0 .net/2u *"_ivl_44", 1 0, L_00000000015683a0;  1 drivers
v00000000011dd6a0_0 .net *"_ivl_46", 0 0, L_00000000015c1630;  1 drivers
v00000000011dc980_0 .net *"_ivl_48", 31 0, L_00000000015c2670;  1 drivers
L_00000000015683e8 .functor BUFT 1, C4<10>, C4<0>, C4<0>, C4<0>;
v00000000011dd1a0_0 .net/2u *"_ivl_52", 1 0, L_00000000015683e8;  1 drivers
v00000000011dd880_0 .net *"_ivl_54", 0 0, L_00000000015c1e50;  1 drivers
L_0000000001568430 .functor BUFT 1, C4<01>, C4<0>, C4<0>, C4<0>;
v00000000011dda60_0 .net/2u *"_ivl_56", 1 0, L_0000000001568430;  1 drivers
v00000000011dd2e0_0 .net *"_ivl_58", 0 0, L_00000000015c0550;  1 drivers
v00000000011ddb00_0 .net *"_ivl_60", 31 0, L_00000000015c27b0;  1 drivers
v00000000011ddc40_0 .net *"_ivl_64", 31 0, L_00000000015c07d0;  1 drivers
v00000000011dbf80_0 .net *"_ivl_66", 29 0, L_00000000015c1950;  1 drivers
L_0000000001568478 .functor BUFT 1, C4<00>, C4<0>, C4<0>, C4<0>;
v00000000011dbee0_0 .net *"_ivl_68", 1 0, L_0000000001568478;  1 drivers
v00000000011dc0c0_0 .net *"_ivl_7", 3 0, L_0000000001566a10;  1 drivers
v00000000011dc2a0_0 .net *"_ivl_73", 5 0, L_00000000015c2350;  1 drivers
L_00000000015684c0 .functor BUFT 1, C4<000101>, C4<0>, C4<0>, C4<0>;
v00000000011dcc00_0 .net/2u *"_ivl_74", 5 0, L_00000000015684c0;  1 drivers
v00000000011dc700_0 .net *"_ivl_78", 0 0, L_00000000015c1590;  1 drivers
v00000000011dc480_0 .net *"_ivl_80", 0 0, L_00000000011debe0;  1 drivers
v00000000011dc7a0_0 .net *"_ivl_82", 0 0, L_00000000015c16d0;  1 drivers
v000000000155e930_0 .net *"_ivl_84", 0 0, L_00000000015c1770;  1 drivers
v000000000155f5b0_0 .net *"_ivl_9", 25 0, L_00000000015665b0;  1 drivers
L_0000000001568508 .functor BUFT 1, C4<10>, C4<0>, C4<0>, C4<0>;
v000000000155f470_0 .net/2u *"_ivl_94", 1 0, L_0000000001568508;  1 drivers
v000000000155e750_0 .net *"_ivl_96", 0 0, L_00000000015c25d0;  1 drivers
L_0000000001568550 .functor BUFT 1, C4<01>, C4<0>, C4<0>, C4<0>;
v000000000155e890_0 .net/2u *"_ivl_98", 1 0, L_0000000001568550;  1 drivers
v000000000155e570_0 .net "alu_ctrl_D", 2 0, v00000000011b5bd0_0;  alias, 1 drivers
v000000000155ff10_0 .var "alu_ctrl_E", 2 0;
v000000000155ebb0_0 .net "alu_result_E", 31 0, v00000000011b7390_0;  1 drivers
v000000000155f970_0 .var "alu_result_M_reg", 31 0;
v000000000155fd30_0 .net "alu_result_M_wire", 31 0, L_00000000011de6a0;  1 drivers
v000000000155e1b0_0 .var "alu_result_W", 31 0;
v000000000155fb50_0 .net "alu_result_out", 31 0, L_00000000011ded30;  alias, 1 drivers
v000000000155e7f0_0 .net "alu_src_D", 0 0, L_00000000015670f0;  alias, 1 drivers
v000000000155ffb0_0 .var "alu_src_E", 0 0;
v000000000155e6b0_0 .net "bne_D", 0 0, L_00000000015c14f0;  1 drivers
v000000000155f010_0 .net "branch_D", 0 0, L_00000000015668d0;  alias, 1 drivers
v000000000155fdd0_0 .net "clk", 0 0, v0000000001566ab0_0;  alias, 1 drivers
v000000000155ee30_0 .net "flush_E", 0 0, L_00000000011de160;  alias, 1 drivers
v000000000155f0b0_0 .net "forward_a_D", 1 0, v00000000015630d0_0;  alias, 1 drivers
v000000000155e9d0_0 .net "forward_a_E", 1 0, v0000000001563df0_0;  alias, 1 drivers
v000000000155fe70_0 .net "forward_b_D", 1 0, v0000000001563e90_0;  alias, 1 drivers
v000000000155fbf0_0 .net "forward_b_E", 1 0, v00000000015621d0_0;  alias, 1 drivers
v000000000155e110_0 .net "instr_D", 31 0, v000000000155e250_0;  alias, 1 drivers
v000000000155e250_0 .var "instr_D_reg", 31 0;
v000000000155fa10_0 .net "instr_F", 31 0, L_00000000011de550;  1 drivers
v000000000155eb10_0 .net "jump_D", 0 0, L_0000000001567d70;  alias, 1 drivers
v000000000155e390_0 .net "mem_to_reg_D", 0 0, L_0000000001566830;  alias, 1 drivers
v000000000155e4d0_0 .net "mem_to_reg_E", 0 0, v000000000155e2f0_0;  alias, 1 drivers
v000000000155e2f0_0 .var "mem_to_reg_E_reg", 0 0;
v000000000155e430_0 .net "mem_to_reg_M", 0 0, v000000000155ec50_0;  alias, 1 drivers
v000000000155ec50_0 .var "mem_to_reg_M_reg", 0 0;
v000000000155e610_0 .var "mem_to_reg_W", 0 0;
v000000000155ea70_0 .net "mem_write_D", 0 0, L_0000000001567190;  alias, 1 drivers
v000000000155f290_0 .var "mem_write_E", 0 0;
v000000000155f1f0_0 .var "mem_write_M", 0 0;
v000000000155ecf0_0 .net "pc_F", 31 0, v00000000011b56d0_0;  1 drivers
v000000000155ed90_0 .net "pc_branch_D", 31 0, L_00000000015c1c70;  1 drivers
v000000000155f790_0 .net "pc_next_F", 31 0, L_0000000001567e10;  1 drivers
v000000000155eed0_0 .net "pc_out", 31 0, L_00000000011de080;  alias, 1 drivers
v000000000155f6f0_0 .var "pc_plus4_D", 31 0;
v000000000155ef70_0 .var "pc_plus4_E", 31 0;
v000000000155f830_0 .net "pc_plus4_F", 31 0, L_0000000001567370;  1 drivers
v000000000155f150_0 .net "pc_src_D", 0 0, L_00000000011de940;  1 drivers
v000000000155f330_0 .net "rd1_D", 31 0, L_0000000001566dd0;  1 drivers
v000000000155f3d0_0 .var "rd1_E", 31 0;
v000000000155f510_0 .net "rd2_D", 31 0, L_0000000001567690;  1 drivers
v000000000155f650_0 .var "rd2_E", 31 0;
v000000000155f8d0_0 .var "rd_E", 4 0;
v000000000155fc90_0 .net "read_data_M", 31 0, L_00000000011de470;  1 drivers
v000000000155fab0_0 .var "read_data_W", 31 0;
v00000000015618e0_0 .net "reg_dst_D", 0 0, L_00000000015672d0;  alias, 1 drivers
v00000000015610c0_0 .var "reg_dst_E", 0 0;
v0000000001561d40_0 .net "reg_write_D", 0 0, L_0000000001567af0;  alias, 1 drivers
v00000000015615c0_0 .net "reg_write_E", 0 0, v00000000015613e0_0;  alias, 1 drivers
v00000000015613e0_0 .var "reg_write_E_reg", 0 0;
v0000000001561a20_0 .net "reg_write_M", 0 0, L_00000000011deb00;  alias, 1 drivers
v0000000001560da0_0 .var "reg_write_M_reg", 0 0;
v00000000015606c0_0 .net "reg_write_W", 0 0, L_00000000011dec50;  alias, 1 drivers
v0000000001561160_0 .var "reg_write_W_reg", 0 0;
v0000000001561ac0_0 .net "reg_write_W_wire", 0 0, L_00000000011de0f0;  1 drivers
v0000000001561c00_0 .net "result_W", 31 0, L_00000000015c1130;  1 drivers
v0000000001561de0_0 .net "rs_D", 4 0, L_00000000015663d0;  alias, 1 drivers
v0000000001561f20_0 .net "rs_E", 4 0, L_00000000011de9b0;  alias, 1 drivers
v00000000015617a0_0 .var "rs_E_reg", 4 0;
v0000000001560940_0 .net "rst_n", 0 0, v0000000001566790_0;  alias, 1 drivers
v00000000015601c0_0 .net "rt_D", 4 0, L_0000000001566470;  alias, 1 drivers
v0000000001561e80_0 .net "rt_E", 4 0, v0000000001561ca0_0;  alias, 1 drivers
v0000000001561ca0_0 .var "rt_E_reg", 4 0;
v0000000001561840_0 .net "sign_imm_D", 31 0, L_0000000001566330;  1 drivers
v0000000001561480_0 .var "sign_imm_E", 31 0;
v0000000001561980_0 .net "src_a_D", 31 0, L_00000000015c1d10;  1 drivers
v0000000001561660_0 .net "src_a_E_final", 31 0, L_00000000015c0910;  1 drivers
v0000000001561700_0 .net "src_b_D", 31 0, L_00000000015c0e10;  1 drivers
v00000000015609e0_0 .net "src_b_E_final", 31 0, L_00000000015c2530;  1 drivers
v0000000001561020_0 .net "src_b_E_temp", 31 0, L_00000000015c1810;  1 drivers
v00000000015608a0_0 .net "stall_D", 0 0, L_00000000011de710;  alias, 1 drivers
v0000000001560ee0_0 .net "stall_F", 0 0, L_00000000011deb70;  alias, 1 drivers
v0000000001560620_0 .var "write_data_M", 31 0;
v0000000001561fc0_0 .net "write_reg_E", 4 0, L_00000000011dea20;  alias, 1 drivers
v0000000001561200_0 .net "write_reg_E_wire", 4 0, L_00000000015c0c30;  1 drivers
v0000000001560760_0 .net "write_reg_M", 4 0, v00000000015612a0_0;  alias, 1 drivers
v00000000015612a0_0 .var "write_reg_M_reg", 4 0;
v0000000001561b60_0 .net "write_reg_W", 4 0, L_00000000011ddf30;  alias, 1 drivers
v0000000001560800_0 .var "write_reg_W_reg", 4 0;
v0000000001560120_0 .net "write_reg_W_wire", 4 0, L_00000000011de400;  1 drivers
v0000000001560260_0 .net "zero_E", 0 0, L_00000000015c09b0;  1 drivers
L_0000000001567370 .arith/sum 32, v00000000011b56d0_0, L_0000000001568118;
L_0000000001566a10 .part v000000000155f6f0_0, 28, 4;
L_00000000015665b0 .part v000000000155e250_0, 0, 26;
L_0000000001566c90 .concat [ 2 26 4 0], L_0000000001568160, L_00000000015665b0, L_0000000001566a10;
L_0000000001566d30 .functor MUXZ 32, L_0000000001567370, L_0000000001566c90, L_0000000001567d70, C4<>;
L_0000000001567e10 .functor MUXZ 32, L_0000000001566d30, L_00000000015c1c70, L_00000000011de940, C4<>;
L_0000000001567f50 .part v000000000155e250_0, 21, 5;
L_0000000001567ff0 .part v000000000155e250_0, 16, 5;
L_0000000001566150 .part v000000000155e250_0, 15, 1;
LS_00000000015661f0_0_0 .concat [ 1 1 1 1], L_0000000001566150, L_0000000001566150, L_0000000001566150, L_0000000001566150;
LS_00000000015661f0_0_4 .concat [ 1 1 1 1], L_0000000001566150, L_0000000001566150, L_0000000001566150, L_0000000001566150;
LS_00000000015661f0_0_8 .concat [ 1 1 1 1], L_0000000001566150, L_0000000001566150, L_0000000001566150, L_0000000001566150;
LS_00000000015661f0_0_12 .concat [ 1 1 1 1], L_0000000001566150, L_0000000001566150, L_0000000001566150, L_0000000001566150;
L_00000000015661f0 .concat [ 4 4 4 4], LS_00000000015661f0_0_0, LS_00000000015661f0_0_4, LS_00000000015661f0_0_8, LS_00000000015661f0_0_12;
L_0000000001566290 .part v000000000155e250_0, 0, 16;
L_0000000001566330 .concat [ 16 16 0 0], L_0000000001566290, L_00000000015661f0;
L_00000000015663d0 .part v000000000155e250_0, 21, 5;
L_0000000001566470 .part v000000000155e250_0, 16, 5;
L_00000000015c28f0 .cmp/eq 2, v00000000015630d0_0, L_0000000001568358;
L_00000000015c1630 .cmp/eq 2, v00000000015630d0_0, L_00000000015683a0;
L_00000000015c2670 .functor MUXZ 32, L_0000000001566dd0, L_00000000015c1130, L_00000000015c1630, C4<>;
L_00000000015c1d10 .functor MUXZ 32, L_00000000015c2670, v000000000155f970_0, L_00000000015c28f0, C4<>;
L_00000000015c1e50 .cmp/eq 2, v0000000001563e90_0, L_00000000015683e8;
L_00000000015c0550 .cmp/eq 2, v0000000001563e90_0, L_0000000001568430;
L_00000000015c27b0 .functor MUXZ 32, L_0000000001567690, L_00000000015c1130, L_00000000015c0550, C4<>;
L_00000000015c0e10 .functor MUXZ 32, L_00000000015c27b0, v000000000155f970_0, L_00000000015c1e50, C4<>;
L_00000000015c1950 .part L_0000000001566330, 0, 30;
L_00000000015c07d0 .concat [ 2 30 0 0], L_0000000001568478, L_00000000015c1950;
L_00000000015c1c70 .arith/sum 32, v000000000155f6f0_0, L_00000000015c07d0;
L_00000000015c2350 .part v000000000155e250_0, 26, 6;
L_00000000015c14f0 .cmp/eq 6, L_00000000015c2350, L_00000000015684c0;
L_00000000015c1590 .cmp/eq 32, L_00000000015c1d10, L_00000000015c0e10;
L_00000000015c16d0 .cmp/eq 32, L_00000000015c1d10, L_00000000015c0e10;
L_00000000015c1770 .functor MUXZ 1, L_00000000015c16d0, L_00000000011debe0, L_00000000015c14f0, C4<>;
L_00000000015c25d0 .cmp/eq 2, v0000000001563df0_0, L_0000000001568508;
L_00000000015c0690 .cmp/eq 2, v0000000001563df0_0, L_0000000001568550;
L_00000000015c2210 .functor MUXZ 32, v000000000155f3d0_0, L_00000000015c1130, L_00000000015c0690, C4<>;
L_00000000015c0910 .functor MUXZ 32, L_00000000015c2210, L_00000000011de6a0, L_00000000015c25d0, C4<>;
L_00000000015c1450 .cmp/eq 2, v00000000015621d0_0, L_0000000001568598;
L_00000000015c2030 .cmp/eq 2, v00000000015621d0_0, L_00000000015685e0;
L_00000000015c0190 .functor MUXZ 32, v000000000155f650_0, L_00000000015c1130, L_00000000015c2030, C4<>;
L_00000000015c1810 .functor MUXZ 32, L_00000000015c0190, L_00000000011de6a0, L_00000000015c1450, C4<>;
L_00000000015c2530 .functor MUXZ 32, L_00000000015c1810, v0000000001561480_0, v000000000155ffb0_0, C4<>;
L_00000000015c0c30 .functor MUXZ 5, v0000000001561ca0_0, v000000000155f8d0_0, v00000000015610c0_0, C4<>;
L_00000000015c1130 .functor MUXZ 32, v000000000155e1b0_0, v000000000155fab0_0, v000000000155e610_0, C4<>;
S_00000000011721e0 .scope module, "u_alu" "alu" 7 192, 8 16 0, S_00000000011be790;
 .timescale -9 -12;
    .port_info 0 /INPUT 32 "src_a";
    .port_info 1 /INPUT 32 "src_b";
    .port_info 2 /INPUT 3 "alu_ctrl";
    .port_info 3 /OUTPUT 32 "result";
    .port_info 4 /OUTPUT 1 "zero";
L_0000000001568628 .functor BUFT 1, C4<00000000000000000000000000000000>, C4<0>, C4<0>, C4<0>;
v00000000011b6b70_0 .net/2u *"_ivl_0", 31 0, L_0000000001568628;  1 drivers
v00000000011b6fd0_0 .net "alu_ctrl", 2 0, v000000000155ff10_0;  1 drivers
v00000000011b7390_0 .var "result", 31 0;
v00000000011b6e90_0 .net "src_a", 31 0, L_00000000015c0910;  alias, 1 drivers
v00000000011b59f0_0 .net "src_b", 31 0, L_00000000015c2530;  alias, 1 drivers
v00000000011b6850_0 .net "zero", 0 0, L_00000000015c09b0;  alias, 1 drivers
E_0000000001197510 .event edge, v00000000011b6fd0_0, v00000000011b6e90_0, v00000000011b59f0_0;
L_00000000015c09b0 .cmp/eq 32, v00000000011b7390_0, L_0000000001568628;
S_000000000116c5a0 .scope module, "u_data_mem" "data_memory" 7 221, 9 14 0, S_00000000011be790;
 .timescale -9 -12;
    .port_info 0 /INPUT 1 "clk";
    .port_info 1 /INPUT 1 "mem_write_en";
    .port_info 2 /INPUT 32 "addr";
    .port_info 3 /INPUT 32 "write_data";
    .port_info 4 /OUTPUT 32 "read_data";
P_00000000010f2db0 .param/l "DEPTH" 0 9 16, +C4<00000000000000000000000100000000>;
P_00000000010f2de8 .param/l "WIDTH" 0 9 15, +C4<00000000000000000000000000100000>;
L_00000000011de470 .functor BUFZ 32, L_00000000015c1db0, C4<00000000000000000000000000000000>, C4<00000000000000000000000000000000>, C4<00000000000000000000000000000000>;
v00000000011b60d0_0 .net *"_ivl_0", 31 0, L_00000000015c1db0;  1 drivers
v00000000011b58b0_0 .net *"_ivl_3", 29 0, L_00000000015c1ef0;  1 drivers
v00000000011b6170_0 .net "addr", 31 0, v000000000155f970_0;  1 drivers
v00000000011b7110_0 .net "clk", 0 0, v0000000001566ab0_0;  alias, 1 drivers
v00000000011b6210_0 .net "mem_write_en", 0 0, v000000000155f1f0_0;  1 drivers
v00000000011b71b0 .array "ram", 255 0, 31 0;
v00000000011b7250_0 .net "read_data", 31 0, L_00000000011de470;  alias, 1 drivers
v00000000011b72f0_0 .net "write_data", 31 0, v0000000001560620_0;  1 drivers
E_0000000001197150 .event posedge, v00000000011b7110_0;
L_00000000015c1db0 .array/port v00000000011b71b0, L_00000000015c1ef0;
L_00000000015c1ef0 .part v000000000155f970_0, 2, 30;
S_000000000116c730 .scope module, "u_imem" "instruction_memory" 7 63, 10 14 0, S_00000000011be790;
 .timescale -9 -12;
    .port_info 0 /INPUT 32 "addr";
    .port_info 1 /OUTPUT 32 "rd";
P_00000000010f3250 .param/l "DEPTH" 0 10 16, +C4<00000000000000000000000100000000>;
P_00000000010f3288 .param/l "WIDTH" 0 10 15, +C4<00000000000000000000000000100000>;
L_00000000011de550 .functor BUFZ 32, L_0000000001566f10, C4<00000000000000000000000000000000>, C4<00000000000000000000000000000000>, C4<00000000000000000000000000000000>;
v00000000011b68f0_0 .net *"_ivl_0", 31 0, L_0000000001566f10;  1 drivers
v00000000011b6990_0 .net *"_ivl_3", 29 0, L_0000000001566bf0;  1 drivers
v00000000011b54f0_0 .net "addr", 31 0, v00000000011b56d0_0;  alias, 1 drivers
v00000000011b6a30 .array "ram", 255 0, 31 0;
v00000000011b5590_0 .net "rd", 31 0, L_00000000011de550;  alias, 1 drivers
L_0000000001566f10 .array/port v00000000011b6a30, L_0000000001566bf0;
L_0000000001566bf0 .part v00000000011b56d0_0, 2, 30;
S_000000000116c8c0 .scope module, "u_pc" "pc" 7 55, 11 10 0, S_00000000011be790;
 .timescale -9 -12;
    .port_info 0 /INPUT 1 "clk";
    .port_info 1 /INPUT 1 "rst_n";
    .port_info 2 /INPUT 1 "en";
    .port_info 3 /INPUT 32 "pc_next";
    .port_info 4 /OUTPUT 32 "pc";
v00000000011b5810_0 .net "clk", 0 0, v0000000001566ab0_0;  alias, 1 drivers
v00000000011b5630_0 .net "en", 0 0, L_00000000011de390;  1 drivers
v00000000011b56d0_0 .var "pc", 31 0;
v00000000011b5770_0 .net "pc_next", 31 0, L_0000000001567e10;  alias, 1 drivers
v000000000119b280_0 .net "rst_n", 0 0, v0000000001566790_0;  alias, 1 drivers
E_0000000001197190/0 .event negedge, v000000000119b280_0;
E_0000000001197190/1 .event posedge, v00000000011b7110_0;
E_0000000001197190 .event/or E_0000000001197190/0, E_0000000001197190/1;
S_0000000001128fb0 .scope module, "u_reg_file" "reg_file" 7 101, 12 12 0, S_00000000011be790;
 .timescale -9 -12;
    .port_info 0 /INPUT 1 "clk";
    .port_info 1 /INPUT 1 "we3";
    .port_info 2 /INPUT 5 "wa3";
    .port_info 3 /INPUT 32 "wd3";
    .port_info 4 /INPUT 5 "ra1";
    .port_info 5 /INPUT 5 "ra2";
    .port_info 6 /OUTPUT 32 "rd1";
    .port_info 7 /OUTPUT 32 "rd2";
L_00000000015681a8 .functor BUFT 1, C4<00000>, C4<0>, C4<0>, C4<0>;
v000000000119c360_0 .net/2u *"_ivl_0", 4 0, L_00000000015681a8;  1 drivers
L_0000000001568238 .functor BUFT 1, C4<00>, C4<0>, C4<0>, C4<0>;
v000000000119b640_0 .net *"_ivl_11", 1 0, L_0000000001568238;  1 drivers
L_0000000001568280 .functor BUFT 1, C4<00000>, C4<0>, C4<0>, C4<0>;
v000000000119b6e0_0 .net/2u *"_ivl_14", 4 0, L_0000000001568280;  1 drivers
v000000000119baa0_0 .net *"_ivl_16", 0 0, L_00000000015674b0;  1 drivers
L_00000000015682c8 .functor BUFT 1, C4<00000000000000000000000000000000>, C4<0>, C4<0>, C4<0>;
v00000000011dcfc0_0 .net/2u *"_ivl_18", 31 0, L_00000000015682c8;  1 drivers
v00000000011dd4c0_0 .net *"_ivl_2", 0 0, L_0000000001566fb0;  1 drivers
v00000000011dc520_0 .net *"_ivl_20", 31 0, L_0000000001567550;  1 drivers
v00000000011dd560_0 .net *"_ivl_22", 6 0, L_00000000015675f0;  1 drivers
L_0000000001568310 .functor BUFT 1, C4<00>, C4<0>, C4<0>, C4<0>;
v00000000011dd420_0 .net *"_ivl_25", 1 0, L_0000000001568310;  1 drivers
L_00000000015681f0 .functor BUFT 1, C4<00000000000000000000000000000000>, C4<0>, C4<0>, C4<0>;
v00000000011dd600_0 .net/2u *"_ivl_4", 31 0, L_00000000015681f0;  1 drivers
v00000000011dcac0_0 .net *"_ivl_6", 31 0, L_0000000001566b50;  1 drivers
v00000000011dd920_0 .net *"_ivl_8", 6 0, L_0000000001567eb0;  1 drivers
v00000000011ddba0_0 .net "clk", 0 0, L_00000000011de1d0;  1 drivers
v00000000011dc200_0 .net "ra1", 4 0, L_0000000001567f50;  1 drivers
v00000000011dd380_0 .net "ra2", 4 0, L_0000000001567ff0;  1 drivers
v00000000011dca20_0 .net "rd1", 31 0, L_0000000001566dd0;  alias, 1 drivers
v00000000011dd240_0 .net "rd2", 31 0, L_0000000001567690;  alias, 1 drivers
v00000000011dd7e0 .array "rf", 0 31, 31 0;
v00000000011dc5c0_0 .net "wa3", 4 0, L_00000000011de400;  alias, 1 drivers
v00000000011dcd40_0 .net "wd3", 31 0, L_00000000015c1130;  alias, 1 drivers
v00000000011dcb60_0 .net "we3", 0 0, L_00000000011de0f0;  alias, 1 drivers
E_00000000011971d0 .event posedge, v00000000011ddba0_0;
L_0000000001566fb0 .cmp/eq 5, L_0000000001567f50, L_00000000015681a8;
L_0000000001566b50 .array/port v00000000011dd7e0, L_0000000001567eb0;
L_0000000001567eb0 .concat [ 5 2 0 0], L_0000000001567f50, L_0000000001568238;
L_0000000001566dd0 .functor MUXZ 32, L_0000000001566b50, L_00000000015681f0, L_0000000001566fb0, C4<>;
L_00000000015674b0 .cmp/eq 5, L_0000000001567ff0, L_0000000001568280;
L_0000000001567550 .array/port v00000000011dd7e0, L_00000000015675f0;
L_00000000015675f0 .concat [ 5 2 0 0], L_0000000001567ff0, L_0000000001568310;
L_0000000001567690 .functor MUXZ 32, L_0000000001567550, L_00000000015682c8, L_00000000015674b0, C4<>;
S_0000000001129140 .scope module, "u_hazard" "hazard_unit" 3 58, 13 15 0, S_00000000011bc850;
 .timescale -9 -12;
    .port_info 0 /INPUT 5 "rs_E";
    .port_info 1 /INPUT 5 "rt_E";
    .port_info 2 /INPUT 5 "write_reg_E";
    .port_info 3 /INPUT 1 "reg_write_E";
    .port_info 4 /INPUT 1 "mem_to_reg_E";
    .port_info 5 /INPUT 5 "write_reg_M";
    .port_info 6 /INPUT 1 "reg_write_M";
    .port_info 7 /INPUT 1 "mem_to_reg_M";
    .port_info 8 /INPUT 5 "write_reg_W";
    .port_info 9 /INPUT 1 "reg_write_W";
    .port_info 10 /INPUT 5 "rs_D";
    .port_info 11 /INPUT 5 "rt_D";
    .port_info 12 /INPUT 1 "branch_D";
    .port_info 13 /OUTPUT 2 "forward_a_E";
    .port_info 14 /OUTPUT 2 "forward_b_E";
    .port_info 15 /OUTPUT 2 "forward_a_D";
    .port_info 16 /OUTPUT 2 "forward_b_D";
    .port_info 17 /OUTPUT 1 "stall_F";
    .port_info 18 /OUTPUT 1 "stall_D";
    .port_info 19 /OUTPUT 1 "flush_E";
L_000000000118cdf0 .functor OR 1, L_0000000001567910, L_00000000015679b0, C4<0>, C4<0>;
L_000000000118c290 .functor AND 1, v000000000155e2f0_0, L_000000000118cdf0, C4<1>, C4<1>;
L_000000000118c7d0 .functor OR 1, L_0000000001566510, L_0000000001567b90, C4<0>, C4<0>;
L_000000000118c8b0 .functor AND 1, v00000000015613e0_0, L_000000000118c7d0, C4<1>, C4<1>;
L_000000000118cae0 .functor OR 1, L_00000000015666f0, L_0000000001567a50, C4<0>, C4<0>;
L_00000000011de780 .functor AND 1, v000000000155ec50_0, L_000000000118cae0, C4<1>, C4<1>;
L_00000000011de4e0 .functor OR 1, L_000000000118c8b0, L_00000000011de780, C4<0>, C4<0>;
L_00000000011de5c0 .functor AND 1, L_00000000015668d0, L_00000000011de4e0, C4<1>, C4<1>;
L_00000000011deb70 .functor OR 1, L_000000000118c290, L_00000000011de5c0, C4<0>, C4<0>;
L_00000000011de710 .functor OR 1, L_000000000118c290, L_00000000011de5c0, C4<0>, C4<0>;
L_00000000011de160 .functor OR 1, L_000000000118c290, L_00000000011de5c0, C4<0>, C4<0>;
v0000000001560300_0 .net *"_ivl_0", 0 0, L_0000000001567910;  1 drivers
v0000000001561340_0 .net *"_ivl_10", 0 0, L_0000000001567b90;  1 drivers
v00000000015603a0_0 .net *"_ivl_13", 0 0, L_000000000118c7d0;  1 drivers
v0000000001560e40_0 .net *"_ivl_15", 0 0, L_000000000118c8b0;  1 drivers
v0000000001560b20_0 .net *"_ivl_16", 0 0, L_00000000015666f0;  1 drivers
v0000000001560c60_0 .net *"_ivl_18", 0 0, L_0000000001567a50;  1 drivers
v0000000001561520_0 .net *"_ivl_2", 0 0, L_00000000015679b0;  1 drivers
v0000000001560440_0 .net *"_ivl_21", 0 0, L_000000000118cae0;  1 drivers
v00000000015604e0_0 .net *"_ivl_23", 0 0, L_00000000011de780;  1 drivers
v0000000001560580_0 .net *"_ivl_25", 0 0, L_00000000011de4e0;  1 drivers
v0000000001560a80_0 .net *"_ivl_5", 0 0, L_000000000118cdf0;  1 drivers
v0000000001560bc0_0 .net *"_ivl_8", 0 0, L_0000000001566510;  1 drivers
v0000000001560d00_0 .net "branch_D", 0 0, L_00000000015668d0;  alias, 1 drivers
v0000000001560f80_0 .net "branchstall", 0 0, L_00000000011de5c0;  1 drivers
v0000000001562130_0 .net "flush_E", 0 0, L_00000000011de160;  alias, 1 drivers
v00000000015630d0_0 .var "forward_a_D", 1 0;
v0000000001563df0_0 .var "forward_a_E", 1 0;
v0000000001563e90_0 .var "forward_b_D", 1 0;
v00000000015621d0_0 .var "forward_b_E", 1 0;
v0000000001563710_0 .net "lwstall", 0 0, L_000000000118c290;  1 drivers
v0000000001562b30_0 .net "mem_to_reg_E", 0 0, v000000000155e2f0_0;  alias, 1 drivers
v00000000015628b0_0 .net "mem_to_reg_M", 0 0, v000000000155ec50_0;  alias, 1 drivers
v00000000015632b0_0 .net "reg_write_E", 0 0, v00000000015613e0_0;  alias, 1 drivers
v0000000001563f30_0 .net "reg_write_M", 0 0, L_00000000011deb00;  alias, 1 drivers
v0000000001563670_0 .net "reg_write_W", 0 0, L_00000000011dec50;  alias, 1 drivers
v00000000015629f0_0 .net "rs_D", 4 0, L_00000000015663d0;  alias, 1 drivers
v0000000001562630_0 .net "rs_E", 4 0, L_00000000011de9b0;  alias, 1 drivers
v00000000015623b0_0 .net "rt_D", 4 0, L_0000000001566470;  alias, 1 drivers
v0000000001563490_0 .net "rt_E", 4 0, v0000000001561ca0_0;  alias, 1 drivers
v0000000001562ef0_0 .net "stall_D", 0 0, L_00000000011de710;  alias, 1 drivers
v0000000001562950_0 .net "stall_F", 0 0, L_00000000011deb70;  alias, 1 drivers
v00000000015626d0_0 .net "write_reg_E", 4 0, L_00000000011dea20;  alias, 1 drivers
v0000000001563b70_0 .net "write_reg_M", 4 0, v00000000015612a0_0;  alias, 1 drivers
v00000000015637b0_0 .net "write_reg_W", 4 0, L_00000000011ddf30;  alias, 1 drivers
E_0000000001197250/0 .event edge, v0000000001561a20_0, v0000000001560760_0, v0000000001561de0_0, v00000000015606c0_0;
E_0000000001197250/1 .event edge, v0000000001561b60_0, v00000000015601c0_0;
E_0000000001197250 .event/or E_0000000001197250/0, E_0000000001197250/1;
E_0000000001198990/0 .event edge, v0000000001561a20_0, v0000000001560760_0, v0000000001561f20_0, v00000000015606c0_0;
E_0000000001198990/1 .event edge, v0000000001561b60_0, v0000000001561e80_0;
E_0000000001198990 .event/or E_0000000001198990/0, E_0000000001198990/1;
L_0000000001567910 .cmp/eq 5, L_00000000011dea20, L_00000000015663d0;
L_00000000015679b0 .cmp/eq 5, L_00000000011dea20, L_0000000001566470;
L_0000000001566510 .cmp/eq 5, L_00000000011dea20, L_00000000015663d0;
L_0000000001567b90 .cmp/eq 5, L_00000000011dea20, L_0000000001566470;
L_00000000015666f0 .cmp/eq 5, v00000000015612a0_0, L_00000000015663d0;
L_0000000001567a50 .cmp/eq 5, v00000000015612a0_0, L_0000000001566470;
    .scope S_00000000011be600;
T_0 ;
    %wait E_00000000011979d0;
    %load/vec4 v00000000011b5db0_0;
    %dup/vec4;
    %pushi/vec4 0, 0, 6;
    %cmp/u;
    %jmp/1 T_0.0, 6;
    %dup/vec4;
    %pushi/vec4 35, 0, 6;
    %cmp/u;
    %jmp/1 T_0.1, 6;
    %dup/vec4;
    %pushi/vec4 43, 0, 6;
    %cmp/u;
    %jmp/1 T_0.2, 6;
    %dup/vec4;
    %pushi/vec4 4, 0, 6;
    %cmp/u;
    %jmp/1 T_0.3, 6;
    %dup/vec4;
    %pushi/vec4 5, 0, 6;
    %cmp/u;
    %jmp/1 T_0.4, 6;
    %dup/vec4;
    %pushi/vec4 8, 0, 6;
    %cmp/u;
    %jmp/1 T_0.5, 6;
    %dup/vec4;
    %pushi/vec4 2, 0, 6;
    %cmp/u;
    %jmp/1 T_0.6, 6;
    %pushi/vec4 0, 0, 10;
    %store/vec4 v00000000011b62b0_0, 0, 10;
    %jmp T_0.8;
T_0.0 ;
    %pushi/vec4 386, 0, 10;
    %store/vec4 v00000000011b62b0_0, 0, 10;
    %jmp T_0.8;
T_0.1 ;
    %pushi/vec4 328, 0, 10;
    %store/vec4 v00000000011b62b0_0, 0, 10;
    %jmp T_0.8;
T_0.2 ;
    %pushi/vec4 80, 0, 10;
    %store/vec4 v00000000011b62b0_0, 0, 10;
    %jmp T_0.8;
T_0.3 ;
    %pushi/vec4 33, 0, 10;
    %store/vec4 v00000000011b62b0_0, 0, 10;
    %jmp T_0.8;
T_0.4 ;
    %pushi/vec4 33, 0, 10;
    %store/vec4 v00000000011b62b0_0, 0, 10;
    %jmp T_0.8;
T_0.5 ;
    %pushi/vec4 320, 0, 10;
    %store/vec4 v00000000011b62b0_0, 0, 10;
    %jmp T_0.8;
T_0.6 ;
    %pushi/vec4 4, 0, 10;
    %store/vec4 v00000000011b62b0_0, 0, 10;
    %jmp T_0.8;
T_0.8 ;
    %pop/vec4 1;
    %jmp T_0;
    .thread T_0, $push;
    .scope S_00000000011bfbd0;
T_1 ;
    %wait E_0000000001197b50;
    %load/vec4 v00000000011b5a90_0;
    %dup/vec4;
    %pushi/vec4 0, 0, 2;
    %cmp/u;
    %jmp/1 T_1.0, 6;
    %dup/vec4;
    %pushi/vec4 1, 0, 2;
    %cmp/u;
    %jmp/1 T_1.1, 6;
    %dup/vec4;
    %pushi/vec4 2, 0, 2;
    %cmp/u;
    %jmp/1 T_1.2, 6;
    %pushi/vec4 0, 0, 3;
    %store/vec4 v00000000011b5bd0_0, 0, 3;
    %jmp T_1.4;
T_1.0 ;
    %pushi/vec4 2, 0, 3;
    %store/vec4 v00000000011b5bd0_0, 0, 3;
    %jmp T_1.4;
T_1.1 ;
    %pushi/vec4 6, 0, 3;
    %store/vec4 v00000000011b5bd0_0, 0, 3;
    %jmp T_1.4;
T_1.2 ;
    %load/vec4 v00000000011b5b30_0;
    %dup/vec4;
    %pushi/vec4 32, 0, 6;
    %cmp/u;
    %jmp/1 T_1.5, 6;
    %dup/vec4;
    %pushi/vec4 34, 0, 6;
    %cmp/u;
    %jmp/1 T_1.6, 6;
    %dup/vec4;
    %pushi/vec4 36, 0, 6;
    %cmp/u;
    %jmp/1 T_1.7, 6;
    %dup/vec4;
    %pushi/vec4 37, 0, 6;
    %cmp/u;
    %jmp/1 T_1.8, 6;
    %dup/vec4;
    %pushi/vec4 42, 0, 6;
    %cmp/u;
    %jmp/1 T_1.9, 6;
    %pushi/vec4 2, 0, 3;
    %store/vec4 v00000000011b5bd0_0, 0, 3;
    %jmp T_1.11;
T_1.5 ;
    %pushi/vec4 2, 0, 3;
    %store/vec4 v00000000011b5bd0_0, 0, 3;
    %jmp T_1.11;
T_1.6 ;
    %pushi/vec4 6, 0, 3;
    %store/vec4 v00000000011b5bd0_0, 0, 3;
    %jmp T_1.11;
T_1.7 ;
    %pushi/vec4 0, 0, 3;
    %store/vec4 v00000000011b5bd0_0, 0, 3;
    %jmp T_1.11;
T_1.8 ;
    %pushi/vec4 1, 0, 3;
    %store/vec4 v00000000011b5bd0_0, 0, 3;
    %jmp T_1.11;
T_1.9 ;
    %pushi/vec4 7, 0, 3;
    %store/vec4 v00000000011b5bd0_0, 0, 3;
    %jmp T_1.11;
T_1.11 ;
    %pop/vec4 1;
    %jmp T_1.4;
T_1.4 ;
    %pop/vec4 1;
    %jmp T_1;
    .thread T_1, $push;
    .scope S_0000000001129140;
T_2 ;
    %wait E_0000000001198990;
    %load/vec4 v0000000001563f30_0;
    %load/vec4 v0000000001563b70_0;
    %pad/u 32;
    %pushi/vec4 0, 0, 32;
    %cmp/ne;
    %flag_get/vec4 4;
    %and;
    %load/vec4 v0000000001563b70_0;
    %load/vec4 v0000000001562630_0;
    %cmp/e;
    %flag_get/vec4 4;
    %and;
    %flag_set/vec4 8;
    %jmp/0xz  T_2.0, 8;
    %pushi/vec4 2, 0, 2;
    %store/vec4 v0000000001563df0_0, 0, 2;
    %jmp T_2.1;
T_2.0 ;
    %load/vec4 v0000000001563670_0;
    %load/vec4 v00000000015637b0_0;
    %pad/u 32;
    %pushi/vec4 0, 0, 32;
    %cmp/ne;
    %flag_get/vec4 4;
    %and;
    %load/vec4 v00000000015637b0_0;
    %load/vec4 v0000000001562630_0;
    %cmp/e;
    %flag_get/vec4 4;
    %and;
    %flag_set/vec4 8;
    %jmp/0xz  T_2.2, 8;
    %pushi/vec4 1, 0, 2;
    %store/vec4 v0000000001563df0_0, 0, 2;
    %jmp T_2.3;
T_2.2 ;
    %pushi/vec4 0, 0, 2;
    %store/vec4 v0000000001563df0_0, 0, 2;
T_2.3 ;
T_2.1 ;
    %load/vec4 v0000000001563f30_0;
    %load/vec4 v0000000001563b70_0;
    %pad/u 32;
    %pushi/vec4 0, 0, 32;
    %cmp/ne;
    %flag_get/vec4 4;
    %and;
    %load/vec4 v0000000001563b70_0;
    %load/vec4 v0000000001563490_0;
    %cmp/e;
    %flag_get/vec4 4;
    %and;
    %flag_set/vec4 8;
    %jmp/0xz  T_2.4, 8;
    %pushi/vec4 2, 0, 2;
    %store/vec4 v00000000015621d0_0, 0, 2;
    %jmp T_2.5;
T_2.4 ;
    %load/vec4 v0000000001563670_0;
    %load/vec4 v00000000015637b0_0;
    %pad/u 32;
    %pushi/vec4 0, 0, 32;
    %cmp/ne;
    %flag_get/vec4 4;
    %and;
    %load/vec4 v00000000015637b0_0;
    %load/vec4 v0000000001563490_0;
    %cmp/e;
    %flag_get/vec4 4;
    %and;
    %flag_set/vec4 8;
    %jmp/0xz  T_2.6, 8;
    %pushi/vec4 1, 0, 2;
    %store/vec4 v00000000015621d0_0, 0, 2;
    %jmp T_2.7;
T_2.6 ;
    %pushi/vec4 0, 0, 2;
    %store/vec4 v00000000015621d0_0, 0, 2;
T_2.7 ;
T_2.5 ;
    %jmp T_2;
    .thread T_2, $push;
    .scope S_0000000001129140;
T_3 ;
    %wait E_0000000001197250;
    %load/vec4 v0000000001563f30_0;
    %load/vec4 v0000000001563b70_0;
    %pad/u 32;
    %pushi/vec4 0, 0, 32;
    %cmp/ne;
    %flag_get/vec4 4;
    %and;
    %load/vec4 v0000000001563b70_0;
    %load/vec4 v00000000015629f0_0;
    %cmp/e;
    %flag_get/vec4 4;
    %and;
    %flag_set/vec4 8;
    %jmp/0xz  T_3.0, 8;
    %pushi/vec4 2, 0, 2;
    %store/vec4 v00000000015630d0_0, 0, 2;
    %jmp T_3.1;
T_3.0 ;
    %load/vec4 v0000000001563670_0;
    %load/vec4 v00000000015637b0_0;
    %pad/u 32;
    %pushi/vec4 0, 0, 32;
    %cmp/ne;
    %flag_get/vec4 4;
    %and;
    %load/vec4 v00000000015637b0_0;
    %load/vec4 v00000000015629f0_0;
    %cmp/e;
    %flag_get/vec4 4;
    %and;
    %flag_set/vec4 8;
    %jmp/0xz  T_3.2, 8;
    %pushi/vec4 1, 0, 2;
    %store/vec4 v00000000015630d0_0, 0, 2;
    %jmp T_3.3;
T_3.2 ;
    %pushi/vec4 0, 0, 2;
    %store/vec4 v00000000015630d0_0, 0, 2;
T_3.3 ;
T_3.1 ;
    %load/vec4 v0000000001563f30_0;
    %load/vec4 v0000000001563b70_0;
    %pad/u 32;
    %pushi/vec4 0, 0, 32;
    %cmp/ne;
    %flag_get/vec4 4;
    %and;
    %load/vec4 v0000000001563b70_0;
    %load/vec4 v00000000015623b0_0;
    %cmp/e;
    %flag_get/vec4 4;
    %and;
    %flag_set/vec4 8;
    %jmp/0xz  T_3.4, 8;
    %pushi/vec4 2, 0, 2;
    %store/vec4 v0000000001563e90_0, 0, 2;
    %jmp T_3.5;
T_3.4 ;
    %load/vec4 v0000000001563670_0;
    %load/vec4 v00000000015637b0_0;
    %pad/u 32;
    %pushi/vec4 0, 0, 32;
    %cmp/ne;
    %flag_get/vec4 4;
    %and;
    %load/vec4 v00000000015637b0_0;
    %load/vec4 v00000000015623b0_0;
    %cmp/e;
    %flag_get/vec4 4;
    %and;
    %flag_set/vec4 8;
    %jmp/0xz  T_3.6, 8;
    %pushi/vec4 1, 0, 2;
    %store/vec4 v0000000001563e90_0, 0, 2;
    %jmp T_3.7;
T_3.6 ;
    %pushi/vec4 0, 0, 2;
    %store/vec4 v0000000001563e90_0, 0, 2;
T_3.7 ;
T_3.5 ;
    %jmp T_3;
    .thread T_3, $push;
    .scope S_000000000116c8c0;
T_4 ;
    %wait E_0000000001197190;
    %load/vec4 v000000000119b280_0;
    %nor/r;
    %flag_set/vec4 8;
    %jmp/0xz  T_4.0, 8;
    %pushi/vec4 0, 0, 32;
    %assign/vec4 v00000000011b56d0_0, 0;
    %jmp T_4.1;
T_4.0 ;
    %load/vec4 v00000000011b5630_0;
    %flag_set/vec4 8;
    %jmp/0xz  T_4.2, 8;
    %load/vec4 v00000000011b5770_0;
    %assign/vec4 v00000000011b56d0_0, 0;
T_4.2 ;
T_4.1 ;
    %jmp T_4;
    .thread T_4;
    .scope S_000000000116c730;
T_5 ;
    %vpi_call 10 24 "$readmemh", "memfile.dat", v00000000011b6a30 {0 0 0};
    %end;
    .thread T_5;
    .scope S_0000000001128fb0;
T_6 ;
    %wait E_00000000011971d0;
    %load/vec4 v00000000011dcb60_0;
    %load/vec4 v00000000011dc5c0_0;
    %pushi/vec4 0, 0, 5;
    %cmp/ne;
    %flag_get/vec4 4;
    %and;
    %flag_set/vec4 8;
    %jmp/0xz  T_6.0, 8;
    %load/vec4 v00000000011dcd40_0;
    %load/vec4 v00000000011dc5c0_0;
    %pad/u 7;
    %ix/vec4 3;
    %ix/load 4, 0, 0; Constant delay
    %assign/vec4/a/d v00000000011dd7e0, 0, 4;
T_6.0 ;
    %jmp T_6;
    .thread T_6;
    .scope S_00000000011721e0;
T_7 ;
    %wait E_0000000001197510;
    %load/vec4 v00000000011b6fd0_0;
    %dup/vec4;
    %pushi/vec4 0, 0, 3;
    %cmp/u;
    %jmp/1 T_7.0, 6;
    %dup/vec4;
    %pushi/vec4 1, 0, 3;
    %cmp/u;
    %jmp/1 T_7.1, 6;
    %dup/vec4;
    %pushi/vec4 2, 0, 3;
    %cmp/u;
    %jmp/1 T_7.2, 6;
    %dup/vec4;
    %pushi/vec4 6, 0, 3;
    %cmp/u;
    %jmp/1 T_7.3, 6;
    %dup/vec4;
    %pushi/vec4 7, 0, 3;
    %cmp/u;
    %jmp/1 T_7.4, 6;
    %pushi/vec4 0, 0, 32;
    %store/vec4 v00000000011b7390_0, 0, 32;
    %jmp T_7.6;
T_7.0 ;
    %load/vec4 v00000000011b6e90_0;
    %load/vec4 v00000000011b59f0_0;
    %and;
    %store/vec4 v00000000011b7390_0, 0, 32;
    %jmp T_7.6;
T_7.1 ;
    %load/vec4 v00000000011b6e90_0;
    %load/vec4 v00000000011b59f0_0;
    %or;
    %store/vec4 v00000000011b7390_0, 0, 32;
    %jmp T_7.6;
T_7.2 ;
    %load/vec4 v00000000011b6e90_0;
    %load/vec4 v00000000011b59f0_0;
    %add;
    %store/vec4 v00000000011b7390_0, 0, 32;
    %jmp T_7.6;
T_7.3 ;
    %load/vec4 v00000000011b6e90_0;
    %load/vec4 v00000000011b59f0_0;
    %sub;
    %store/vec4 v00000000011b7390_0, 0, 32;
    %jmp T_7.6;
T_7.4 ;
    %load/vec4 v00000000011b6e90_0;
    %load/vec4 v00000000011b59f0_0;
    %cmp/s;
    %flag_mov 8, 5;
    %jmp/0 T_7.7, 8;
    %pushi/vec4 1, 0, 32;
    %jmp/1 T_7.8, 8;
T_7.7 ; End of true expr.
    %pushi/vec4 0, 0, 32;
    %jmp/0 T_7.8, 8;
 ; End of false expr.
    %blend;
T_7.8;
    %store/vec4 v00000000011b7390_0, 0, 32;
    %jmp T_7.6;
T_7.6 ;
    %pop/vec4 1;
    %jmp T_7;
    .thread T_7, $push;
    .scope S_000000000116c5a0;
T_8 ;
    %wait E_0000000001197150;
    %load/vec4 v00000000011b6210_0;
    %flag_set/vec4 8;
    %jmp/0xz  T_8.0, 8;
    %load/vec4 v00000000011b72f0_0;
    %load/vec4 v00000000011b6170_0;
    %parti/s 30, 2, 3;
    %ix/vec4 3;
    %ix/load 4, 0, 0; Constant delay
    %assign/vec4/a/d v00000000011b71b0, 0, 4;
T_8.0 ;
    %jmp T_8;
    .thread T_8;
    .scope S_00000000011be790;
T_9 ;
    %wait E_0000000001197190;
    %load/vec4 v0000000001560940_0;
    %nor/r;
    %flag_set/vec4 8;
    %jmp/0xz  T_9.0, 8;
    %pushi/vec4 0, 0, 32;
    %assign/vec4 v000000000155e250_0, 0;
    %pushi/vec4 0, 0, 32;
    %assign/vec4 v000000000155f6f0_0, 0;
    %jmp T_9.1;
T_9.0 ;
    %load/vec4 v00000000015608a0_0;
    %nor/r;
    %flag_set/vec4 8;
    %jmp/0xz  T_9.2, 8;
    %load/vec4 v000000000155f150_0;
    %flag_set/vec4 8;
    %jmp/0xz  T_9.4, 8;
    %pushi/vec4 0, 0, 32;
    %assign/vec4 v000000000155e250_0, 0;
    %pushi/vec4 0, 0, 32;
    %assign/vec4 v000000000155f6f0_0, 0;
    %jmp T_9.5;
T_9.4 ;
    %load/vec4 v000000000155fa10_0;
    %assign/vec4 v000000000155e250_0, 0;
    %load/vec4 v000000000155f830_0;
    %assign/vec4 v000000000155f6f0_0, 0;
T_9.5 ;
T_9.2 ;
T_9.1 ;
    %jmp T_9;
    .thread T_9;
    .scope S_00000000011be790;
T_10 ;
    %wait E_0000000001197190;
    %load/vec4 v0000000001560940_0;
    %nor/r;
    %flag_set/vec4 8;
    %load/vec4 v000000000155ee30_0;
    %flag_set/vec4 9;
    %flag_or 9, 8;
    %jmp/0xz  T_10.0, 9;
    %pushi/vec4 0, 0, 5;
    %split/vec4 1;
    %assign/vec4 v00000000015610c0_0, 0;
    %split/vec4 1;
    %assign/vec4 v000000000155ffb0_0, 0;
    %split/vec4 1;
    %assign/vec4 v000000000155f290_0, 0;
    %split/vec4 1;
    %assign/vec4 v000000000155e2f0_0, 0;
    %assign/vec4 v00000000015613e0_0, 0;
    %pushi/vec4 0, 0, 3;
    %assign/vec4 v000000000155ff10_0, 0;
    %pushi/vec4 0, 0, 128;
    %split/vec4 32;
    %assign/vec4 v000000000155ef70_0, 0;
    %split/vec4 32;
    %assign/vec4 v0000000001561480_0, 0;
    %split/vec4 32;
    %assign/vec4 v000000000155f650_0, 0;
    %assign/vec4 v000000000155f3d0_0, 0;
    %pushi/vec4 0, 0, 15;
    %split/vec4 5;
    %assign/vec4 v000000000155f8d0_0, 0;
    %split/vec4 5;
    %assign/vec4 v0000000001561ca0_0, 0;
    %assign/vec4 v00000000015617a0_0, 0;
    %jmp T_10.1;
T_10.0 ;
    %load/vec4 v0000000001561d40_0;
    %assign/vec4 v00000000015613e0_0, 0;
    %load/vec4 v000000000155e390_0;
    %assign/vec4 v000000000155e2f0_0, 0;
    %load/vec4 v000000000155ea70_0;
    %assign/vec4 v000000000155f290_0, 0;
    %load/vec4 v000000000155e570_0;
    %assign/vec4 v000000000155ff10_0, 0;
    %load/vec4 v000000000155e7f0_0;
    %assign/vec4 v000000000155ffb0_0, 0;
    %load/vec4 v00000000015618e0_0;
    %assign/vec4 v00000000015610c0_0, 0;
    %load/vec4 v000000000155f330_0;
    %assign/vec4 v000000000155f3d0_0, 0;
    %load/vec4 v000000000155f510_0;
    %assign/vec4 v000000000155f650_0, 0;
    %load/vec4 v0000000001561840_0;
    %assign/vec4 v0000000001561480_0, 0;
    %load/vec4 v000000000155f6f0_0;
    %assign/vec4 v000000000155ef70_0, 0;
    %load/vec4 v0000000001561de0_0;
    %assign/vec4 v00000000015617a0_0, 0;
    %load/vec4 v00000000015601c0_0;
    %assign/vec4 v0000000001561ca0_0, 0;
    %load/vec4 v000000000155e110_0;
    %parti/s 5, 11, 5;
    %assign/vec4 v000000000155f8d0_0, 0;
T_10.1 ;
    %jmp T_10;
    .thread T_10;
    .scope S_00000000011be790;
T_11 ;
    %wait E_0000000001197190;
    %load/vec4 v0000000001560940_0;
    %nor/r;
    %flag_set/vec4 8;
    %jmp/0xz  T_11.0, 8;
    %pushi/vec4 0, 0, 3;
    %split/vec4 1;
    %assign/vec4 v000000000155f1f0_0, 0;
    %split/vec4 1;
    %assign/vec4 v000000000155ec50_0, 0;
    %assign/vec4 v0000000001560da0_0, 0;
    %pushi/vec4 0, 0, 64;
    %split/vec4 32;
    %assign/vec4 v0000000001560620_0, 0;
    %assign/vec4 v000000000155f970_0, 0;
    %pushi/vec4 0, 0, 5;
    %assign/vec4 v00000000015612a0_0, 0;
    %jmp T_11.1;
T_11.0 ;
    %load/vec4 v00000000015613e0_0;
    %assign/vec4 v0000000001560da0_0, 0;
    %load/vec4 v000000000155e2f0_0;
    %assign/vec4 v000000000155ec50_0, 0;
    %load/vec4 v000000000155f290_0;
    %assign/vec4 v000000000155f1f0_0, 0;
    %load/vec4 v000000000155ebb0_0;
    %assign/vec4 v000000000155f970_0, 0;
    %load/vec4 v0000000001561020_0;
    %assign/vec4 v0000000001560620_0, 0;
    %load/vec4 v0000000001561200_0;
    %assign/vec4 v00000000015612a0_0, 0;
T_11.1 ;
    %jmp T_11;
    .thread T_11;
    .scope S_00000000011be790;
T_12 ;
    %wait E_0000000001197190;
    %load/vec4 v0000000001560940_0;
    %nor/r;
    %flag_set/vec4 8;
    %jmp/0xz  T_12.0, 8;
    %pushi/vec4 0, 0, 1;
    %assign/vec4 v0000000001561160_0, 0;
    %pushi/vec4 0, 0, 1;
    %assign/vec4 v000000000155e610_0, 0;
    %pushi/vec4 0, 0, 32;
    %assign/vec4 v000000000155fab0_0, 0;
    %pushi/vec4 0, 0, 32;
    %assign/vec4 v000000000155e1b0_0, 0;
    %pushi/vec4 0, 0, 5;
    %assign/vec4 v0000000001560800_0, 0;
    %jmp T_12.1;
T_12.0 ;
    %load/vec4 v0000000001560da0_0;
    %assign/vec4 v0000000001561160_0, 0;
    %load/vec4 v000000000155ec50_0;
    %assign/vec4 v000000000155e610_0, 0;
    %load/vec4 v000000000155fc90_0;
    %assign/vec4 v000000000155fab0_0, 0;
    %load/vec4 v000000000155f970_0;
    %assign/vec4 v000000000155e1b0_0, 0;
    %load/vec4 v00000000015612a0_0;
    %assign/vec4 v0000000001560800_0, 0;
T_12.1 ;
    %jmp T_12;
    .thread T_12;
    .scope S_00000000011b9cd0;
T_13 ;
    %pushi/vec4 0, 0, 1;
    %store/vec4 v0000000001566ab0_0, 0, 1;
T_13.0 ;
    %delay 5000, 0;
    %load/vec4 v0000000001566ab0_0;
    %inv;
    %store/vec4 v0000000001566ab0_0, 0, 1;
    %jmp T_13.0;
    %end;
    .thread T_13;
    .scope S_00000000011b9cd0;
T_14 ;
    %vpi_call 2 26 "$dumpfile", "mips.vcd" {0 0 0};
    %vpi_call 2 27 "$dumpvars", 32'sb00000000000000000000000000000000, S_00000000011b9cd0 {0 0 0};
    %end;
    .thread T_14;
    .scope S_00000000011b9cd0;
T_15 ;
    %pushi/vec4 0, 0, 1;
    %store/vec4 v0000000001566790_0, 0, 1;
    %delay 10000, 0;
    %pushi/vec4 1, 0, 1;
    %store/vec4 v0000000001566790_0, 0, 1;
    %vpi_call 2 35 "$display", "===========================================" {0 0 0};
    %vpi_call 2 36 "$display", "   Assignment 4 Simulation Start           " {0 0 0};
    %vpi_call 2 37 "$display", "===========================================" {0 0 0};
    %pushi/vec4 40, 0, 32;
T_15.0 %dup/vec4;
    %pushi/vec4 0, 0, 32;
    %cmp/s;
    %jmp/1xz T_15.1, 5;
    %jmp/1 T_15.1, 4;
    %pushi/vec4 1, 0, 32;
    %sub;
    %wait E_0000000001197410;
    %delay 1000, 0;
    %vpi_call 2 42 "$display", "PC: 0x%08h | $t0=%0d | $t1=%0d | $t2=0x%08h", v0000000001567cd0_0, v00000000015677d0_0, v0000000001567c30_0, v0000000001566650_0 {0 0 0};
    %jmp T_15.0;
T_15.1 ;
    %pop/vec4 1;
    %vpi_call 2 46 "$display", "===========================================" {0 0 0};
    %vpi_call 2 47 "$display", "   Verification                            " {0 0 0};
    %vpi_call 2 48 "$display", "===========================================" {0 0 0};
    %load/vec4 v00000000015677d0_0;
    %cmpi/e 10, 0, 32;
    %jmp/0xz  T_15.2, 4;
    %vpi_call 2 50 "$display", "PASS: $t0 = 10" {0 0 0};
    %jmp T_15.3;
T_15.2 ;
    %vpi_call 2 52 "$display", "FAIL: $t0 = %0d (expected 10)", v00000000015677d0_0 {0 0 0};
T_15.3 ;
    %load/vec4 v0000000001567c30_0;
    %cmpi/e 5, 0, 32;
    %jmp/0xz  T_15.4, 4;
    %vpi_call 2 55 "$display", "PASS: $t1 = 5" {0 0 0};
    %jmp T_15.5;
T_15.4 ;
    %vpi_call 2 57 "$display", "FAIL: $t1 = %0d (expected 5)", v0000000001567c30_0 {0 0 0};
T_15.5 ;
    %load/vec4 v0000000001566650_0;
    %cmpi/ne 153, 0, 32;
    %jmp/0xz  T_15.6, 6;
    %vpi_call 2 60 "$display", "PASS: $t2 != 0x99 (actual 0x%08h, never executed addi)", v0000000001566650_0 {0 0 0};
    %jmp T_15.7;
T_15.6 ;
    %vpi_call 2 62 "$display", "FAIL: $t2 became 0x99" {0 0 0};
T_15.7 ;
    %vpi_call 2 64 "$display", "===========================================" {0 0 0};
    %vpi_call 2 65 "$finish" {0 0 0};
    %end;
    .thread T_15;
# The file index is used to find the file name in the following table.
:file_names 14;
    "N/A";
    "<interactive>";
    "mips_tb.v";
    "mips.v";
    "control_unit.v";
    "alu_decoder.v";
    "main_decoder.v";
    "datapath.v";
    "alu.v";
    "data_memory.v";
    "instruction_memory.v";
    "pc.v";
    "reg_file.v";
    "hazard_unit.v";
