#! /c/iverilog/bin/vvp
:ivl_version "12.0 (devel)" "(s20150603-965-g55e06db6)";
:ivl_delay_selection "TYPICAL";
:vpi_time_precision - 12;
:vpi_module "C:\iverilog\lib\ivl\system.vpi";
:vpi_module "C:\iverilog\lib\ivl\vhdl_sys.vpi";
:vpi_module "C:\iverilog\lib\ivl\vhdl_textio.vpi";
:vpi_module "C:\iverilog\lib\ivl\v2005_math.vpi";
:vpi_module "C:\iverilog\lib\ivl\va_math.vpi";
S_0000000001199ba0 .scope module, "mips_tb" "mips_tb" 2 3;
 .timescale -9 -12;
v00000000011bc120_8 .array/port v00000000011bc120, 8;
L_00000000011be370 .functor BUFZ 32, v00000000011bc120_8, C4<00000000000000000000000000000000>, C4<00000000000000000000000000000000>, C4<00000000000000000000000000000000>;
v00000000011bc120_9 .array/port v00000000011bc120, 9;
L_00000000011be3e0 .functor BUFZ 32, v00000000011bc120_9, C4<00000000000000000000000000000000>, C4<00000000000000000000000000000000>, C4<00000000000000000000000000000000>;
v00000000011bc120_10 .array/port v00000000011bc120, 10;
L_00000000011be450 .functor BUFZ 32, v00000000011bc120_10, C4<00000000000000000000000000000000>, C4<00000000000000000000000000000000>, C4<00000000000000000000000000000000>;
v0000000001616470_0 .net "alu_result", 31 0, L_00000000011bdd50;  1 drivers
v0000000001617230_0 .var "clk", 0 0;
v0000000001617e10_0 .net "pc_out", 31 0, L_00000000011bdf80;  1 drivers
v00000000016175f0_0 .var "rst_n", 0 0;
v0000000001617a50_0 .net "t0", 31 0, L_00000000011be370;  1 drivers
v00000000016174b0_0 .net "t1", 31 0, L_00000000011be3e0;  1 drivers
v0000000001616970_0 .net "t2", 31 0, L_00000000011be450;  1 drivers
E_0000000001179f20 .event negedge, v0000000001196ea0_0;
S_000000000119c720 .scope module, "uut" "mips" 2 9, 3 16 0, S_0000000001199ba0;
 .timescale -9 -12;
    .port_info 0 /INPUT 1 "clk";
    .port_info 1 /INPUT 1 "rst_n";
    .port_info 2 /OUTPUT 32 "pc_out";
    .port_info 3 /OUTPUT 32 "alu_result";
v0000000001612590_0 .net "alu_ctrl_D", 2 0, v0000000001197260_0;  1 drivers
v0000000001613170_0 .net "alu_result", 31 0, L_00000000011bdd50;  alias, 1 drivers
v0000000001613850_0 .net "alu_src_D", 0 0, L_0000000001616bf0;  1 drivers
v0000000001613f30_0 .net "branch_D", 0 0, L_00000000016165b0;  1 drivers
v0000000001613c10_0 .net "clk", 0 0, v0000000001617230_0;  1 drivers
v0000000001613fd0_0 .net "flush_E", 0 0, L_00000000011be060;  1 drivers
v00000000016126d0_0 .net "forward_a_D", 1 0, v0000000001613b70_0;  1 drivers
v0000000001613d50_0 .net "forward_a_E", 1 0, v0000000001613a30_0;  1 drivers
v0000000001612770_0 .net "forward_b_D", 1 0, v0000000001613490_0;  1 drivers
v00000000016137b0_0 .net "forward_b_E", 1 0, v0000000001612950_0;  1 drivers
v0000000001613cb0_0 .net "instr_D", 31 0, v000000000160fdd0_0;  1 drivers
v00000000016121d0_0 .net "jump_D", 0 0, L_0000000001616650;  1 drivers
v0000000001612ef0_0 .net "mem_to_reg_D", 0 0, L_0000000001616c90;  1 drivers
v0000000001613e90_0 .net "mem_to_reg_E", 0 0, v000000000160ee30_0;  1 drivers
v0000000001613030_0 .net "mem_to_reg_M", 0 0, v000000000160ef70_0;  1 drivers
v00000000016132b0_0 .net "mem_write_D", 0 0, L_0000000001617af0;  1 drivers
v00000000016138f0_0 .net "pc_out", 31 0, L_00000000011bdf80;  alias, 1 drivers
v0000000001612130_0 .net "reg_dst_D", 0 0, L_0000000001617690;  1 drivers
v00000000016133f0_0 .net "reg_write_D", 0 0, L_0000000001616a10;  1 drivers
v0000000001613530_0 .net "reg_write_E", 0 0, v0000000001611840_0;  1 drivers
v00000000016128b0_0 .net "reg_write_M", 0 0, L_00000000011bdea0;  1 drivers
v0000000001612e50_0 .net "reg_write_W", 0 0, L_00000000011be300;  1 drivers
v0000000001612d10_0 .net "rs_D", 4 0, L_0000000001617c30;  1 drivers
v0000000001612270_0 .net "rs_E", 4 0, L_00000000011be840;  1 drivers
v0000000001613990_0 .net "rst_n", 0 0, v00000000016175f0_0;  1 drivers
v0000000001612310_0 .net "rt_D", 4 0, L_0000000001617cd0;  1 drivers
v00000000016124f0_0 .net "rt_E", 4 0, v0000000001610760_0;  1 drivers
v0000000001612f90_0 .net "stall_D", 0 0, L_00000000011be7d0;  1 drivers
v00000000016123b0_0 .net "stall_F", 0 0, L_00000000011be920;  1 drivers
v0000000001612450_0 .net "write_reg_E", 4 0, L_00000000011bddc0;  1 drivers
v00000000016163d0_0 .net "write_reg_M", 4 0, v0000000001611160_0;  1 drivers
v0000000001616510_0 .net "write_reg_W", 4 0, L_00000000011bdf10;  1 drivers
L_0000000001617050 .part v000000000160fdd0_0, 26, 6;
L_00000000016166f0 .part v000000000160fdd0_0, 0, 6;
S_000000000119c8b0 .scope module, "u_control" "control_unit" 3 43, 4 10 0, S_000000000119c720;
 .timescale -9 -12;
    .port_info 0 /INPUT 6 "opcode";
    .port_info 1 /INPUT 6 "funct";
    .port_info 2 /OUTPUT 1 "mem_to_reg";
    .port_info 3 /OUTPUT 1 "mem_write";
    .port_info 4 /OUTPUT 1 "branch";
    .port_info 5 /OUTPUT 1 "alu_src";
    .port_info 6 /OUTPUT 1 "reg_dst";
    .port_info 7 /OUTPUT 1 "reg_write";
    .port_info 8 /OUTPUT 1 "jump";
    .port_info 9 /OUTPUT 3 "alu_ctrl";
v00000000011964a0_0 .net "alu_ctrl", 2 0, v0000000001197260_0;  alias, 1 drivers
v0000000001196fe0_0 .net "alu_op", 1 0, L_0000000001616e70;  1 drivers
v0000000001196e00_0 .net "alu_src", 0 0, L_0000000001616bf0;  alias, 1 drivers
v0000000001196cc0_0 .net "branch", 0 0, L_00000000016165b0;  alias, 1 drivers
v0000000001195dc0_0 .net "funct", 5 0, L_00000000016166f0;  1 drivers
v0000000001195aa0_0 .net "jump", 0 0, L_0000000001616650;  alias, 1 drivers
v00000000011953c0_0 .net "mem_to_reg", 0 0, L_0000000001616c90;  alias, 1 drivers
v0000000001195f00_0 .net "mem_write", 0 0, L_0000000001617af0;  alias, 1 drivers
v0000000001195fa0_0 .net "opcode", 5 0, L_0000000001617050;  1 drivers
v0000000001196680_0 .net "reg_dst", 0 0, L_0000000001617690;  alias, 1 drivers
v0000000001196040_0 .net "reg_write", 0 0, L_0000000001616a10;  alias, 1 drivers
S_000000000119e4d0 .scope module, "u_alu_dec" "alu_decoder" 4 34, 5 15 0, S_000000000119c8b0;
 .timescale -9 -12;
    .port_info 0 /INPUT 2 "alu_op";
    .port_info 1 /INPUT 6 "funct";
    .port_info 2 /OUTPUT 3 "alu_ctrl";
v0000000001197260_0 .var "alu_ctrl", 2 0;
v0000000001196720_0 .net "alu_op", 1 0, L_0000000001616e70;  alias, 1 drivers
v0000000001195820_0 .net "funct", 5 0, L_00000000016166f0;  alias, 1 drivers
E_0000000001179760 .event edge, v0000000001196720_0, v0000000001195820_0;
S_000000000119e660 .scope module, "u_main_dec" "main_decoder" 4 23, 6 2 0, S_000000000119c8b0;
 .timescale -9 -12;
    .port_info 0 /INPUT 6 "opcode";
    .port_info 1 /OUTPUT 1 "mem_to_reg";
    .port_info 2 /OUTPUT 1 "mem_write";
    .port_info 3 /OUTPUT 1 "branch";
    .port_info 4 /OUTPUT 1 "alu_src";
    .port_info 5 /OUTPUT 1 "reg_dst";
    .port_info 6 /OUTPUT 1 "reg_write";
    .port_info 7 /OUTPUT 1 "jump";
    .port_info 8 /OUTPUT 2 "alu_op";
v0000000001197120_0 .net *"_ivl_10", 8 0, L_0000000001616ab0;  1 drivers
v0000000001195780_0 .net "alu_op", 1 0, L_0000000001616e70;  alias, 1 drivers
v00000000011958c0_0 .net "alu_src", 0 0, L_0000000001616bf0;  alias, 1 drivers
v0000000001195e60_0 .net "branch", 0 0, L_00000000016165b0;  alias, 1 drivers
v0000000001195be0_0 .var "controls", 9 0;
v0000000001195500_0 .net "jump", 0 0, L_0000000001616650;  alias, 1 drivers
v0000000001196900_0 .net "mem_to_reg", 0 0, L_0000000001616c90;  alias, 1 drivers
v00000000011955a0_0 .net "mem_write", 0 0, L_0000000001617af0;  alias, 1 drivers
v0000000001195d20_0 .net "opcode", 5 0, L_0000000001617050;  alias, 1 drivers
v0000000001195960_0 .net "reg_dst", 0 0, L_0000000001617690;  alias, 1 drivers
v0000000001195c80_0 .net "reg_write", 0 0, L_0000000001616a10;  alias, 1 drivers
E_0000000001179960 .event edge, v0000000001195d20_0;
L_0000000001616a10 .part L_0000000001616ab0, 8, 1;
L_0000000001617690 .part L_0000000001616ab0, 7, 1;
L_0000000001616bf0 .part L_0000000001616ab0, 6, 1;
L_00000000016165b0 .part L_0000000001616ab0, 5, 1;
L_0000000001617af0 .part L_0000000001616ab0, 4, 1;
L_0000000001616c90 .part L_0000000001616ab0, 3, 1;
L_0000000001616650 .part L_0000000001616ab0, 2, 1;
L_0000000001616e70 .part L_0000000001616ab0, 0, 2;
L_0000000001616ab0 .part v0000000001195be0_0, 0, 9;
S_0000000001151e40 .scope module, "u_datapath" "datapath" 3 77, 7 16 0, S_000000000119c720;
 .timescale -9 -12;
    .port_info 0 /INPUT 1 "clk";
    .port_info 1 /INPUT 1 "rst_n";
    .port_info 2 /INPUT 1 "reg_write_D";
    .port_info 3 /INPUT 1 "mem_to_reg_D";
    .port_info 4 /INPUT 1 "mem_write_D";
    .port_info 5 /INPUT 3 "alu_ctrl_D";
    .port_info 6 /INPUT 1 "alu_src_D";
    .port_info 7 /INPUT 1 "reg_dst_D";
    .port_info 8 /INPUT 1 "branch_D";
    .port_info 9 /INPUT 1 "jump_D";
    .port_info 10 /INPUT 1 "stall_F";
    .port_info 11 /INPUT 1 "stall_D";
    .port_info 12 /INPUT 1 "flush_E";
    .port_info 13 /INPUT 2 "forward_a_E";
    .port_info 14 /INPUT 2 "forward_b_E";
    .port_info 15 /INPUT 2 "forward_a_D";
    .port_info 16 /INPUT 2 "forward_b_D";
    .port_info 17 /OUTPUT 5 "rs_D";
    .port_info 18 /OUTPUT 5 "rt_D";
    .port_info 19 /OUTPUT 5 "rs_E";
    .port_info 20 /OUTPUT 5 "rt_E";
    .port_info 21 /OUTPUT 5 "write_reg_E";
    .port_info 22 /OUTPUT 1 "reg_write_E";
    .port_info 23 /OUTPUT 5 "write_reg_M";
    .port_info 24 /OUTPUT 5 "write_reg_W";
    .port_info 25 /OUTPUT 1 "reg_write_M";
    .port_info 26 /OUTPUT 1 "reg_write_W";
    .port_info 27 /OUTPUT 1 "mem_to_reg_E";
    .port_info 28 /OUTPUT 1 "mem_to_reg_M";
    .port_info 29 /OUTPUT 32 "instr_D";
    .port_info 30 /OUTPUT 32 "pc_out";
    .port_info 31 /OUTPUT 32 "alu_result_out";
L_00000000011be990 .functor NOT 1, L_00000000011be920, C4<0>, C4<0>, C4<0>;
L_00000000011bdf80 .functor BUFZ 32, v0000000001196c20_0, C4<00000000000000000000000000000000>, C4<00000000000000000000000000000000>, C4<00000000000000000000000000000000>;
L_00000000011bdff0 .functor NOT 1, v0000000001617230_0, C4<0>, C4<0>, C4<0>;
L_00000000011be1b0 .functor NOT 1, L_0000000001673610, C4<0>, C4<0>, C4<0>;
L_00000000011be760 .functor AND 1, L_00000000016165b0, L_00000000016731b0, C4<1>, C4<1>;
L_00000000011be840 .functor BUFZ 5, v0000000001610120_0, C4<00000>, C4<00000>, C4<00000>;
L_00000000011bddc0 .functor BUFZ 5, L_0000000001673250, C4<00000>, C4<00000>, C4<00000>;
L_00000000011bea70 .functor BUFZ 32, v000000000160fe70_0, C4<00000000000000000000000000000000>, C4<00000000000000000000000000000000>, C4<00000000000000000000000000000000>;
L_00000000011bdea0 .functor BUFZ 1, v0000000001611520_0, C4<0>, C4<0>, C4<0>;
L_00000000011bdf10 .functor BUFZ 5, v0000000001610260_0, C4<00000>, C4<00000>, C4<00000>;
L_00000000011be300 .functor BUFZ 1, v0000000001610620_0, C4<0>, C4<0>, C4<0>;
L_00000000011bdc70 .functor BUFZ 1, v0000000001610620_0, C4<0>, C4<0>, C4<0>;
L_00000000011bdce0 .functor BUFZ 5, v0000000001610260_0, C4<00000>, C4<00000>, C4<00000>;
L_00000000011bdd50 .functor BUFZ 32, L_0000000001673bb0, C4<00000000000000000000000000000000>, C4<00000000000000000000000000000000>, C4<00000000000000000000000000000000>;
L_0000000001618160 .functor BUFT 1, C4<00>, C4<0>, C4<0>, C4<0>;
v00000000011bbf40_0 .net/2u *"_ivl_10", 1 0, L_0000000001618160;  1 drivers
v00000000011bc3a0_0 .net *"_ivl_100", 0 0, L_0000000001674010;  1 drivers
v00000000011bc440_0 .net *"_ivl_102", 31 0, L_0000000001672990;  1 drivers
L_0000000001618598 .functor BUFT 1, C4<10>, C4<0>, C4<0>, C4<0>;
v00000000011bd700_0 .net/2u *"_ivl_106", 1 0, L_0000000001618598;  1 drivers
v00000000011bcee0_0 .net *"_ivl_108", 0 0, L_00000000016739d0;  1 drivers
L_00000000016185e0 .functor BUFT 1, C4<01>, C4<0>, C4<0>, C4<0>;
v00000000011bda20_0 .net/2u *"_ivl_110", 1 0, L_00000000016185e0;  1 drivers
v00000000011bc4e0_0 .net *"_ivl_112", 0 0, L_0000000001673070;  1 drivers
v00000000011bd0c0_0 .net *"_ivl_114", 31 0, L_0000000001672f30;  1 drivers
v00000000011bd7a0_0 .net *"_ivl_12", 31 0, L_0000000001616fb0;  1 drivers
v00000000011bcf80_0 .net *"_ivl_14", 31 0, L_0000000001617190;  1 drivers
L_0000000001618118 .functor BUFT 1, C4<00000000000000000000000000000100>, C4<0>, C4<0>, C4<0>;
v00000000011bd160_0 .net/2u *"_ivl_2", 31 0, L_0000000001618118;  1 drivers
v00000000011bc260_0 .net *"_ivl_29", 0 0, L_0000000001616290;  1 drivers
v00000000011bc580_0 .net *"_ivl_30", 15 0, L_0000000001616330;  1 drivers
v00000000011bd840_0 .net *"_ivl_33", 15 0, L_0000000001617910;  1 drivers
L_0000000001618358 .functor BUFT 1, C4<10>, C4<0>, C4<0>, C4<0>;
v00000000011bd8e0_0 .net/2u *"_ivl_40", 1 0, L_0000000001618358;  1 drivers
v00000000011bbb80_0 .net *"_ivl_42", 0 0, L_0000000001673570;  1 drivers
L_00000000016183a0 .functor BUFT 1, C4<01>, C4<0>, C4<0>, C4<0>;
v00000000011bc9e0_0 .net/2u *"_ivl_44", 1 0, L_00000000016183a0;  1 drivers
v00000000011bbe00_0 .net *"_ivl_46", 0 0, L_0000000001672fd0;  1 drivers
v00000000011bbc20_0 .net *"_ivl_48", 31 0, L_00000000016737f0;  1 drivers
L_00000000016183e8 .functor BUFT 1, C4<10>, C4<0>, C4<0>, C4<0>;
v00000000011bc940_0 .net/2u *"_ivl_52", 1 0, L_00000000016183e8;  1 drivers
v00000000011bd200_0 .net *"_ivl_54", 0 0, L_0000000001673cf0;  1 drivers
L_0000000001618430 .functor BUFT 1, C4<01>, C4<0>, C4<0>, C4<0>;
v00000000011bd2a0_0 .net/2u *"_ivl_56", 1 0, L_0000000001618430;  1 drivers
v00000000011bd340_0 .net *"_ivl_58", 0 0, L_00000000016734d0;  1 drivers
v00000000011bbea0_0 .net *"_ivl_60", 31 0, L_0000000001673a70;  1 drivers
v00000000011bbfe0_0 .net *"_ivl_64", 31 0, L_00000000016732f0;  1 drivers
v00000000011bc300_0 .net *"_ivl_66", 29 0, L_0000000001673e30;  1 drivers
L_0000000001618478 .functor BUFT 1, C4<00>, C4<0>, C4<0>, C4<0>;
v00000000011bd3e0_0 .net *"_ivl_68", 1 0, L_0000000001618478;  1 drivers
v00000000011bca80_0 .net *"_ivl_7", 3 0, L_0000000001617370;  1 drivers
v00000000011bc620_0 .net *"_ivl_73", 5 0, L_0000000001673ed0;  1 drivers
L_00000000016184c0 .functor BUFT 1, C4<000101>, C4<0>, C4<0>, C4<0>;
v00000000011bc6c0_0 .net/2u *"_ivl_74", 5 0, L_00000000016184c0;  1 drivers
v00000000011bc760_0 .net *"_ivl_78", 0 0, L_0000000001673610;  1 drivers
v00000000011bc800_0 .net *"_ivl_80", 0 0, L_00000000011be1b0;  1 drivers
v00000000011bc8a0_0 .net *"_ivl_82", 0 0, L_0000000001672b70;  1 drivers
v000000000160e890_0 .net *"_ivl_84", 0 0, L_00000000016731b0;  1 drivers
v000000000160fa10_0 .net *"_ivl_9", 25 0, L_00000000016170f0;  1 drivers
L_0000000001618508 .functor BUFT 1, C4<10>, C4<0>, C4<0>, C4<0>;
v000000000160ebb0_0 .net/2u *"_ivl_94", 1 0, L_0000000001618508;  1 drivers
v000000000160e110_0 .net *"_ivl_96", 0 0, L_0000000001672c10;  1 drivers
L_0000000001618550 .functor BUFT 1, C4<01>, C4<0>, C4<0>, C4<0>;
v000000000160f5b0_0 .net/2u *"_ivl_98", 1 0, L_0000000001618550;  1 drivers
v000000000160ffb0_0 .net "alu_ctrl_D", 2 0, v0000000001197260_0;  alias, 1 drivers
v000000000160e930_0 .var "alu_ctrl_E", 2 0;
v000000000160e750_0 .net "alu_result_E", 31 0, v0000000001196f40_0;  1 drivers
v000000000160fe70_0 .var "alu_result_M_reg", 31 0;
v000000000160e610_0 .net "alu_result_M_wire", 31 0, L_00000000011bea70;  1 drivers
v000000000160eb10_0 .var "alu_result_W", 31 0;
v000000000160e570_0 .net "alu_result_out", 31 0, L_00000000011bdd50;  alias, 1 drivers
v000000000160ecf0_0 .net "alu_src_D", 0 0, L_0000000001616bf0;  alias, 1 drivers
v000000000160ec50_0 .var "alu_src_E", 0 0;
v000000000160e6b0_0 .net "bne_D", 0 0, L_0000000001673f70;  1 drivers
v000000000160f8d0_0 .net "branch_D", 0 0, L_00000000016165b0;  alias, 1 drivers
v000000000160ed90_0 .net "clk", 0 0, v0000000001617230_0;  alias, 1 drivers
v000000000160fc90_0 .net "flush_E", 0 0, L_00000000011be060;  alias, 1 drivers
v000000000160f790_0 .net "forward_a_D", 1 0, v0000000001613b70_0;  alias, 1 drivers
v000000000160e7f0_0 .net "forward_a_E", 1 0, v0000000001613a30_0;  alias, 1 drivers
v000000000160fd30_0 .net "forward_b_D", 1 0, v0000000001613490_0;  alias, 1 drivers
v000000000160fbf0_0 .net "forward_b_E", 1 0, v0000000001612950_0;  alias, 1 drivers
v000000000160e9d0_0 .net "instr_D", 31 0, v000000000160fdd0_0;  alias, 1 drivers
v000000000160fdd0_0 .var "instr_D_reg", 31 0;
v000000000160e1b0_0 .net "instr_F", 31 0, L_00000000011be140;  1 drivers
v000000000160ff10_0 .net "jump_D", 0 0, L_0000000001616650;  alias, 1 drivers
v000000000160e250_0 .net "mem_to_reg_D", 0 0, L_0000000001616c90;  alias, 1 drivers
v000000000160ea70_0 .net "mem_to_reg_E", 0 0, v000000000160ee30_0;  alias, 1 drivers
v000000000160ee30_0 .var "mem_to_reg_E_reg", 0 0;
v000000000160eed0_0 .net "mem_to_reg_M", 0 0, v000000000160ef70_0;  alias, 1 drivers
v000000000160ef70_0 .var "mem_to_reg_M_reg", 0 0;
v000000000160e430_0 .var "mem_to_reg_W", 0 0;
v000000000160f830_0 .net "mem_write_D", 0 0, L_0000000001617af0;  alias, 1 drivers
v000000000160f010_0 .var "mem_write_E", 0 0;
v000000000160f6f0_0 .var "mem_write_M", 0 0;
v000000000160e390_0 .net "pc_F", 31 0, v0000000001196c20_0;  1 drivers
v000000000160f330_0 .net "pc_branch_D", 31 0, L_0000000001673930;  1 drivers
v000000000160f1f0_0 .net "pc_next_F", 31 0, L_00000000016172d0;  1 drivers
v000000000160e2f0_0 .net "pc_out", 31 0, L_00000000011bdf80;  alias, 1 drivers
v000000000160e4d0_0 .var "pc_plus4_D", 31 0;
v000000000160f0b0_0 .var "pc_plus4_E", 31 0;
v000000000160f150_0 .net "pc_plus4_F", 31 0, L_0000000001616f10;  1 drivers
v000000000160f3d0_0 .net "pc_src_D", 0 0, L_00000000011be760;  1 drivers
v000000000160f290_0 .net "rd1_D", 31 0, L_0000000001617ff0;  1 drivers
v000000000160f470_0 .var "rd1_E", 31 0;
v000000000160f510_0 .net "rd2_D", 31 0, L_0000000001617f50;  1 drivers
v000000000160f650_0 .var "rd2_E", 31 0;
v000000000160f970_0 .var "rd_E", 4 0;
v000000000160fab0_0 .net "read_data_M", 31 0, L_00000000011bdb90;  1 drivers
v000000000160fb50_0 .var "read_data_W", 31 0;
v0000000001610a80_0 .net "reg_dst_D", 0 0, L_0000000001617690;  alias, 1 drivers
v00000000016117a0_0 .var "reg_dst_E", 0 0;
v0000000001611660_0 .net "reg_write_D", 0 0, L_0000000001616a10;  alias, 1 drivers
v0000000001611f20_0 .net "reg_write_E", 0 0, v0000000001611840_0;  alias, 1 drivers
v0000000001611840_0 .var "reg_write_E_reg", 0 0;
v0000000001611480_0 .net "reg_write_M", 0 0, L_00000000011bdea0;  alias, 1 drivers
v0000000001611520_0 .var "reg_write_M_reg", 0 0;
v0000000001610800_0 .net "reg_write_W", 0 0, L_00000000011be300;  alias, 1 drivers
v0000000001610620_0 .var "reg_write_W_reg", 0 0;
v00000000016110c0_0 .net "reg_write_W_wire", 0 0, L_00000000011bdc70;  1 drivers
v00000000016108a0_0 .net "result_W", 31 0, L_0000000001673bb0;  1 drivers
v0000000001611a20_0 .net "rs_D", 4 0, L_0000000001617c30;  alias, 1 drivers
v0000000001610bc0_0 .net "rs_E", 4 0, L_00000000011be840;  alias, 1 drivers
v0000000001610120_0 .var "rs_E_reg", 4 0;
v0000000001610d00_0 .net "rst_n", 0 0, v00000000016175f0_0;  alias, 1 drivers
v0000000001611fc0_0 .net "rt_D", 4 0, L_0000000001617cd0;  alias, 1 drivers
v0000000001610940_0 .net "rt_E", 4 0, v0000000001610760_0;  alias, 1 drivers
v0000000001610760_0 .var "rt_E_reg", 4 0;
v0000000001611e80_0 .net "sign_imm_D", 31 0, L_0000000001617b90;  1 drivers
v00000000016106c0_0 .var "sign_imm_E", 31 0;
v0000000001610b20_0 .net "src_a_D", 31 0, L_0000000001673c50;  1 drivers
v0000000001610580_0 .net "src_a_E_final", 31 0, L_0000000001673750;  1 drivers
v0000000001610da0_0 .net "src_b_D", 31 0, L_0000000001673d90;  1 drivers
v0000000001610e40_0 .net "src_b_E_final", 31 0, L_00000000016736b0;  1 drivers
v00000000016118e0_0 .net "src_b_E_temp", 31 0, L_0000000001673b10;  1 drivers
v00000000016115c0_0 .net "stall_D", 0 0, L_00000000011be7d0;  alias, 1 drivers
v0000000001611ac0_0 .net "stall_F", 0 0, L_00000000011be920;  alias, 1 drivers
v00000000016109e0_0 .var "write_data_M", 31 0;
v0000000001611980_0 .net "write_reg_E", 4 0, L_00000000011bddc0;  alias, 1 drivers
v0000000001611700_0 .net "write_reg_E_wire", 4 0, L_0000000001673250;  1 drivers
v0000000001610c60_0 .net "write_reg_M", 4 0, v0000000001611160_0;  alias, 1 drivers
v0000000001611160_0 .var "write_reg_M_reg", 4 0;
v00000000016101c0_0 .net "write_reg_W", 4 0, L_00000000011bdf10;  alias, 1 drivers
v0000000001610260_0 .var "write_reg_W_reg", 4 0;
v0000000001611b60_0 .net "write_reg_W_wire", 4 0, L_00000000011bdce0;  1 drivers
v0000000001610ee0_0 .net "zero_E", 0 0, L_0000000001672a30;  1 drivers
L_0000000001616f10 .arith/sum 32, v0000000001196c20_0, L_0000000001618118;
L_0000000001617370 .part v000000000160e4d0_0, 28, 4;
L_00000000016170f0 .part v000000000160fdd0_0, 0, 26;
L_0000000001616fb0 .concat [ 2 26 4 0], L_0000000001618160, L_00000000016170f0, L_0000000001617370;
L_0000000001617190 .functor MUXZ 32, L_0000000001616f10, L_0000000001616fb0, L_0000000001616650, C4<>;
L_00000000016172d0 .functor MUXZ 32, L_0000000001617190, L_0000000001673930, L_00000000011be760, C4<>;
L_00000000016177d0 .part v000000000160fdd0_0, 21, 5;
L_0000000001616150 .part v000000000160fdd0_0, 16, 5;
L_0000000001616290 .part v000000000160fdd0_0, 15, 1;
LS_0000000001616330_0_0 .concat [ 1 1 1 1], L_0000000001616290, L_0000000001616290, L_0000000001616290, L_0000000001616290;
LS_0000000001616330_0_4 .concat [ 1 1 1 1], L_0000000001616290, L_0000000001616290, L_0000000001616290, L_0000000001616290;
LS_0000000001616330_0_8 .concat [ 1 1 1 1], L_0000000001616290, L_0000000001616290, L_0000000001616290, L_0000000001616290;
LS_0000000001616330_0_12 .concat [ 1 1 1 1], L_0000000001616290, L_0000000001616290, L_0000000001616290, L_0000000001616290;
L_0000000001616330 .concat [ 4 4 4 4], LS_0000000001616330_0_0, LS_0000000001616330_0_4, LS_0000000001616330_0_8, LS_0000000001616330_0_12;
L_0000000001617910 .part v000000000160fdd0_0, 0, 16;
L_0000000001617b90 .concat [ 16 16 0 0], L_0000000001617910, L_0000000001616330;
L_0000000001617c30 .part v000000000160fdd0_0, 21, 5;
L_0000000001617cd0 .part v000000000160fdd0_0, 16, 5;
L_0000000001673570 .cmp/eq 2, v0000000001613b70_0, L_0000000001618358;
L_0000000001672fd0 .cmp/eq 2, v0000000001613b70_0, L_00000000016183a0;
L_00000000016737f0 .functor MUXZ 32, L_0000000001617ff0, L_0000000001673bb0, L_0000000001672fd0, C4<>;
L_0000000001673c50 .functor MUXZ 32, L_00000000016737f0, v000000000160fe70_0, L_0000000001673570, C4<>;
L_0000000001673cf0 .cmp/eq 2, v0000000001613490_0, L_00000000016183e8;
L_00000000016734d0 .cmp/eq 2, v0000000001613490_0, L_0000000001618430;
L_0000000001673a70 .functor MUXZ 32, L_0000000001617f50, L_0000000001673bb0, L_00000000016734d0, C4<>;
L_0000000001673d90 .functor MUXZ 32, L_0000000001673a70, v000000000160fe70_0, L_0000000001673cf0, C4<>;
L_0000000001673e30 .part L_0000000001617b90, 0, 30;
L_00000000016732f0 .concat [ 2 30 0 0], L_0000000001618478, L_0000000001673e30;
L_0000000001673930 .arith/sum 32, v000000000160e4d0_0, L_00000000016732f0;
L_0000000001673ed0 .part v000000000160fdd0_0, 26, 6;
L_0000000001673f70 .cmp/eq 6, L_0000000001673ed0, L_00000000016184c0;
L_0000000001673610 .cmp/eq 32, L_0000000001673c50, L_0000000001673d90;
L_0000000001672b70 .cmp/eq 32, L_0000000001673c50, L_0000000001673d90;
L_00000000016731b0 .functor MUXZ 1, L_0000000001672b70, L_00000000011be1b0, L_0000000001673f70, C4<>;
L_0000000001672c10 .cmp/eq 2, v0000000001613a30_0, L_0000000001618508;
L_0000000001674010 .cmp/eq 2, v0000000001613a30_0, L_0000000001618550;
L_0000000001672990 .functor MUXZ 32, v000000000160f470_0, L_0000000001673bb0, L_0000000001674010, C4<>;
L_0000000001673750 .functor MUXZ 32, L_0000000001672990, L_00000000011bea70, L_0000000001672c10, C4<>;
L_00000000016739d0 .cmp/eq 2, v0000000001612950_0, L_0000000001618598;
L_0000000001673070 .cmp/eq 2, v0000000001612950_0, L_00000000016185e0;
L_0000000001672f30 .functor MUXZ 32, v000000000160f650_0, L_0000000001673bb0, L_0000000001673070, C4<>;
L_0000000001673b10 .functor MUXZ 32, L_0000000001672f30, L_00000000011bea70, L_00000000016739d0, C4<>;
L_00000000016736b0 .functor MUXZ 32, L_0000000001673b10, v00000000016106c0_0, v000000000160ec50_0, C4<>;
L_0000000001673250 .functor MUXZ 5, v0000000001610760_0, v000000000160f970_0, v00000000016117a0_0, C4<>;
L_0000000001673bb0 .functor MUXZ 32, v000000000160eb10_0, v000000000160fb50_0, v000000000160e430_0, C4<>;
S_000000000114c410 .scope module, "u_alu" "alu" 7 192, 8 16 0, S_0000000001151e40;
 .timescale -9 -12;
    .port_info 0 /INPUT 32 "src_a";
    .port_info 1 /INPUT 32 "src_b";
    .port_info 2 /INPUT 3 "alu_ctrl";
    .port_info 3 /OUTPUT 32 "result";
    .port_info 4 /OUTPUT 1 "zero";
L_0000000001618628 .functor BUFT 1, C4<00000000000000000000000000000000>, C4<0>, C4<0>, C4<0>;
v00000000011956e0_0 .net/2u *"_ivl_0", 31 0, L_0000000001618628;  1 drivers
v00000000011960e0_0 .net "alu_ctrl", 2 0, v000000000160e930_0;  1 drivers
v0000000001196f40_0 .var "result", 31 0;
v0000000001196180_0 .net "src_a", 31 0, L_0000000001673750;  alias, 1 drivers
v00000000011962c0_0 .net "src_b", 31 0, L_00000000016736b0;  alias, 1 drivers
v0000000001197080_0 .net "zero", 0 0, L_0000000001672a30;  alias, 1 drivers
E_00000000011799e0 .event edge, v00000000011960e0_0, v0000000001196180_0, v00000000011962c0_0;
L_0000000001672a30 .cmp/eq 32, v0000000001196f40_0, L_0000000001618628;
S_000000000114c5a0 .scope module, "u_data_mem" "data_memory" 7 221, 9 14 0, S_0000000001151e40;
 .timescale -9 -12;
    .port_info 0 /INPUT 1 "clk";
    .port_info 1 /INPUT 1 "mem_write_en";
    .port_info 2 /INPUT 32 "addr";
    .port_info 3 /INPUT 32 "write_data";
    .port_info 4 /OUTPUT 32 "read_data";
P_0000000001287140 .param/l "DEPTH" 0 9 16, +C4<00000000000000000000000100000000>;
P_0000000001287178 .param/l "WIDTH" 0 9 15, +C4<00000000000000000000000000100000>;
L_00000000011bdb90 .functor BUFZ 32, L_0000000001673890, C4<00000000000000000000000000000000>, C4<00000000000000000000000000000000>, C4<00000000000000000000000000000000>;
v0000000001196220_0 .net *"_ivl_0", 31 0, L_0000000001673890;  1 drivers
v0000000001196360_0 .net *"_ivl_3", 29 0, L_0000000001672ad0;  1 drivers
v00000000011971c0_0 .net "addr", 31 0, v000000000160fe70_0;  1 drivers
v0000000001196ea0_0 .net "clk", 0 0, v0000000001617230_0;  alias, 1 drivers
v00000000011965e0_0 .net "mem_write_en", 0 0, v000000000160f6f0_0;  1 drivers
v0000000001196400 .array "ram", 255 0, 31 0;
v0000000001196540_0 .net "read_data", 31 0, L_00000000011bdb90;  alias, 1 drivers
v0000000001196b80_0 .net "write_data", 31 0, v00000000016109e0_0;  1 drivers
E_0000000001179aa0 .event posedge, v0000000001196ea0_0;
L_0000000001673890 .array/port v0000000001196400, L_0000000001672ad0;
L_0000000001672ad0 .part v000000000160fe70_0, 2, 30;
S_000000000114c730 .scope module, "u_imem" "instruction_memory" 7 63, 10 14 0, S_0000000001151e40;
 .timescale -9 -12;
    .port_info 0 /INPUT 32 "addr";
    .port_info 1 /OUTPUT 32 "rd";
P_00000000012875e0 .param/l "DEPTH" 0 10 16, +C4<00000000000000000000000100000000>;
P_0000000001287618 .param/l "WIDTH" 0 10 15, +C4<00000000000000000000000000100000>;
L_00000000011be140 .functor BUFZ 32, L_0000000001617d70, C4<00000000000000000000000000000000>, C4<00000000000000000000000000000000>, C4<00000000000000000000000000000000>;
v00000000011967c0_0 .net *"_ivl_0", 31 0, L_0000000001617d70;  1 drivers
v0000000001196860_0 .net *"_ivl_3", 29 0, L_00000000016168d0;  1 drivers
v0000000001195460_0 .net "addr", 31 0, v0000000001196c20_0;  alias, 1 drivers
v00000000011969a0 .array "ram", 255 0, 31 0;
v0000000001195640_0 .net "rd", 31 0, L_00000000011be140;  alias, 1 drivers
L_0000000001617d70 .array/port v00000000011969a0, L_00000000016168d0;
L_00000000016168d0 .part v0000000001196c20_0, 2, 30;
S_0000000001108fd0 .scope module, "u_pc" "pc" 7 55, 11 10 0, S_0000000001151e40;
 .timescale -9 -12;
    .port_info 0 /INPUT 1 "clk";
    .port_info 1 /INPUT 1 "rst_n";
    .port_info 2 /INPUT 1 "en";
    .port_info 3 /INPUT 32 "pc_next";
    .port_info 4 /OUTPUT 32 "pc";
v0000000001196a40_0 .net "clk", 0 0, v0000000001617230_0;  alias, 1 drivers
v0000000001196ae0_0 .net "en", 0 0, L_00000000011be990;  1 drivers
v0000000001196c20_0 .var "pc", 31 0;
v0000000001196d60_0 .net "pc_next", 31 0, L_00000000016172d0;  alias, 1 drivers
v000000000117ce50_0 .net "rst_n", 0 0, v00000000016175f0_0;  alias, 1 drivers
E_0000000001179ae0/0 .event negedge, v000000000117ce50_0;
E_0000000001179ae0/1 .event posedge, v0000000001196ea0_0;
E_0000000001179ae0 .event/or E_0000000001179ae0/0, E_0000000001179ae0/1;
S_0000000001109160 .scope module, "u_reg_file" "reg_file" 7 101, 12 12 0, S_0000000001151e40;
 .timescale -9 -12;
    .port_info 0 /INPUT 1 "clk";
    .port_info 1 /INPUT 1 "we3";
    .port_info 2 /INPUT 5 "wa3";
    .port_info 3 /INPUT 32 "wd3";
    .port_info 4 /INPUT 5 "ra1";
    .port_info 5 /INPUT 5 "ra2";
    .port_info 6 /OUTPUT 32 "rd1";
    .port_info 7 /OUTPUT 32 "rd2";
L_00000000016181a8 .functor BUFT 1, C4<00000>, C4<0>, C4<0>, C4<0>;
v000000000117c810_0 .net/2u *"_ivl_0", 4 0, L_00000000016181a8;  1 drivers
L_0000000001618238 .functor BUFT 1, C4<00>, C4<0>, C4<0>, C4<0>;
v000000000117ca90_0 .net *"_ivl_11", 1 0, L_0000000001618238;  1 drivers
L_0000000001618280 .functor BUFT 1, C4<00000>, C4<0>, C4<0>, C4<0>;
v000000000117cbd0_0 .net/2u *"_ivl_14", 4 0, L_0000000001618280;  1 drivers
v000000000117bd70_0 .net *"_ivl_16", 0 0, L_0000000001617550;  1 drivers
L_00000000016182c8 .functor BUFT 1, C4<00000000000000000000000000000000>, C4<0>, C4<0>, C4<0>;
v00000000011bcbc0_0 .net/2u *"_ivl_18", 31 0, L_00000000016182c8;  1 drivers
v00000000011bd020_0 .net *"_ivl_2", 0 0, L_0000000001617410;  1 drivers
v00000000011bc080_0 .net *"_ivl_20", 31 0, L_0000000001617730;  1 drivers
v00000000011bcd00_0 .net *"_ivl_22", 6 0, L_0000000001617870;  1 drivers
L_0000000001618310 .functor BUFT 1, C4<00>, C4<0>, C4<0>, C4<0>;
v00000000011bcb20_0 .net *"_ivl_25", 1 0, L_0000000001618310;  1 drivers
L_00000000016181f0 .functor BUFT 1, C4<00000000000000000000000000000000>, C4<0>, C4<0>, C4<0>;
v00000000011bbcc0_0 .net/2u *"_ivl_4", 31 0, L_00000000016181f0;  1 drivers
v00000000011bcda0_0 .net *"_ivl_6", 31 0, L_0000000001617eb0;  1 drivers
v00000000011bd980_0 .net *"_ivl_8", 6 0, L_00000000016179b0;  1 drivers
v00000000011bd480_0 .net "clk", 0 0, L_00000000011bdff0;  1 drivers
v00000000011bcc60_0 .net "ra1", 4 0, L_00000000016177d0;  1 drivers
v00000000011bbd60_0 .net "ra2", 4 0, L_0000000001616150;  1 drivers
v00000000011bd5c0_0 .net "rd1", 31 0, L_0000000001617ff0;  alias, 1 drivers
v00000000011bd660_0 .net "rd2", 31 0, L_0000000001617f50;  alias, 1 drivers
v00000000011bc120 .array "rf", 0 31, 31 0;
v00000000011bce40_0 .net "wa3", 4 0, L_00000000011bdce0;  alias, 1 drivers
v00000000011bd520_0 .net "wd3", 31 0, L_0000000001673bb0;  alias, 1 drivers
v00000000011bc1c0_0 .net "we3", 0 0, L_00000000011bdc70;  alias, 1 drivers
E_000000000117a020 .event posedge, v00000000011bd480_0;
L_0000000001617410 .cmp/eq 5, L_00000000016177d0, L_00000000016181a8;
L_0000000001617eb0 .array/port v00000000011bc120, L_00000000016179b0;
L_00000000016179b0 .concat [ 5 2 0 0], L_00000000016177d0, L_0000000001618238;
L_0000000001617ff0 .functor MUXZ 32, L_0000000001617eb0, L_00000000016181f0, L_0000000001617410, C4<>;
L_0000000001617550 .cmp/eq 5, L_0000000001616150, L_0000000001618280;
L_0000000001617730 .array/port v00000000011bc120, L_0000000001617870;
L_0000000001617870 .concat [ 5 2 0 0], L_0000000001616150, L_0000000001618310;
L_0000000001617f50 .functor MUXZ 32, L_0000000001617730, L_00000000016182c8, L_0000000001617550, C4<>;
S_00000000011092f0 .scope module, "u_hazard" "hazard_unit" 3 58, 13 15 0, S_000000000119c720;
 .timescale -9 -12;
    .port_info 0 /INPUT 5 "rs_E";
    .port_info 1 /INPUT 5 "rt_E";
    .port_info 2 /INPUT 5 "write_reg_E";
    .port_info 3 /INPUT 1 "reg_write_E";
    .port_info 4 /INPUT 1 "mem_to_reg_E";
    .port_info 5 /INPUT 5 "write_reg_M";
    .port_info 6 /INPUT 1 "reg_write_M";
    .port_info 7 /INPUT 1 "mem_to_reg_M";
    .port_info 8 /INPUT 5 "write_reg_W";
    .port_info 9 /INPUT 1 "reg_write_W";
    .port_info 10 /INPUT 5 "rs_D";
    .port_info 11 /INPUT 5 "rt_D";
    .port_info 12 /INPUT 1 "branch_D";
    .port_info 13 /OUTPUT 2 "forward_a_E";
    .port_info 14 /OUTPUT 2 "forward_b_E";
    .port_info 15 /OUTPUT 2 "forward_a_D";
    .port_info 16 /OUTPUT 2 "forward_b_D";
    .port_info 17 /OUTPUT 1 "stall_F";
    .port_info 18 /OUTPUT 1 "stall_D";
    .port_info 19 /OUTPUT 1 "flush_E";
L_000000000116c460 .functor OR 1, L_0000000001616b50, L_00000000016161f0, C4<0>, C4<0>;
L_000000000116ca80 .functor AND 1, v000000000160ee30_0, L_000000000116c460, C4<1>, C4<1>;
L_000000000116cc40 .functor OR 1, L_0000000001616d30, L_0000000001616790, C4<0>, C4<0>;
L_000000000116cd20 .functor AND 1, v0000000001611840_0, L_000000000116cc40, C4<1>, C4<1>;
L_000000000116ce70 .functor OR 1, L_0000000001616dd0, L_0000000001616830, C4<0>, C4<0>;
L_00000000011be0d0 .functor AND 1, v000000000160ef70_0, L_000000000116ce70, C4<1>, C4<1>;
L_00000000011be8b0 .functor OR 1, L_000000000116cd20, L_00000000011be0d0, C4<0>, C4<0>;
L_00000000011bea00 .functor AND 1, L_00000000016165b0, L_00000000011be8b0, C4<1>, C4<1>;
L_00000000011be920 .functor OR 1, L_000000000116ca80, L_00000000011bea00, C4<0>, C4<0>;
L_00000000011be7d0 .functor OR 1, L_000000000116ca80, L_00000000011bea00, C4<0>, C4<0>;
L_00000000011be060 .functor OR 1, L_000000000116ca80, L_00000000011bea00, C4<0>, C4<0>;
v0000000001611c00_0 .net *"_ivl_0", 0 0, L_0000000001616b50;  1 drivers
v00000000016113e0_0 .net *"_ivl_10", 0 0, L_0000000001616790;  1 drivers
v0000000001610f80_0 .net *"_ivl_13", 0 0, L_000000000116cc40;  1 drivers
v0000000001611020_0 .net *"_ivl_15", 0 0, L_000000000116cd20;  1 drivers
v0000000001610300_0 .net *"_ivl_16", 0 0, L_0000000001616dd0;  1 drivers
v0000000001611200_0 .net *"_ivl_18", 0 0, L_0000000001616830;  1 drivers
v00000000016112a0_0 .net *"_ivl_2", 0 0, L_00000000016161f0;  1 drivers
v0000000001611de0_0 .net *"_ivl_21", 0 0, L_000000000116ce70;  1 drivers
v00000000016103a0_0 .net *"_ivl_23", 0 0, L_00000000011be0d0;  1 drivers
v0000000001610440_0 .net *"_ivl_25", 0 0, L_00000000011be8b0;  1 drivers
v00000000016104e0_0 .net *"_ivl_5", 0 0, L_000000000116c460;  1 drivers
v0000000001611340_0 .net *"_ivl_8", 0 0, L_0000000001616d30;  1 drivers
v0000000001611ca0_0 .net "branch_D", 0 0, L_00000000016165b0;  alias, 1 drivers
v0000000001611d40_0 .net "branchstall", 0 0, L_00000000011bea00;  1 drivers
v0000000001613df0_0 .net "flush_E", 0 0, L_00000000011be060;  alias, 1 drivers
v0000000001613b70_0 .var "forward_a_D", 1 0;
v0000000001613a30_0 .var "forward_a_E", 1 0;
v0000000001613490_0 .var "forward_b_D", 1 0;
v0000000001612950_0 .var "forward_b_E", 1 0;
v00000000016129f0_0 .net "lwstall", 0 0, L_000000000116ca80;  1 drivers
v0000000001612a90_0 .net "mem_to_reg_E", 0 0, v000000000160ee30_0;  alias, 1 drivers
v00000000016135d0_0 .net "mem_to_reg_M", 0 0, v000000000160ef70_0;  alias, 1 drivers
v0000000001613350_0 .net "reg_write_E", 0 0, v0000000001611840_0;  alias, 1 drivers
v0000000001612bd0_0 .net "reg_write_M", 0 0, L_00000000011bdea0;  alias, 1 drivers
v00000000016130d0_0 .net "reg_write_W", 0 0, L_00000000011be300;  alias, 1 drivers
v0000000001613710_0 .net "rs_D", 4 0, L_0000000001617c30;  alias, 1 drivers
v0000000001612810_0 .net "rs_E", 4 0, L_00000000011be840;  alias, 1 drivers
v0000000001613670_0 .net "rt_D", 4 0, L_0000000001617cd0;  alias, 1 drivers
v0000000001613ad0_0 .net "rt_E", 4 0, v0000000001610760_0;  alias, 1 drivers
v0000000001612db0_0 .net "stall_D", 0 0, L_00000000011be7d0;  alias, 1 drivers
v0000000001612b30_0 .net "stall_F", 0 0, L_00000000011be920;  alias, 1 drivers
v0000000001613210_0 .net "write_reg_E", 4 0, L_00000000011bddc0;  alias, 1 drivers
v0000000001612630_0 .net "write_reg_M", 4 0, v0000000001611160_0;  alias, 1 drivers
v0000000001612c70_0 .net "write_reg_W", 4 0, L_00000000011bdf10;  alias, 1 drivers
E_00000000011791e0/0 .event edge, v0000000001611480_0, v0000000001610c60_0, v0000000001611a20_0, v0000000001610800_0;
E_00000000011791e0/1 .event edge, v00000000016101c0_0, v0000000001611fc0_0;
E_00000000011791e0 .event/or E_00000000011791e0/0, E_00000000011791e0/1;
E_000000000117a2e0/0 .event edge, v0000000001611480_0, v0000000001610c60_0, v0000000001610bc0_0, v0000000001610800_0;
E_000000000117a2e0/1 .event edge, v00000000016101c0_0, v0000000001610940_0;
E_000000000117a2e0 .event/or E_000000000117a2e0/0, E_000000000117a2e0/1;
L_0000000001616b50 .cmp/eq 5, L_00000000011bddc0, L_0000000001617c30;
L_00000000016161f0 .cmp/eq 5, L_00000000011bddc0, L_0000000001617cd0;
L_0000000001616d30 .cmp/eq 5, L_00000000011bddc0, L_0000000001617c30;
L_0000000001616790 .cmp/eq 5, L_00000000011bddc0, L_0000000001617cd0;
L_0000000001616dd0 .cmp/eq 5, v0000000001611160_0, L_0000000001617c30;
L_0000000001616830 .cmp/eq 5, v0000000001611160_0, L_0000000001617cd0;
    .scope S_000000000119e660;
T_0 ;
    %wait E_0000000001179960;
    %load/vec4 v0000000001195d20_0;
    %dup/vec4;
    %pushi/vec4 0, 0, 6;
    %cmp/u;
    %jmp/1 T_0.0, 6;
    %dup/vec4;
    %pushi/vec4 35, 0, 6;
    %cmp/u;
    %jmp/1 T_0.1, 6;
    %dup/vec4;
    %pushi/vec4 43, 0, 6;
    %cmp/u;
    %jmp/1 T_0.2, 6;
    %dup/vec4;
    %pushi/vec4 4, 0, 6;
    %cmp/u;
    %jmp/1 T_0.3, 6;
    %dup/vec4;
    %pushi/vec4 5, 0, 6;
    %cmp/u;
    %jmp/1 T_0.4, 6;
    %dup/vec4;
    %pushi/vec4 8, 0, 6;
    %cmp/u;
    %jmp/1 T_0.5, 6;
    %dup/vec4;
    %pushi/vec4 2, 0, 6;
    %cmp/u;
    %jmp/1 T_0.6, 6;
    %pushi/vec4 0, 0, 10;
    %store/vec4 v0000000001195be0_0, 0, 10;
    %jmp T_0.8;
T_0.0 ;
    %pushi/vec4 386, 0, 10;
    %store/vec4 v0000000001195be0_0, 0, 10;
    %jmp T_0.8;
T_0.1 ;
    %pushi/vec4 328, 0, 10;
    %store/vec4 v0000000001195be0_0, 0, 10;
    %jmp T_0.8;
T_0.2 ;
    %pushi/vec4 80, 0, 10;
    %store/vec4 v0000000001195be0_0, 0, 10;
    %jmp T_0.8;
T_0.3 ;
    %pushi/vec4 33, 0, 10;
    %store/vec4 v0000000001195be0_0, 0, 10;
    %jmp T_0.8;
T_0.4 ;
    %pushi/vec4 33, 0, 10;
    %store/vec4 v0000000001195be0_0, 0, 10;
    %jmp T_0.8;
T_0.5 ;
    %pushi/vec4 320, 0, 10;
    %store/vec4 v0000000001195be0_0, 0, 10;
    %jmp T_0.8;
T_0.6 ;
    %pushi/vec4 4, 0, 10;
    %store/vec4 v0000000001195be0_0, 0, 10;
    %jmp T_0.8;
T_0.8 ;
    %pop/vec4 1;
    %jmp T_0;
    .thread T_0, $push;
    .scope S_000000000119e4d0;
T_1 ;
    %wait E_0000000001179760;
    %load/vec4 v0000000001196720_0;
    %dup/vec4;
    %pushi/vec4 0, 0, 2;
    %cmp/u;
    %jmp/1 T_1.0, 6;
    %dup/vec4;
    %pushi/vec4 1, 0, 2;
    %cmp/u;
    %jmp/1 T_1.1, 6;
    %dup/vec4;
    %pushi/vec4 2, 0, 2;
    %cmp/u;
    %jmp/1 T_1.2, 6;
    %pushi/vec4 0, 0, 3;
    %store/vec4 v0000000001197260_0, 0, 3;
    %jmp T_1.4;
T_1.0 ;
    %pushi/vec4 2, 0, 3;
    %store/vec4 v0000000001197260_0, 0, 3;
    %jmp T_1.4;
T_1.1 ;
    %pushi/vec4 6, 0, 3;
    %store/vec4 v0000000001197260_0, 0, 3;
    %jmp T_1.4;
T_1.2 ;
    %load/vec4 v0000000001195820_0;
    %dup/vec4;
    %pushi/vec4 32, 0, 6;
    %cmp/u;
    %jmp/1 T_1.5, 6;
    %dup/vec4;
    %pushi/vec4 34, 0, 6;
    %cmp/u;
    %jmp/1 T_1.6, 6;
    %dup/vec4;
    %pushi/vec4 36, 0, 6;
    %cmp/u;
    %jmp/1 T_1.7, 6;
    %dup/vec4;
    %pushi/vec4 37, 0, 6;
    %cmp/u;
    %jmp/1 T_1.8, 6;
    %dup/vec4;
    %pushi/vec4 42, 0, 6;
    %cmp/u;
    %jmp/1 T_1.9, 6;
    %pushi/vec4 2, 0, 3;
    %store/vec4 v0000000001197260_0, 0, 3;
    %jmp T_1.11;
T_1.5 ;
    %pushi/vec4 2, 0, 3;
    %store/vec4 v0000000001197260_0, 0, 3;
    %jmp T_1.11;
T_1.6 ;
    %pushi/vec4 6, 0, 3;
    %store/vec4 v0000000001197260_0, 0, 3;
    %jmp T_1.11;
T_1.7 ;
    %pushi/vec4 0, 0, 3;
    %store/vec4 v0000000001197260_0, 0, 3;
    %jmp T_1.11;
T_1.8 ;
    %pushi/vec4 1, 0, 3;
    %store/vec4 v0000000001197260_0, 0, 3;
    %jmp T_1.11;
T_1.9 ;
    %pushi/vec4 7, 0, 3;
    %store/vec4 v0000000001197260_0, 0, 3;
    %jmp T_1.11;
T_1.11 ;
    %pop/vec4 1;
    %jmp T_1.4;
T_1.4 ;
    %pop/vec4 1;
    %jmp T_1;
    .thread T_1, $push;
    .scope S_00000000011092f0;
T_2 ;
    %wait E_000000000117a2e0;
    %load/vec4 v0000000001612bd0_0;
    %load/vec4 v0000000001612630_0;
    %pad/u 32;
    %pushi/vec4 0, 0, 32;
    %cmp/ne;
    %flag_get/vec4 4;
    %and;
    %load/vec4 v0000000001612630_0;
    %load/vec4 v0000000001612810_0;
    %cmp/e;
    %flag_get/vec4 4;
    %and;
    %flag_set/vec4 8;
    %jmp/0xz  T_2.0, 8;
    %pushi/vec4 2, 0, 2;
    %store/vec4 v0000000001613a30_0, 0, 2;
    %jmp T_2.1;
T_2.0 ;
    %load/vec4 v00000000016130d0_0;
    %load/vec4 v0000000001612c70_0;
    %pad/u 32;
    %pushi/vec4 0, 0, 32;
    %cmp/ne;
    %flag_get/vec4 4;
    %and;
    %load/vec4 v0000000001612c70_0;
    %load/vec4 v0000000001612810_0;
    %cmp/e;
    %flag_get/vec4 4;
    %and;
    %flag_set/vec4 8;
    %jmp/0xz  T_2.2, 8;
    %pushi/vec4 1, 0, 2;
    %store/vec4 v0000000001613a30_0, 0, 2;
    %jmp T_2.3;
T_2.2 ;
    %pushi/vec4 0, 0, 2;
    %store/vec4 v0000000001613a30_0, 0, 2;
T_2.3 ;
T_2.1 ;
    %load/vec4 v0000000001612bd0_0;
    %load/vec4 v0000000001612630_0;
    %pad/u 32;
    %pushi/vec4 0, 0, 32;
    %cmp/ne;
    %flag_get/vec4 4;
    %and;
    %load/vec4 v0000000001612630_0;
    %load/vec4 v0000000001613ad0_0;
    %cmp/e;
    %flag_get/vec4 4;
    %and;
    %flag_set/vec4 8;
    %jmp/0xz  T_2.4, 8;
    %pushi/vec4 2, 0, 2;
    %store/vec4 v0000000001612950_0, 0, 2;
    %jmp T_2.5;
T_2.4 ;
    %load/vec4 v00000000016130d0_0;
    %load/vec4 v0000000001612c70_0;
    %pad/u 32;
    %pushi/vec4 0, 0, 32;
    %cmp/ne;
    %flag_get/vec4 4;
    %and;
    %load/vec4 v0000000001612c70_0;
    %load/vec4 v0000000001613ad0_0;
    %cmp/e;
    %flag_get/vec4 4;
    %and;
    %flag_set/vec4 8;
    %jmp/0xz  T_2.6, 8;
    %pushi/vec4 1, 0, 2;
    %store/vec4 v0000000001612950_0, 0, 2;
    %jmp T_2.7;
T_2.6 ;
    %pushi/vec4 0, 0, 2;
    %store/vec4 v0000000001612950_0, 0, 2;
T_2.7 ;
T_2.5 ;
    %jmp T_2;
    .thread T_2, $push;
    .scope S_00000000011092f0;
T_3 ;
    %wait E_00000000011791e0;
    %load/vec4 v0000000001612bd0_0;
    %load/vec4 v0000000001612630_0;
    %pad/u 32;
    %pushi/vec4 0, 0, 32;
    %cmp/ne;
    %flag_get/vec4 4;
    %and;
    %load/vec4 v0000000001612630_0;
    %load/vec4 v0000000001613710_0;
    %cmp/e;
    %flag_get/vec4 4;
    %and;
    %flag_set/vec4 8;
    %jmp/0xz  T_3.0, 8;
    %pushi/vec4 2, 0, 2;
    %store/vec4 v0000000001613b70_0, 0, 2;
    %jmp T_3.1;
T_3.0 ;
    %load/vec4 v00000000016130d0_0;
    %load/vec4 v0000000001612c70_0;
    %pad/u 32;
    %pushi/vec4 0, 0, 32;
    %cmp/ne;
    %flag_get/vec4 4;
    %and;
    %load/vec4 v0000000001612c70_0;
    %load/vec4 v0000000001613710_0;
    %cmp/e;
    %flag_get/vec4 4;
    %and;
    %flag_set/vec4 8;
    %jmp/0xz  T_3.2, 8;
    %pushi/vec4 1, 0, 2;
    %store/vec4 v0000000001613b70_0, 0, 2;
    %jmp T_3.3;
T_3.2 ;
    %pushi/vec4 0, 0, 2;
    %store/vec4 v0000000001613b70_0, 0, 2;
T_3.3 ;
T_3.1 ;
    %load/vec4 v0000000001612bd0_0;
    %load/vec4 v0000000001612630_0;
    %pad/u 32;
    %pushi/vec4 0, 0, 32;
    %cmp/ne;
    %flag_get/vec4 4;
    %and;
    %load/vec4 v0000000001612630_0;
    %load/vec4 v0000000001613670_0;
    %cmp/e;
    %flag_get/vec4 4;
    %and;
    %flag_set/vec4 8;
    %jmp/0xz  T_3.4, 8;
    %pushi/vec4 2, 0, 2;
    %store/vec4 v0000000001613490_0, 0, 2;
    %jmp T_3.5;
T_3.4 ;
    %load/vec4 v00000000016130d0_0;
    %load/vec4 v0000000001612c70_0;
    %pad/u 32;
    %pushi/vec4 0, 0, 32;
    %cmp/ne;
    %flag_get/vec4 4;
    %and;
    %load/vec4 v0000000001612c70_0;
    %load/vec4 v0000000001613670_0;
    %cmp/e;
    %flag_get/vec4 4;
    %and;
    %flag_set/vec4 8;
    %jmp/0xz  T_3.6, 8;
    %pushi/vec4 1, 0, 2;
    %store/vec4 v0000000001613490_0, 0, 2;
    %jmp T_3.7;
T_3.6 ;
    %pushi/vec4 0, 0, 2;
    %store/vec4 v0000000001613490_0, 0, 2;
T_3.7 ;
T_3.5 ;
    %jmp T_3;
    .thread T_3, $push;
    .scope S_0000000001108fd0;
T_4 ;
    %wait E_0000000001179ae0;
    %load/vec4 v000000000117ce50_0;
    %nor/r;
    %flag_set/vec4 8;
    %jmp/0xz  T_4.0, 8;
    %pushi/vec4 0, 0, 32;
    %assign/vec4 v0000000001196c20_0, 0;
    %jmp T_4.1;
T_4.0 ;
    %load/vec4 v0000000001196ae0_0;
    %flag_set/vec4 8;
    %jmp/0xz  T_4.2, 8;
    %load/vec4 v0000000001196d60_0;
    %assign/vec4 v0000000001196c20_0, 0;
T_4.2 ;
T_4.1 ;
    %jmp T_4;
    .thread T_4;
    .scope S_000000000114c730;
T_5 ;
    %vpi_call 10 24 "$readmemh", "memfile.dat", v00000000011969a0 {0 0 0};
    %end;
    .thread T_5;
    .scope S_0000000001109160;
T_6 ;
    %wait E_000000000117a020;
    %load/vec4 v00000000011bc1c0_0;
    %load/vec4 v00000000011bce40_0;
    %pushi/vec4 0, 0, 5;
    %cmp/ne;
    %flag_get/vec4 4;
    %and;
    %flag_set/vec4 8;
    %jmp/0xz  T_6.0, 8;
    %load/vec4 v00000000011bd520_0;
    %load/vec4 v00000000011bce40_0;
    %pad/u 7;
    %ix/vec4 3;
    %ix/load 4, 0, 0; Constant delay
    %assign/vec4/a/d v00000000011bc120, 0, 4;
T_6.0 ;
    %jmp T_6;
    .thread T_6;
    .scope S_000000000114c410;
T_7 ;
    %wait E_00000000011799e0;
    %load/vec4 v00000000011960e0_0;
    %dup/vec4;
    %pushi/vec4 0, 0, 3;
    %cmp/u;
    %jmp/1 T_7.0, 6;
    %dup/vec4;
    %pushi/vec4 1, 0, 3;
    %cmp/u;
    %jmp/1 T_7.1, 6;
    %dup/vec4;
    %pushi/vec4 2, 0, 3;
    %cmp/u;
    %jmp/1 T_7.2, 6;
    %dup/vec4;
    %pushi/vec4 6, 0, 3;
    %cmp/u;
    %jmp/1 T_7.3, 6;
    %dup/vec4;
    %pushi/vec4 7, 0, 3;
    %cmp/u;
    %jmp/1 T_7.4, 6;
    %pushi/vec4 0, 0, 32;
    %store/vec4 v0000000001196f40_0, 0, 32;
    %jmp T_7.6;
T_7.0 ;
    %load/vec4 v0000000001196180_0;
    %load/vec4 v00000000011962c0_0;
    %and;
    %store/vec4 v0000000001196f40_0, 0, 32;
    %jmp T_7.6;
T_7.1 ;
    %load/vec4 v0000000001196180_0;
    %load/vec4 v00000000011962c0_0;
    %or;
    %store/vec4 v0000000001196f40_0, 0, 32;
    %jmp T_7.6;
T_7.2 ;
    %load/vec4 v0000000001196180_0;
    %load/vec4 v00000000011962c0_0;
    %add;
    %store/vec4 v0000000001196f40_0, 0, 32;
    %jmp T_7.6;
T_7.3 ;
    %load/vec4 v0000000001196180_0;
    %load/vec4 v00000000011962c0_0;
    %sub;
    %store/vec4 v0000000001196f40_0, 0, 32;
    %jmp T_7.6;
T_7.4 ;
    %load/vec4 v0000000001196180_0;
    %load/vec4 v00000000011962c0_0;
    %cmp/s;
    %flag_mov 8, 5;
    %jmp/0 T_7.7, 8;
    %pushi/vec4 1, 0, 32;
    %jmp/1 T_7.8, 8;
T_7.7 ; End of true expr.
    %pushi/vec4 0, 0, 32;
    %jmp/0 T_7.8, 8;
 ; End of false expr.
    %blend;
T_7.8;
    %store/vec4 v0000000001196f40_0, 0, 32;
    %jmp T_7.6;
T_7.6 ;
    %pop/vec4 1;
    %jmp T_7;
    .thread T_7, $push;
    .scope S_000000000114c5a0;
T_8 ;
    %wait E_0000000001179aa0;
    %load/vec4 v00000000011965e0_0;
    %flag_set/vec4 8;
    %jmp/0xz  T_8.0, 8;
    %load/vec4 v0000000001196b80_0;
    %load/vec4 v00000000011971c0_0;
    %parti/s 30, 2, 3;
    %ix/vec4 3;
    %ix/load 4, 0, 0; Constant delay
    %assign/vec4/a/d v0000000001196400, 0, 4;
T_8.0 ;
    %jmp T_8;
    .thread T_8;
    .scope S_0000000001151e40;
T_9 ;
    %wait E_0000000001179ae0;
    %load/vec4 v0000000001610d00_0;
    %nor/r;
    %flag_set/vec4 8;
    %jmp/0xz  T_9.0, 8;
    %pushi/vec4 0, 0, 32;
    %assign/vec4 v000000000160fdd0_0, 0;
    %pushi/vec4 0, 0, 32;
    %assign/vec4 v000000000160e4d0_0, 0;
    %jmp T_9.1;
T_9.0 ;
    %load/vec4 v00000000016115c0_0;
    %nor/r;
    %flag_set/vec4 8;
    %jmp/0xz  T_9.2, 8;
    %load/vec4 v000000000160f3d0_0;
    %flag_set/vec4 8;
    %jmp/0xz  T_9.4, 8;
    %pushi/vec4 0, 0, 32;
    %assign/vec4 v000000000160fdd0_0, 0;
    %pushi/vec4 0, 0, 32;
    %assign/vec4 v000000000160e4d0_0, 0;
    %jmp T_9.5;
T_9.4 ;
    %load/vec4 v000000000160e1b0_0;
    %assign/vec4 v000000000160fdd0_0, 0;
    %load/vec4 v000000000160f150_0;
    %assign/vec4 v000000000160e4d0_0, 0;
T_9.5 ;
T_9.2 ;
T_9.1 ;
    %jmp T_9;
    .thread T_9;
    .scope S_0000000001151e40;
T_10 ;
    %wait E_0000000001179ae0;
    %load/vec4 v0000000001610d00_0;
    %nor/r;
    %flag_set/vec4 8;
    %load/vec4 v000000000160fc90_0;
    %flag_set/vec4 9;
    %flag_or 9, 8;
    %jmp/0xz  T_10.0, 9;
    %pushi/vec4 0, 0, 5;
    %split/vec4 1;
    %assign/vec4 v00000000016117a0_0, 0;
    %split/vec4 1;
    %assign/vec4 v000000000160ec50_0, 0;
    %split/vec4 1;
    %assign/vec4 v000000000160f010_0, 0;
    %split/vec4 1;
    %assign/vec4 v000000000160ee30_0, 0;
    %assign/vec4 v0000000001611840_0, 0;
    %pushi/vec4 0, 0, 3;
    %assign/vec4 v000000000160e930_0, 0;
    %pushi/vec4 0, 0, 128;
    %split/vec4 32;
    %assign/vec4 v000000000160f0b0_0, 0;
    %split/vec4 32;
    %assign/vec4 v00000000016106c0_0, 0;
    %split/vec4 32;
    %assign/vec4 v000000000160f650_0, 0;
    %assign/vec4 v000000000160f470_0, 0;
    %pushi/vec4 0, 0, 15;
    %split/vec4 5;
    %assign/vec4 v000000000160f970_0, 0;
    %split/vec4 5;
    %assign/vec4 v0000000001610760_0, 0;
    %assign/vec4 v0000000001610120_0, 0;
    %jmp T_10.1;
T_10.0 ;
    %load/vec4 v0000000001611660_0;
    %assign/vec4 v0000000001611840_0, 0;
    %load/vec4 v000000000160e250_0;
    %assign/vec4 v000000000160ee30_0, 0;
    %load/vec4 v000000000160f830_0;
    %assign/vec4 v000000000160f010_0, 0;
    %load/vec4 v000000000160ffb0_0;
    %assign/vec4 v000000000160e930_0, 0;
    %load/vec4 v000000000160ecf0_0;
    %assign/vec4 v000000000160ec50_0, 0;
    %load/vec4 v0000000001610a80_0;
    %assign/vec4 v00000000016117a0_0, 0;
    %load/vec4 v000000000160f290_0;
    %assign/vec4 v000000000160f470_0, 0;
    %load/vec4 v000000000160f510_0;
    %assign/vec4 v000000000160f650_0, 0;
    %load/vec4 v0000000001611e80_0;
    %assign/vec4 v00000000016106c0_0, 0;
    %load/vec4 v000000000160e4d0_0;
    %assign/vec4 v000000000160f0b0_0, 0;
    %load/vec4 v0000000001611a20_0;
    %assign/vec4 v0000000001610120_0, 0;
    %load/vec4 v0000000001611fc0_0;
    %assign/vec4 v0000000001610760_0, 0;
    %load/vec4 v000000000160e9d0_0;
    %parti/s 5, 11, 5;
    %assign/vec4 v000000000160f970_0, 0;
T_10.1 ;
    %jmp T_10;
    .thread T_10;
    .scope S_0000000001151e40;
T_11 ;
    %wait E_0000000001179ae0;
    %load/vec4 v0000000001610d00_0;
    %nor/r;
    %flag_set/vec4 8;
    %jmp/0xz  T_11.0, 8;
    %pushi/vec4 0, 0, 3;
    %split/vec4 1;
    %assign/vec4 v000000000160f6f0_0, 0;
    %split/vec4 1;
    %assign/vec4 v000000000160ef70_0, 0;
    %assign/vec4 v0000000001611520_0, 0;
    %pushi/vec4 0, 0, 64;
    %split/vec4 32;
    %assign/vec4 v00000000016109e0_0, 0;
    %assign/vec4 v000000000160fe70_0, 0;
    %pushi/vec4 0, 0, 5;
    %assign/vec4 v0000000001611160_0, 0;
    %jmp T_11.1;
T_11.0 ;
    %load/vec4 v0000000001611840_0;
    %assign/vec4 v0000000001611520_0, 0;
    %load/vec4 v000000000160ee30_0;
    %assign/vec4 v000000000160ef70_0, 0;
    %load/vec4 v000000000160f010_0;
    %assign/vec4 v000000000160f6f0_0, 0;
    %load/vec4 v000000000160e750_0;
    %assign/vec4 v000000000160fe70_0, 0;
    %load/vec4 v00000000016118e0_0;
    %assign/vec4 v00000000016109e0_0, 0;
    %load/vec4 v0000000001611700_0;
    %assign/vec4 v0000000001611160_0, 0;
T_11.1 ;
    %jmp T_11;
    .thread T_11;
    .scope S_0000000001151e40;
T_12 ;
    %wait E_0000000001179ae0;
    %load/vec4 v0000000001610d00_0;
    %nor/r;
    %flag_set/vec4 8;
    %jmp/0xz  T_12.0, 8;
    %pushi/vec4 0, 0, 1;
    %assign/vec4 v0000000001610620_0, 0;
    %pushi/vec4 0, 0, 1;
    %assign/vec4 v000000000160e430_0, 0;
    %pushi/vec4 0, 0, 32;
    %assign/vec4 v000000000160fb50_0, 0;
    %pushi/vec4 0, 0, 32;
    %assign/vec4 v000000000160eb10_0, 0;
    %pushi/vec4 0, 0, 5;
    %assign/vec4 v0000000001610260_0, 0;
    %jmp T_12.1;
T_12.0 ;
    %load/vec4 v0000000001611520_0;
    %assign/vec4 v0000000001610620_0, 0;
    %load/vec4 v000000000160ef70_0;
    %assign/vec4 v000000000160e430_0, 0;
    %load/vec4 v000000000160fab0_0;
    %assign/vec4 v000000000160fb50_0, 0;
    %load/vec4 v000000000160fe70_0;
    %assign/vec4 v000000000160eb10_0, 0;
    %load/vec4 v0000000001611160_0;
    %assign/vec4 v0000000001610260_0, 0;
T_12.1 ;
    %jmp T_12;
    .thread T_12;
    .scope S_0000000001199ba0;
T_13 ;
    %pushi/vec4 0, 0, 1;
    %store/vec4 v0000000001617230_0, 0, 1;
T_13.0 ;
    %delay 5000, 0;
    %load/vec4 v0000000001617230_0;
    %inv;
    %store/vec4 v0000000001617230_0, 0, 1;
    %jmp T_13.0;
    %end;
    .thread T_13;
    .scope S_0000000001199ba0;
T_14 ;
    %vpi_call 2 26 "$dumpfile", "mips.vcd" {0 0 0};
    %vpi_call 2 27 "$dumpvars", 32'sb00000000000000000000000000000000, S_0000000001199ba0 {0 0 0};
    %end;
    .thread T_14;
    .scope S_0000000001199ba0;
T_15 ;
    %pushi/vec4 0, 0, 1;
    %store/vec4 v00000000016175f0_0, 0, 1;
    %delay 10000, 0;
    %pushi/vec4 1, 0, 1;
    %store/vec4 v00000000016175f0_0, 0, 1;
    %vpi_call 2 35 "$display", "===========================================" {0 0 0};
    %vpi_call 2 36 "$display", "   Assignment 4 Simulation Start           " {0 0 0};
    %vpi_call 2 37 "$display", "===========================================" {0 0 0};
    %pushi/vec4 40, 0, 32;
T_15.0 %dup/vec4;
    %pushi/vec4 0, 0, 32;
    %cmp/s;
    %jmp/1xz T_15.1, 5;
    %jmp/1 T_15.1, 4;
    %pushi/vec4 1, 0, 32;
    %sub;
    %wait E_0000000001179f20;
    %delay 1000, 0;
    %vpi_call 2 42 "$display", "PC: 0x%08h | $t0=%0d | $t1=%0d | $t2=0x%08h", v0000000001617e10_0, v0000000001617a50_0, v00000000016174b0_0, v0000000001616970_0 {0 0 0};
    %jmp T_15.0;
T_15.1 ;
    %pop/vec4 1;
    %vpi_call 2 46 "$display", "===========================================" {0 0 0};
    %vpi_call 2 47 "$display", "   Verification                            " {0 0 0};
    %vpi_call 2 48 "$display", "===========================================" {0 0 0};
    %load/vec4 v0000000001617a50_0;
    %cmpi/e 10, 0, 32;
    %jmp/0xz  T_15.2, 4;
    %vpi_call 2 50 "$display", "PASS: $t0 = 10" {0 0 0};
    %jmp T_15.3;
T_15.2 ;
    %vpi_call 2 52 "$display", "FAIL: $t0 = %0d (expected 10)", v0000000001617a50_0 {0 0 0};
T_15.3 ;
    %load/vec4 v00000000016174b0_0;
    %cmpi/e 5, 0, 32;
    %jmp/0xz  T_15.4, 4;
    %vpi_call 2 55 "$display", "PASS: $t1 = 5" {0 0 0};
    %jmp T_15.5;
T_15.4 ;
    %vpi_call 2 57 "$display", "FAIL: $t1 = %0d (expected 5)", v00000000016174b0_0 {0 0 0};
T_15.5 ;
    %load/vec4 v0000000001616970_0;
    %cmpi/ne 153, 0, 32;
    %jmp/0xz  T_15.6, 6;
    %vpi_call 2 60 "$display", "PASS: $t2 != 0x99 (actual 0x%08h, never executed addi)", v0000000001616970_0 {0 0 0};
    %jmp T_15.7;
T_15.6 ;
    %vpi_call 2 62 "$display", "FAIL: $t2 became 0x99" {0 0 0};
T_15.7 ;
    %vpi_call 2 64 "$display", "===========================================" {0 0 0};
    %vpi_call 2 65 "$finish" {0 0 0};
    %end;
    .thread T_15;
# The file index is used to find the file name in the following table.
:file_names 14;
    "N/A";
    "<interactive>";
    "mips_tb.v";
    "mips.v";
    "control_unit.v";
    "alu_decoder.v";
    "main_decoder.v";
    "datapath.v";
    "alu.v";
    "data_memory.v";
    "instruction_memory.v";
    "pc.v";
    "reg_file.v";
    "hazard_unit.v";
